
 RUN  v4.1.11 /home/eliezer/Escritorio/dominuslabs
      Coverage enabled with v8

 ✓ src/test/services/api.test.ts (6 tests) 7ms
 ✓ test-integration/project-hub/frontend/src/test/services/api.test.ts (6 tests) 8ms

 Test Files  2 passed (2)
      Tests  12 passed (12)
   Start at  01:04:21
   Duration  1.59s (transform 262ms, setup 0ms, import 351ms, tests 15ms, environment 2.08s)

 % Coverage report from v8
-------------------|---------|----------|---------|---------|-------------------
File               | % Stmts | % Branch | % Funcs | % Lines | Uncovered Line #s 
-------------------|---------|----------|---------|---------|-------------------
All files          |    4.89 |     5.97 |    2.89 |    5.31 |                   
 src/services      |    5.02 |     5.57 |     2.7 |     5.5 |                   
  api.ts           |    5.02 |     5.57 |     2.7 |     5.5 | ...97-805,809-815 
 ...d/src/services |    4.73 |     6.42 |    3.12 |    5.09 |                   
  api.ts           |    4.73 |     6.42 |    3.12 |    5.09 | ...90-209,219-646 
-------------------|---------|----------|---------|---------|-------------------
