<?xml version="1.0" encoding="UTF-8"?>
<coverage generated="1788012269115" clover="3.2.0">
  <project timestamp="1788012269116" name="All files">
    <metrics statements="81" coveredstatements="81" conditionals="56" coveredconditionals="53" methods="27" coveredmethods="27" elements="164" coveredelements="161" complexity="0" loc="81" ncloc="81" packages="1" files="1" classes="1"/>
    <file name="OrderManagerView.tsx" path="/app/src/pages/OrderManagerView.tsx">
      <metrics statements="81" coveredstatements="81" conditionals="56" coveredconditionals="53" methods="27" coveredmethods="27"/>
      <line num="16" count="1" type="cond" truecount="1" falsecount="1"/>
      <line num="35" count="48" type="stmt"/>
      <line num="36" count="48" type="stmt"/>
      <line num="38" count="48" type="stmt"/>
      <line num="39" count="16" type="stmt"/>
      <line num="42" count="16" type="stmt"/>
      <line num="43" count="17" type="stmt"/>
      <line num="44" count="17" type="stmt"/>
      <line num="45" count="17" type="stmt"/>
      <line num="48" count="17" type="stmt"/>
      <line num="50" count="17" type="stmt"/>
      <line num="51" count="1" type="stmt"/>
      <line num="52" count="1" type="stmt"/>
      <line num="55" count="17" type="stmt"/>
      <line num="56" count="15" type="stmt"/>
      <line num="57" count="15" type="stmt"/>
      <line num="58" count="15" type="cond" truecount="4" falsecount="0"/>
      <line num="59" count="12" type="stmt"/>
      <line num="62" count="2" type="stmt"/>
      <line num="66" count="17" type="stmt"/>
      <line num="67" count="1" type="stmt"/>
      <line num="68" count="1" type="stmt"/>
      <line num="69" count="1" type="stmt"/>
      <line num="71" count="1" type="stmt"/>
      <line num="74" count="1" type="stmt"/>
      <line num="75" count="1" type="stmt"/>
      <line num="79" count="16" type="stmt"/>
      <line num="81" count="16" type="stmt"/>
      <line num="82" count="16" type="stmt"/>
      <line num="83" count="16" type="cond" truecount="2" falsecount="0"/>
      <line num="84" count="15" type="stmt"/>
      <line num="89" count="48" type="stmt"/>
      <line num="93" count="48" type="stmt"/>
      <line num="94" count="48" type="stmt"/>
      <line num="96" count="48" type="stmt"/>
      <line num="98" count="29" type="stmt"/>
      <line num="99" count="15" type="cond" truecount="4" falsecount="0"/>
      <line num="100" count="8" type="stmt"/>
      <line num="105" count="29" type="stmt"/>
      <line num="106" count="11" type="stmt"/>
      <line num="107" count="10" type="cond" truecount="4" falsecount="0"/>
      <line num="108" count="1" type="stmt"/>
      <line num="114" count="48" type="stmt"/>
      <line num="115" count="8" type="stmt"/>
      <line num="116" count="8" type="stmt"/>
      <line num="118" count="8" type="stmt"/>
      <line num="119" count="56" type="cond" truecount="4" falsecount="0"/>
      <line num="120" count="43" type="stmt"/>
      <line num="121" count="43" type="stmt"/>
      <line num="122" count="43" type="stmt"/>
      <line num="123" count="43" type="stmt"/>
      <line num="125" count="13" type="stmt"/>
      <line num="130" count="8" type="stmt"/>
      <line num="133" count="8" type="stmt"/>
      <line num="134" count="48" type="stmt"/>
      <line num="138" count="8" type="stmt"/>
      <line num="139" count="4" type="stmt"/>
      <line num="140" count="4" type="stmt"/>
      <line num="143" count="8" type="stmt"/>
      <line num="146" count="48" type="stmt"/>
      <line num="147" count="8" type="stmt"/>
      <line num="148" count="8" type="cond" truecount="1" falsecount="1"/>
      <line num="149" count="8" type="stmt"/>
      <line num="150" count="8" type="stmt"/>
      <line num="151" count="8" type="stmt"/>
      <line num="153" count="8" type="cond" truecount="4" falsecount="0"/>
      <line num="154" count="6" type="stmt"/>
      <line num="160" count="48" type="stmt"/>
      <line num="161" count="16" type="stmt"/>
      <line num="162" count="16" type="stmt"/>
      <line num="163" count="16" type="cond" truecount="4" falsecount="0"/>
      <line num="164" count="14" type="stmt"/>
      <line num="169" count="48" type="stmt"/>
      <line num="170" count="1" type="stmt"/>
      <line num="172" count="1" type="stmt"/>
      <line num="173" count="1" type="cond" truecount="1" falsecount="1"/>
      <line num="176" count="1" type="stmt"/>
      <line num="180" count="48" type="stmt"/>
      <line num="207" count="15" type="stmt"/>
      <line num="251" count="5" type="stmt"/>
      <line num="267" count="1" type="stmt"/>
    </file>
  </project>
</coverage>
