{"/app/src/components/ProgressBar.tsx": {"path":"/app/src/components/ProgressBar.tsx","statementMap":{"0":{"start":{"line":9,"column":26},"end":{"line":9,"column":null}},"1":{"start":{"line":11,"column":2},"end":{"line":32,"column":null}}},"fnMap":{"0":{"name":"ProgressBar","decl":{"start":{"line":8,"column":24},"end":{"line":8,"column":36}},"loc":{"start":{"line":8,"column":72},"end":{"line":34,"column":null}},"line":8}},"branchMap":{},"s":{"0":3,"1":3},"f":{"0":3},"b":{},"meta":{"lastBranch":0,"lastFunction":1,"lastStatement":2,"seen":{"f:8:24:8:36":0,"s:9:26:9:Infinity":0,"s:11:2:32:Infinity":1},"fnNames":{}}}
,"/app/src/services/api.ts": {"path":"/app/src/services/api.ts","statementMap":{"0":{"start":{"line":1,"column":38},"end":{"line":13,"column":null}},"1":{"start":{"line":2,"column":19},"end":{"line":2,"column":null}},"2":{"start":{"line":3,"column":2},"end":{"line":5,"column":null}},"3":{"start":{"line":4,"column":4},"end":{"line":4,"column":null}},"4":{"start":{"line":7,"column":2},"end":{"line":9,"column":null}},"5":{"start":{"line":8,"column":4},"end":{"line":8,"column":null}},"6":{"start":{"line":12,"column":2},"end":{"line":12,"column":null}},"7":{"start":{"line":15,"column":24},"end":{"line":15,"column":null}},"8":{"start":{"line":18,"column":42},"end":{"line":18,"column":null}},"9":{"start":{"line":19,"column":2},"end":{"line":21,"column":null}},"10":{"start":{"line":20,"column":4},"end":{"line":20,"column":null}},"11":{"start":{"line":22,"column":16},"end":{"line":22,"column":null}},"12":{"start":{"line":23,"column":2},"end":{"line":25,"column":null}},"13":{"start":{"line":24,"column":4},"end":{"line":24,"column":null}},"14":{"start":{"line":26,"column":2},"end":{"line":26,"column":null}},"15":{"start":{"line":34,"column":16},"end":{"line":34,"column":null}},"16":{"start":{"line":35,"column":2},"end":{"line":42,"column":null}},"17":{"start":{"line":36,"column":4},"end":{"line":36,"column":null}},"18":{"start":{"line":37,"column":4},"end":{"line":37,"column":null}},"19":{"start":{"line":38,"column":4},"end":{"line":40,"column":null}},"20":{"start":{"line":39,"column":6},"end":{"line":39,"column":null}},"21":{"start":{"line":41,"column":4},"end":{"line":41,"column":null}},"22":{"start":{"line":44,"column":24},"end":{"line":47,"column":null}},"23":{"start":{"line":50,"column":2},"end":{"line":50,"column":null}},"24":{"start":{"line":52,"column":17},"end":{"line":55,"column":null}},"25":{"start":{"line":57,"column":2},"end":{"line":111,"column":null}},"26":{"start":{"line":58,"column":30},"end":{"line":58,"column":null}},"27":{"start":{"line":59,"column":25},"end":{"line":59,"column":null}},"28":{"start":{"line":60,"column":4},"end":{"line":97,"column":null}},"29":{"start":{"line":61,"column":6},"end":{"line":96,"column":null}},"30":{"start":{"line":62,"column":27},"end":{"line":66,"column":null}},"31":{"start":{"line":68,"column":8},"end":{"line":93,"column":null}},"32":{"start":{"line":69,"column":30},"end":{"line":69,"column":null}},"33":{"start":{"line":70,"column":10},"end":{"line":92,"column":null}},"34":{"start":{"line":71,"column":12},"end":{"line":71,"column":null}},"35":{"start":{"line":72,"column":12},"end":{"line":74,"column":null}},"36":{"start":{"line":73,"column":14},"end":{"line":73,"column":null}},"37":{"start":{"line":75,"column":12},"end":{"line":77,"column":null}},"38":{"start":{"line":76,"column":14},"end":{"line":76,"column":null}},"39":{"start":{"line":79,"column":12},"end":{"line":79,"column":null}},"40":{"start":{"line":80,"column":12},"end":{"line":80,"column":null}},"41":{"start":{"line":83,"column":12},"end":{"line":83,"column":null}},"42":{"start":{"line":84,"column":12},"end":{"line":87,"column":null}},"43":{"start":{"line":91,"column":12},"end":{"line":91,"column":null}},"44":{"start":{"line":95,"column":8},"end":{"line":95,"column":null}},"45":{"start":{"line":100,"column":4},"end":{"line":102,"column":null}},"46":{"start":{"line":101,"column":6},"end":{"line":101,"column":null}},"47":{"start":{"line":104,"column":4},"end":{"line":104,"column":null}},"48":{"start":{"line":105,"column":4},"end":{"line":105,"column":null}},"49":{"start":{"line":106,"column":4},"end":{"line":106,"column":null}},"50":{"start":{"line":107,"column":4},"end":{"line":109,"column":null}},"51":{"start":{"line":108,"column":6},"end":{"line":108,"column":null}},"52":{"start":{"line":110,"column":4},"end":{"line":110,"column":null}},"53":{"start":{"line":113,"column":2},"end":{"line":113,"column":null}},"54":{"start":{"line":120,"column":29},"end":{"line":120,"column":null}},"55":{"start":{"line":123,"column":2},"end":{"line":130,"column":null}},"56":{"start":{"line":124,"column":18},"end":{"line":124,"column":null}},"57":{"start":{"line":125,"column":4},"end":{"line":125,"column":null}},"58":{"start":{"line":125,"column":28},"end":{"line":125,"column":null}},"59":{"start":{"line":126,"column":20},"end":{"line":126,"column":null}},"60":{"start":{"line":127,"column":4},"end":{"line":127,"column":null}},"61":{"start":{"line":129,"column":4},"end":{"line":129,"column":null}},"62":{"start":{"line":134,"column":2},"end":{"line":134,"column":null}},"63":{"start":{"line":135,"column":2},"end":{"line":135,"column":null}},"64":{"start":{"line":136,"column":2},"end":{"line":136,"column":null}},"65":{"start":{"line":137,"column":2},"end":{"line":139,"column":null}},"66":{"start":{"line":138,"column":4},"end":{"line":138,"column":null}},"67":{"start":{"line":143,"column":23},"end":{"line":143,"column":null}},"68":{"start":{"line":144,"column":2},"end":{"line":147,"column":null}},"69":{"start":{"line":145,"column":4},"end":{"line":145,"column":null}},"70":{"start":{"line":146,"column":4},"end":{"line":146,"column":null}},"71":{"start":{"line":149,"column":2},"end":{"line":177,"column":null}},"72":{"start":{"line":150,"column":16},"end":{"line":154,"column":null}},"73":{"start":{"line":156,"column":4},"end":{"line":174,"column":null}},"74":{"start":{"line":157,"column":19},"end":{"line":157,"column":null}},"75":{"start":{"line":158,"column":6},"end":{"line":170,"column":null}},"76":{"start":{"line":159,"column":8},"end":{"line":159,"column":null}},"77":{"start":{"line":160,"column":8},"end":{"line":162,"column":null}},"78":{"start":{"line":161,"column":10},"end":{"line":161,"column":null}},"79":{"start":{"line":163,"column":8},"end":{"line":165,"column":null}},"80":{"start":{"line":164,"column":10},"end":{"line":164,"column":null}},"81":{"start":{"line":166,"column":8},"end":{"line":166,"column":null}},"82":{"start":{"line":167,"column":8},"end":{"line":167,"column":null}},"83":{"start":{"line":168,"column":8},"end":{"line":168,"column":null}},"84":{"start":{"line":169,"column":8},"end":{"line":169,"column":null}},"85":{"start":{"line":171,"column":11},"end":{"line":174,"column":null}},"86":{"start":{"line":172,"column":6},"end":{"line":172,"column":null}},"87":{"start":{"line":173,"column":6},"end":{"line":173,"column":null}},"88":{"start":{"line":176,"column":4},"end":{"line":176,"column":null}},"89":{"start":{"line":178,"column":2},"end":{"line":178,"column":null}},"90":{"start":{"line":182,"column":2},"end":{"line":185,"column":null}},"91":{"start":{"line":183,"column":4},"end":{"line":183,"column":null}},"92":{"start":{"line":184,"column":4},"end":{"line":184,"column":null}},"93":{"start":{"line":187,"column":16},"end":{"line":187,"column":null}},"94":{"start":{"line":188,"column":2},"end":{"line":188,"column":null}},"95":{"start":{"line":188,"column":59},"end":{"line":188,"column":null}},"96":{"start":{"line":190,"column":14},"end":{"line":190,"column":null}},"97":{"start":{"line":191,"column":2},"end":{"line":191,"column":null}},"98":{"start":{"line":191,"column":12},"end":{"line":191,"column":null}},"99":{"start":{"line":193,"column":23},"end":{"line":193,"column":null}},"100":{"start":{"line":194,"column":27},"end":{"line":194,"column":null}},"101":{"start":{"line":196,"column":2},"end":{"line":199,"column":null}},"102":{"start":{"line":197,"column":4},"end":{"line":197,"column":null}},"103":{"start":{"line":198,"column":4},"end":{"line":198,"column":null}},"104":{"start":{"line":202,"column":26},"end":{"line":202,"column":null}},"105":{"start":{"line":203,"column":25},"end":{"line":203,"column":null}},"106":{"start":{"line":204,"column":18},"end":{"line":204,"column":null}},"107":{"start":{"line":206,"column":2},"end":{"line":206,"column":null}},"108":{"start":{"line":208,"column":2},"end":{"line":210,"column":null}},"109":{"start":{"line":209,"column":4},"end":{"line":209,"column":null}},"110":{"start":{"line":214,"column":0},"end":{"line":216,"column":null}},"111":{"start":{"line":215,"column":2},"end":{"line":215,"column":null}},"112":{"start":{"line":219,"column":14},"end":{"line":223,"column":null}},"113":{"start":{"line":224,"column":2},"end":{"line":227,"column":null}},"114":{"start":{"line":225,"column":22},"end":{"line":225,"column":null}},"115":{"start":{"line":225,"column":52},"end":{"line":225,"column":55}},"116":{"start":{"line":226,"column":4},"end":{"line":226,"column":null}},"117":{"start":{"line":228,"column":15},"end":{"line":228,"column":null}},"118":{"start":{"line":229,"column":2},"end":{"line":235,"column":null}},"119":{"start":{"line":230,"column":4},"end":{"line":230,"column":null}},"120":{"start":{"line":231,"column":4},"end":{"line":233,"column":null}},"121":{"start":{"line":232,"column":6},"end":{"line":232,"column":null}},"122":{"start":{"line":234,"column":4},"end":{"line":234,"column":null}},"123":{"start":{"line":236,"column":2},"end":{"line":236,"column":null}},"124":{"start":{"line":240,"column":14},"end":{"line":240,"column":null}},"125":{"start":{"line":241,"column":2},"end":{"line":241,"column":null}},"126":{"start":{"line":241,"column":15},"end":{"line":241,"column":null}},"127":{"start":{"line":242,"column":2},"end":{"line":242,"column":null}},"128":{"start":{"line":246,"column":14},"end":{"line":246,"column":null}},"129":{"start":{"line":247,"column":2},"end":{"line":247,"column":null}},"130":{"start":{"line":247,"column":15},"end":{"line":247,"column":null}},"131":{"start":{"line":248,"column":2},"end":{"line":248,"column":null}},"132":{"start":{"line":252,"column":14},"end":{"line":255,"column":null}},"133":{"start":{"line":256,"column":2},"end":{"line":256,"column":null}},"134":{"start":{"line":256,"column":15},"end":{"line":256,"column":null}},"135":{"start":{"line":257,"column":2},"end":{"line":257,"column":null}},"136":{"start":{"line":261,"column":14},"end":{"line":264,"column":null}},"137":{"start":{"line":265,"column":2},"end":{"line":265,"column":null}},"138":{"start":{"line":265,"column":15},"end":{"line":265,"column":null}},"139":{"start":{"line":266,"column":2},"end":{"line":266,"column":null}},"140":{"start":{"line":270,"column":14},"end":{"line":272,"column":null}},"141":{"start":{"line":273,"column":2},"end":{"line":276,"column":null}},"142":{"start":{"line":274,"column":22},"end":{"line":274,"column":null}},"143":{"start":{"line":274,"column":52},"end":{"line":274,"column":55}},"144":{"start":{"line":275,"column":4},"end":{"line":275,"column":null}},"145":{"start":{"line":277,"column":2},"end":{"line":277,"column":null}},"146":{"start":{"line":343,"column":19},"end":{"line":343,"column":null}},"147":{"start":{"line":344,"column":2},"end":{"line":344,"column":null}},"148":{"start":{"line":345,"column":2},"end":{"line":345,"column":null}},"149":{"start":{"line":346,"column":2},"end":{"line":346,"column":null}},"150":{"start":{"line":348,"column":16},"end":{"line":348,"column":null}},"151":{"start":{"line":349,"column":42},"end":{"line":349,"column":null}},"152":{"start":{"line":350,"column":2},"end":{"line":352,"column":null}},"153":{"start":{"line":351,"column":4},"end":{"line":351,"column":null}},"154":{"start":{"line":354,"column":14},"end":{"line":358,"column":null}},"155":{"start":{"line":360,"column":2},"end":{"line":363,"column":null}},"156":{"start":{"line":361,"column":22},"end":{"line":361,"column":null}},"157":{"start":{"line":361,"column":52},"end":{"line":361,"column":55}},"158":{"start":{"line":362,"column":4},"end":{"line":362,"column":null}},"159":{"start":{"line":364,"column":2},"end":{"line":364,"column":null}},"160":{"start":{"line":368,"column":14},"end":{"line":368,"column":null}},"161":{"start":{"line":369,"column":2},"end":{"line":369,"column":null}},"162":{"start":{"line":369,"column":15},"end":{"line":369,"column":null}},"163":{"start":{"line":370,"column":2},"end":{"line":370,"column":null}},"164":{"start":{"line":374,"column":14},"end":{"line":377,"column":null}},"165":{"start":{"line":378,"column":2},"end":{"line":381,"column":null}},"166":{"start":{"line":379,"column":20},"end":{"line":379,"column":null}},"167":{"start":{"line":379,"column":50},"end":{"line":379,"column":53}},"168":{"start":{"line":380,"column":4},"end":{"line":380,"column":null}},"169":{"start":{"line":382,"column":2},"end":{"line":382,"column":null}},"170":{"start":{"line":387,"column":14},"end":{"line":387,"column":null}},"171":{"start":{"line":388,"column":2},"end":{"line":388,"column":null}},"172":{"start":{"line":388,"column":15},"end":{"line":388,"column":null}},"173":{"start":{"line":389,"column":2},"end":{"line":389,"column":null}},"174":{"start":{"line":393,"column":14},"end":{"line":393,"column":null}},"175":{"start":{"line":394,"column":2},"end":{"line":394,"column":null}},"176":{"start":{"line":394,"column":15},"end":{"line":394,"column":null}},"177":{"start":{"line":395,"column":2},"end":{"line":395,"column":null}},"178":{"start":{"line":399,"column":14},"end":{"line":402,"column":null}},"179":{"start":{"line":403,"column":2},"end":{"line":403,"column":null}},"180":{"start":{"line":403,"column":15},"end":{"line":403,"column":null}},"181":{"start":{"line":404,"column":2},"end":{"line":404,"column":null}},"182":{"start":{"line":408,"column":14},"end":{"line":411,"column":null}},"183":{"start":{"line":412,"column":2},"end":{"line":412,"column":null}},"184":{"start":{"line":412,"column":15},"end":{"line":412,"column":null}},"185":{"start":{"line":413,"column":2},"end":{"line":413,"column":null}},"186":{"start":{"line":417,"column":14},"end":{"line":417,"column":null}},"187":{"start":{"line":418,"column":2},"end":{"line":418,"column":null}},"188":{"start":{"line":418,"column":15},"end":{"line":418,"column":null}},"189":{"start":{"line":419,"column":2},"end":{"line":419,"column":null}},"190":{"start":{"line":423,"column":19},"end":{"line":423,"column":null}},"191":{"start":{"line":424,"column":2},"end":{"line":424,"column":null}},"192":{"start":{"line":425,"column":2},"end":{"line":425,"column":null}},"193":{"start":{"line":427,"column":14},"end":{"line":434,"column":null}},"194":{"start":{"line":435,"column":2},"end":{"line":435,"column":null}},"195":{"start":{"line":435,"column":15},"end":{"line":435,"column":null}},"196":{"start":{"line":436,"column":2},"end":{"line":436,"column":null}},"197":{"start":{"line":440,"column":14},"end":{"line":440,"column":null}},"198":{"start":{"line":441,"column":2},"end":{"line":441,"column":null}},"199":{"start":{"line":441,"column":15},"end":{"line":441,"column":null}},"200":{"start":{"line":442,"column":2},"end":{"line":442,"column":null}},"201":{"start":{"line":446,"column":14},"end":{"line":446,"column":null}},"202":{"start":{"line":447,"column":2},"end":{"line":447,"column":null}},"203":{"start":{"line":447,"column":15},"end":{"line":447,"column":null}},"204":{"start":{"line":448,"column":2},"end":{"line":448,"column":null}},"205":{"start":{"line":460,"column":14},"end":{"line":464,"column":null}},"206":{"start":{"line":465,"column":2},"end":{"line":468,"column":null}},"207":{"start":{"line":466,"column":22},"end":{"line":466,"column":null}},"208":{"start":{"line":466,"column":52},"end":{"line":466,"column":55}},"209":{"start":{"line":467,"column":4},"end":{"line":467,"column":null}},"210":{"start":{"line":469,"column":2},"end":{"line":469,"column":null}},"211":{"start":{"line":473,"column":14},"end":{"line":473,"column":null}},"212":{"start":{"line":474,"column":2},"end":{"line":474,"column":null}},"213":{"start":{"line":474,"column":15},"end":{"line":474,"column":null}},"214":{"start":{"line":475,"column":2},"end":{"line":475,"column":null}},"215":{"start":{"line":480,"column":16},"end":{"line":480,"column":null}},"216":{"start":{"line":481,"column":2},"end":{"line":481,"column":null}},"217":{"start":{"line":481,"column":14},"end":{"line":481,"column":null}},"218":{"start":{"line":482,"column":2},"end":{"line":489,"column":null}},"219":{"start":{"line":483,"column":18},"end":{"line":483,"column":null}},"220":{"start":{"line":484,"column":4},"end":{"line":484,"column":null}},"221":{"start":{"line":484,"column":28},"end":{"line":484,"column":null}},"222":{"start":{"line":485,"column":20},"end":{"line":485,"column":null}},"223":{"start":{"line":486,"column":4},"end":{"line":486,"column":null}},"224":{"start":{"line":488,"column":4},"end":{"line":488,"column":null}},"225":{"start":{"line":493,"column":16},"end":{"line":493,"column":null}},"226":{"start":{"line":494,"column":2},"end":{"line":494,"column":null}},"227":{"start":{"line":494,"column":14},"end":{"line":494,"column":null}},"228":{"start":{"line":495,"column":2},"end":{"line":503,"column":null}},"229":{"start":{"line":496,"column":18},"end":{"line":496,"column":null}},"230":{"start":{"line":497,"column":4},"end":{"line":497,"column":null}},"231":{"start":{"line":497,"column":28},"end":{"line":497,"column":null}},"232":{"start":{"line":498,"column":20},"end":{"line":498,"column":null}},"233":{"start":{"line":499,"column":4},"end":{"line":499,"column":null}},"234":{"start":{"line":501,"column":4},"end":{"line":501,"column":null}},"235":{"start":{"line":502,"column":4},"end":{"line":502,"column":null}},"236":{"start":{"line":507,"column":14},"end":{"line":507,"column":null}},"237":{"start":{"line":508,"column":2},"end":{"line":508,"column":null}},"238":{"start":{"line":508,"column":15},"end":{"line":508,"column":null}},"239":{"start":{"line":509,"column":2},"end":{"line":509,"column":null}},"240":{"start":{"line":513,"column":14},"end":{"line":516,"column":null}},"241":{"start":{"line":517,"column":2},"end":{"line":520,"column":null}},"242":{"start":{"line":518,"column":20},"end":{"line":518,"column":null}},"243":{"start":{"line":518,"column":50},"end":{"line":518,"column":53}},"244":{"start":{"line":519,"column":4},"end":{"line":519,"column":null}},"245":{"start":{"line":521,"column":2},"end":{"line":521,"column":null}},"246":{"start":{"line":525,"column":14},"end":{"line":527,"column":null}},"247":{"start":{"line":528,"column":2},"end":{"line":531,"column":null}},"248":{"start":{"line":529,"column":20},"end":{"line":529,"column":null}},"249":{"start":{"line":529,"column":50},"end":{"line":529,"column":53}},"250":{"start":{"line":530,"column":4},"end":{"line":530,"column":null}},"251":{"start":{"line":532,"column":2},"end":{"line":532,"column":null}},"252":{"start":{"line":536,"column":14},"end":{"line":536,"column":null}},"253":{"start":{"line":537,"column":2},"end":{"line":540,"column":null}},"254":{"start":{"line":538,"column":20},"end":{"line":538,"column":null}},"255":{"start":{"line":538,"column":50},"end":{"line":538,"column":53}},"256":{"start":{"line":539,"column":4},"end":{"line":539,"column":null}},"257":{"start":{"line":541,"column":2},"end":{"line":541,"column":null}},"258":{"start":{"line":545,"column":14},"end":{"line":545,"column":null}},"259":{"start":{"line":546,"column":2},"end":{"line":549,"column":null}},"260":{"start":{"line":547,"column":20},"end":{"line":547,"column":null}},"261":{"start":{"line":547,"column":50},"end":{"line":547,"column":53}},"262":{"start":{"line":548,"column":4},"end":{"line":548,"column":null}},"263":{"start":{"line":550,"column":2},"end":{"line":550,"column":null}},"264":{"start":{"line":554,"column":14},"end":{"line":557,"column":null}},"265":{"start":{"line":558,"column":2},"end":{"line":561,"column":null}},"266":{"start":{"line":559,"column":20},"end":{"line":559,"column":null}},"267":{"start":{"line":559,"column":50},"end":{"line":559,"column":53}},"268":{"start":{"line":560,"column":4},"end":{"line":560,"column":null}},"269":{"start":{"line":562,"column":2},"end":{"line":562,"column":null}},"270":{"start":{"line":566,"column":14},"end":{"line":568,"column":null}},"271":{"start":{"line":569,"column":2},"end":{"line":572,"column":null}},"272":{"start":{"line":570,"column":20},"end":{"line":570,"column":null}},"273":{"start":{"line":570,"column":50},"end":{"line":570,"column":53}},"274":{"start":{"line":571,"column":4},"end":{"line":571,"column":null}},"275":{"start":{"line":573,"column":2},"end":{"line":573,"column":null}},"276":{"start":{"line":577,"column":14},"end":{"line":579,"column":null}},"277":{"start":{"line":580,"column":2},"end":{"line":583,"column":null}},"278":{"start":{"line":581,"column":20},"end":{"line":581,"column":null}},"279":{"start":{"line":581,"column":50},"end":{"line":581,"column":53}},"280":{"start":{"line":582,"column":4},"end":{"line":582,"column":null}},"281":{"start":{"line":584,"column":2},"end":{"line":584,"column":null}},"282":{"start":{"line":588,"column":14},"end":{"line":591,"column":null}},"283":{"start":{"line":592,"column":2},"end":{"line":595,"column":null}},"284":{"start":{"line":593,"column":20},"end":{"line":593,"column":null}},"285":{"start":{"line":593,"column":50},"end":{"line":593,"column":53}},"286":{"start":{"line":594,"column":4},"end":{"line":594,"column":null}},"287":{"start":{"line":596,"column":2},"end":{"line":596,"column":null}},"288":{"start":{"line":600,"column":14},"end":{"line":602,"column":null}},"289":{"start":{"line":603,"column":2},"end":{"line":606,"column":null}},"290":{"start":{"line":604,"column":20},"end":{"line":604,"column":null}},"291":{"start":{"line":604,"column":50},"end":{"line":604,"column":53}},"292":{"start":{"line":605,"column":4},"end":{"line":605,"column":null}},"293":{"start":{"line":607,"column":2},"end":{"line":607,"column":null}},"294":{"start":{"line":615,"column":14},"end":{"line":615,"column":null}},"295":{"start":{"line":616,"column":2},"end":{"line":616,"column":null}},"296":{"start":{"line":616,"column":15},"end":{"line":616,"column":null}},"297":{"start":{"line":617,"column":2},"end":{"line":617,"column":null}},"298":{"start":{"line":621,"column":14},"end":{"line":624,"column":null}},"299":{"start":{"line":625,"column":2},"end":{"line":628,"column":null}},"300":{"start":{"line":626,"column":20},"end":{"line":626,"column":null}},"301":{"start":{"line":626,"column":50},"end":{"line":626,"column":53}},"302":{"start":{"line":627,"column":4},"end":{"line":627,"column":null}},"303":{"start":{"line":629,"column":2},"end":{"line":629,"column":null}},"304":{"start":{"line":642,"column":14},"end":{"line":645,"column":null}},"305":{"start":{"line":646,"column":2},"end":{"line":649,"column":null}},"306":{"start":{"line":647,"column":20},"end":{"line":647,"column":null}},"307":{"start":{"line":647,"column":50},"end":{"line":647,"column":53}},"308":{"start":{"line":648,"column":4},"end":{"line":648,"column":null}},"309":{"start":{"line":650,"column":2},"end":{"line":650,"column":null}},"310":{"start":{"line":663,"column":14},"end":{"line":663,"column":null}},"311":{"start":{"line":664,"column":2},"end":{"line":664,"column":null}},"312":{"start":{"line":664,"column":15},"end":{"line":664,"column":null}},"313":{"start":{"line":665,"column":2},"end":{"line":665,"column":null}},"314":{"start":{"line":674,"column":14},"end":{"line":677,"column":null}},"315":{"start":{"line":678,"column":2},"end":{"line":681,"column":null}},"316":{"start":{"line":679,"column":20},"end":{"line":679,"column":null}},"317":{"start":{"line":679,"column":50},"end":{"line":679,"column":53}},"318":{"start":{"line":680,"column":4},"end":{"line":680,"column":null}},"319":{"start":{"line":682,"column":2},"end":{"line":682,"column":null}},"320":{"start":{"line":691,"column":14},"end":{"line":693,"column":null}},"321":{"start":{"line":694,"column":2},"end":{"line":697,"column":null}},"322":{"start":{"line":695,"column":20},"end":{"line":695,"column":null}},"323":{"start":{"line":695,"column":50},"end":{"line":695,"column":53}},"324":{"start":{"line":696,"column":4},"end":{"line":696,"column":null}},"325":{"start":{"line":698,"column":2},"end":{"line":698,"column":null}},"326":{"start":{"line":706,"column":14},"end":{"line":706,"column":null}},"327":{"start":{"line":707,"column":2},"end":{"line":707,"column":null}},"328":{"start":{"line":707,"column":15},"end":{"line":707,"column":null}},"329":{"start":{"line":708,"column":2},"end":{"line":708,"column":null}},"330":{"start":{"line":712,"column":14},"end":{"line":712,"column":null}},"331":{"start":{"line":713,"column":2},"end":{"line":713,"column":null}},"332":{"start":{"line":713,"column":15},"end":{"line":713,"column":null}},"333":{"start":{"line":714,"column":2},"end":{"line":714,"column":null}},"334":{"start":{"line":718,"column":16},"end":{"line":718,"column":null}},"335":{"start":{"line":719,"column":14},"end":{"line":719,"column":null}},"336":{"start":{"line":720,"column":2},"end":{"line":720,"column":null}},"337":{"start":{"line":720,"column":15},"end":{"line":720,"column":null}},"338":{"start":{"line":721,"column":2},"end":{"line":721,"column":null}},"339":{"start":{"line":730,"column":14},"end":{"line":738,"column":null}},"340":{"start":{"line":739,"column":2},"end":{"line":742,"column":null}},"341":{"start":{"line":740,"column":20},"end":{"line":740,"column":null}},"342":{"start":{"line":740,"column":50},"end":{"line":740,"column":53}},"343":{"start":{"line":741,"column":4},"end":{"line":741,"column":null}},"344":{"start":{"line":743,"column":2},"end":{"line":743,"column":null}},"345":{"start":{"line":757,"column":14},"end":{"line":760,"column":null}},"346":{"start":{"line":761,"column":2},"end":{"line":764,"column":null}},"347":{"start":{"line":762,"column":20},"end":{"line":762,"column":null}},"348":{"start":{"line":762,"column":50},"end":{"line":762,"column":53}},"349":{"start":{"line":763,"column":4},"end":{"line":763,"column":null}},"350":{"start":{"line":765,"column":2},"end":{"line":765,"column":null}},"351":{"start":{"line":774,"column":29},"end":{"line":782,"column":null}},"352":{"start":{"line":775,"column":18},"end":{"line":775,"column":null}},"353":{"start":{"line":776,"column":2},"end":{"line":776,"column":null}},"354":{"start":{"line":777,"column":19},"end":{"line":779,"column":null}},"355":{"start":{"line":780,"column":2},"end":{"line":780,"column":null}},"356":{"start":{"line":780,"column":20},"end":{"line":780,"column":null}},"357":{"start":{"line":781,"column":2},"end":{"line":781,"column":null}},"358":{"start":{"line":784,"column":29},"end":{"line":794,"column":null}},"359":{"start":{"line":785,"column":18},"end":{"line":785,"column":null}},"360":{"start":{"line":786,"column":2},"end":{"line":786,"column":null}},"361":{"start":{"line":787,"column":19},"end":{"line":791,"column":null}},"362":{"start":{"line":792,"column":2},"end":{"line":792,"column":null}},"363":{"start":{"line":792,"column":20},"end":{"line":792,"column":null}},"364":{"start":{"line":793,"column":2},"end":{"line":793,"column":null}},"365":{"start":{"line":796,"column":29},"end":{"line":806,"column":null}},"366":{"start":{"line":797,"column":18},"end":{"line":797,"column":null}},"367":{"start":{"line":798,"column":2},"end":{"line":798,"column":null}},"368":{"start":{"line":799,"column":19},"end":{"line":803,"column":null}},"369":{"start":{"line":804,"column":2},"end":{"line":804,"column":null}},"370":{"start":{"line":804,"column":20},"end":{"line":804,"column":null}},"371":{"start":{"line":805,"column":2},"end":{"line":805,"column":null}},"372":{"start":{"line":808,"column":29},"end":{"line":816,"column":null}},"373":{"start":{"line":809,"column":18},"end":{"line":809,"column":null}},"374":{"start":{"line":810,"column":2},"end":{"line":810,"column":null}},"375":{"start":{"line":811,"column":19},"end":{"line":814,"column":null}},"376":{"start":{"line":815,"column":2},"end":{"line":815,"column":null}},"377":{"start":{"line":815,"column":20},"end":{"line":815,"column":null}}},"fnMap":{"0":{"name":"(anonymous_0)","decl":{"start":{"line":1,"column":38},"end":{"line":1,"column":null}},"loc":{"start":{"line":1,"column":38},"end":{"line":13,"column":null}},"line":1},"1":{"name":"getHeaders","decl":{"start":{"line":17,"column":9},"end":{"line":17,"column":20}},"loc":{"start":{"line":17,"column":69},"end":{"line":27,"column":null}},"line":17},"2":{"name":"fetchWithAuth","decl":{"start":{"line":29,"column":22},"end":{"line":29,"column":null}},"loc":{"start":{"line":33,"column":2},"end":{"line":114,"column":null}},"line":33},"3":{"name":"decodeJwtExp","decl":{"start":{"line":122,"column":16},"end":{"line":122,"column":29}},"loc":{"start":{"line":122,"column":59},"end":{"line":131,"column":null}},"line":122},"4":{"name":"handleExpiredSessionRedirect","decl":{"start":{"line":133,"column":16},"end":{"line":133,"column":47}},"loc":{"start":{"line":133,"column":47},"end":{"line":140,"column":null}},"line":133},"5":{"name":"refreshAuthTokenPreventively","decl":{"start":{"line":142,"column":22},"end":{"line":142,"column":77}},"loc":{"start":{"line":142,"column":77},"end":{"line":179,"column":null}},"line":142},"6":{"name":"schedulePreventiveTokenRefresh","decl":{"start":{"line":181,"column":16},"end":{"line":181,"column":49}},"loc":{"start":{"line":181,"column":49},"end":{"line":211,"column":null}},"line":181},"7":{"name":"(anonymous_7)","decl":{"start":{"line":208,"column":22},"end":{"line":208,"column":39}},"loc":{"start":{"line":208,"column":39},"end":{"line":210,"column":5}},"line":208},"8":{"name":"loginUser","decl":{"start":{"line":218,"column":22},"end":{"line":218,"column":32}},"loc":{"start":{"line":218,"column":68},"end":{"line":237,"column":null}},"line":218},"9":{"name":"(anonymous_9)","decl":{"start":{"line":225,"column":39},"end":{"line":225,"column":52}},"loc":{"start":{"line":225,"column":52},"end":{"line":225,"column":55}},"line":225},"10":{"name":"fetchProjects","decl":{"start":{"line":239,"column":22},"end":{"line":239,"column":38}},"loc":{"start":{"line":239,"column":38},"end":{"line":243,"column":null}},"line":239},"11":{"name":"fetchProject","decl":{"start":{"line":245,"column":22},"end":{"line":245,"column":35}},"loc":{"start":{"line":245,"column":56},"end":{"line":249,"column":null}},"line":245},"12":{"name":"createProject","decl":{"start":{"line":251,"column":22},"end":{"line":251,"column":36}},"loc":{"start":{"line":251,"column":47},"end":{"line":258,"column":null}},"line":251},"13":{"name":"updateProject","decl":{"start":{"line":260,"column":22},"end":{"line":260,"column":36}},"loc":{"start":{"line":260,"column":68},"end":{"line":267,"column":null}},"line":260},"14":{"name":"deleteProject","decl":{"start":{"line":269,"column":22},"end":{"line":269,"column":36}},"loc":{"start":{"line":269,"column":57},"end":{"line":278,"column":null}},"line":269},"15":{"name":"(anonymous_15)","decl":{"start":{"line":274,"column":39},"end":{"line":274,"column":52}},"loc":{"start":{"line":274,"column":52},"end":{"line":274,"column":55}},"line":274},"16":{"name":"uploadProductMedia","decl":{"start":{"line":342,"column":22},"end":{"line":342,"column":41}},"loc":{"start":{"line":342,"column":102},"end":{"line":365,"column":null}},"line":342},"17":{"name":"(anonymous_17)","decl":{"start":{"line":361,"column":39},"end":{"line":361,"column":52}},"loc":{"start":{"line":361,"column":52},"end":{"line":361,"column":55}},"line":361},"18":{"name":"fetchCompanySettings","decl":{"start":{"line":367,"column":22},"end":{"line":367,"column":43}},"loc":{"start":{"line":367,"column":99},"end":{"line":371,"column":null}},"line":367},"19":{"name":"updateCompanySettings","decl":{"start":{"line":373,"column":22},"end":{"line":373,"column":44}},"loc":{"start":{"line":373,"column":127},"end":{"line":383,"column":null}},"line":373},"20":{"name":"(anonymous_20)","decl":{"start":{"line":379,"column":37},"end":{"line":379,"column":50}},"loc":{"start":{"line":379,"column":50},"end":{"line":379,"column":53}},"line":379},"21":{"name":"fetchPublicProject","decl":{"start":{"line":385,"column":22},"end":{"line":385,"column":41}},"loc":{"start":{"line":385,"column":62},"end":{"line":390,"column":null}},"line":385},"22":{"name":"fetchTasks","decl":{"start":{"line":392,"column":22},"end":{"line":392,"column":33}},"loc":{"start":{"line":392,"column":61},"end":{"line":396,"column":null}},"line":392},"23":{"name":"createTask","decl":{"start":{"line":398,"column":22},"end":{"line":398,"column":33}},"loc":{"start":{"line":398,"column":72},"end":{"line":405,"column":null}},"line":398},"24":{"name":"updateTask","decl":{"start":{"line":407,"column":22},"end":{"line":407,"column":33}},"loc":{"start":{"line":407,"column":69},"end":{"line":414,"column":null}},"line":407},"25":{"name":"fetchAssets","decl":{"start":{"line":416,"column":22},"end":{"line":416,"column":34}},"loc":{"start":{"line":416,"column":62},"end":{"line":420,"column":null}},"line":416},"26":{"name":"uploadAsset","decl":{"start":{"line":422,"column":22},"end":{"line":422,"column":34}},"loc":{"start":{"line":422,"column":74},"end":{"line":437,"column":null}},"line":422},"27":{"name":"fetchCommits","decl":{"start":{"line":439,"column":22},"end":{"line":439,"column":35}},"loc":{"start":{"line":439,"column":63},"end":{"line":443,"column":null}},"line":439},"28":{"name":"fetchDeploys","decl":{"start":{"line":445,"column":22},"end":{"line":445,"column":35}},"loc":{"start":{"line":445,"column":63},"end":{"line":449,"column":null}},"line":445},"29":{"name":"submitFeedback","decl":{"start":{"line":451,"column":22},"end":{"line":451,"column":37}},"loc":{"start":{"line":459,"column":3},"end":{"line":470,"column":null}},"line":459},"30":{"name":"(anonymous_30)","decl":{"start":{"line":466,"column":39},"end":{"line":466,"column":52}},"loc":{"start":{"line":466,"column":52},"end":{"line":466,"column":55}},"line":466},"31":{"name":"fetchShowcaseData","decl":{"start":{"line":472,"column":22},"end":{"line":472,"column":42}},"loc":{"start":{"line":472,"column":42},"end":{"line":476,"column":null}},"line":472},"32":{"name":"getUserTenant","decl":{"start":{"line":479,"column":16},"end":{"line":479,"column":40}},"loc":{"start":{"line":479,"column":40},"end":{"line":490,"column":null}},"line":479},"33":{"name":"getUserRole","decl":{"start":{"line":492,"column":16},"end":{"line":492,"column":38}},"loc":{"start":{"line":492,"column":38},"end":{"line":504,"column":null}},"line":492},"34":{"name":"fetchWhatsappSessions","decl":{"start":{"line":506,"column":22},"end":{"line":506,"column":46}},"loc":{"start":{"line":506,"column":46},"end":{"line":510,"column":null}},"line":506},"35":{"name":"createWhatsappSession","decl":{"start":{"line":512,"column":22},"end":{"line":512,"column":44}},"loc":{"start":{"line":512,"column":58},"end":{"line":522,"column":null}},"line":512},"36":{"name":"(anonymous_36)","decl":{"start":{"line":518,"column":37},"end":{"line":518,"column":50}},"loc":{"start":{"line":518,"column":50},"end":{"line":518,"column":53}},"line":518},"37":{"name":"connectWhatsappSession","decl":{"start":{"line":524,"column":22},"end":{"line":524,"column":45}},"loc":{"start":{"line":524,"column":64},"end":{"line":533,"column":null}},"line":524},"38":{"name":"(anonymous_38)","decl":{"start":{"line":529,"column":37},"end":{"line":529,"column":50}},"loc":{"start":{"line":529,"column":50},"end":{"line":529,"column":53}},"line":529},"39":{"name":"getWhatsappSessionStatus","decl":{"start":{"line":535,"column":22},"end":{"line":535,"column":47}},"loc":{"start":{"line":535,"column":66},"end":{"line":542,"column":null}},"line":535},"40":{"name":"(anonymous_40)","decl":{"start":{"line":538,"column":37},"end":{"line":538,"column":50}},"loc":{"start":{"line":538,"column":50},"end":{"line":538,"column":53}},"line":538},"41":{"name":"getWhatsappSessionSettings","decl":{"start":{"line":544,"column":22},"end":{"line":544,"column":49}},"loc":{"start":{"line":544,"column":68},"end":{"line":551,"column":null}},"line":544},"42":{"name":"(anonymous_42)","decl":{"start":{"line":547,"column":37},"end":{"line":547,"column":50}},"loc":{"start":{"line":547,"column":50},"end":{"line":547,"column":53}},"line":547},"43":{"name":"updateWhatsappSessionSettings","decl":{"start":{"line":553,"column":22},"end":{"line":553,"column":52}},"loc":{"start":{"line":553,"column":90},"end":{"line":563,"column":null}},"line":553},"44":{"name":"(anonymous_44)","decl":{"start":{"line":559,"column":37},"end":{"line":559,"column":50}},"loc":{"start":{"line":559,"column":50},"end":{"line":559,"column":53}},"line":559},"45":{"name":"disconnectWhatsappSession","decl":{"start":{"line":565,"column":22},"end":{"line":565,"column":48}},"loc":{"start":{"line":565,"column":67},"end":{"line":574,"column":null}},"line":565},"46":{"name":"(anonymous_46)","decl":{"start":{"line":570,"column":37},"end":{"line":570,"column":50}},"loc":{"start":{"line":570,"column":50},"end":{"line":570,"column":53}},"line":570},"47":{"name":"deleteWhatsappSession","decl":{"start":{"line":576,"column":22},"end":{"line":576,"column":44}},"loc":{"start":{"line":576,"column":63},"end":{"line":585,"column":null}},"line":576},"48":{"name":"(anonymous_48)","decl":{"start":{"line":581,"column":37},"end":{"line":581,"column":50}},"loc":{"start":{"line":581,"column":50},"end":{"line":581,"column":53}},"line":581},"49":{"name":"loginInstagramProxy","decl":{"start":{"line":587,"column":22},"end":{"line":587,"column":42}},"loc":{"start":{"line":587,"column":91},"end":{"line":597,"column":null}},"line":587},"50":{"name":"(anonymous_50)","decl":{"start":{"line":593,"column":37},"end":{"line":593,"column":50}},"loc":{"start":{"line":593,"column":50},"end":{"line":593,"column":53}},"line":593},"51":{"name":"logoutInstagramProxy","decl":{"start":{"line":599,"column":22},"end":{"line":599,"column":43}},"loc":{"start":{"line":599,"column":61},"end":{"line":608,"column":null}},"line":599},"52":{"name":"(anonymous_52)","decl":{"start":{"line":604,"column":37},"end":{"line":604,"column":50}},"loc":{"start":{"line":604,"column":50},"end":{"line":604,"column":53}},"line":604},"53":{"name":"fetchSessionPreference","decl":{"start":{"line":614,"column":22},"end":{"line":614,"column":87}},"loc":{"start":{"line":614,"column":87},"end":{"line":618,"column":null}},"line":614},"54":{"name":"setSessionPreference","decl":{"start":{"line":620,"column":22},"end":{"line":620,"column":43}},"loc":{"start":{"line":620,"column":109},"end":{"line":630,"column":null}},"line":620},"55":{"name":"(anonymous_55)","decl":{"start":{"line":626,"column":37},"end":{"line":626,"column":50}},"loc":{"start":{"line":626,"column":50},"end":{"line":626,"column":53}},"line":626},"56":{"name":"sendWhatsappMessage","decl":{"start":{"line":636,"column":22},"end":{"line":636,"column":42}},"loc":{"start":{"line":641,"column":3},"end":{"line":651,"column":null}},"line":641},"57":{"name":"(anonymous_57)","decl":{"start":{"line":647,"column":37},"end":{"line":647,"column":50}},"loc":{"start":{"line":647,"column":50},"end":{"line":647,"column":53}},"line":647},"58":{"name":"fetchCredentials","decl":{"start":{"line":657,"column":22},"end":{"line":657,"column":null}},"loc":{"start":{"line":662,"column":3},"end":{"line":666,"column":null}},"line":662},"59":{"name":"saveCredentials","decl":{"start":{"line":668,"column":22},"end":{"line":668,"column":38}},"loc":{"start":{"line":673,"column":3},"end":{"line":683,"column":null}},"line":673},"60":{"name":"(anonymous_60)","decl":{"start":{"line":679,"column":37},"end":{"line":679,"column":50}},"loc":{"start":{"line":679,"column":50},"end":{"line":679,"column":53}},"line":679},"61":{"name":"provisionCredentials","decl":{"start":{"line":685,"column":22},"end":{"line":685,"column":null}},"loc":{"start":{"line":690,"column":3},"end":{"line":699,"column":null}},"line":690},"62":{"name":"(anonymous_62)","decl":{"start":{"line":695,"column":37},"end":{"line":695,"column":50}},"loc":{"start":{"line":695,"column":50},"end":{"line":695,"column":53}},"line":695},"63":{"name":"fetchContacts","decl":{"start":{"line":705,"column":22},"end":{"line":705,"column":38}},"loc":{"start":{"line":705,"column":38},"end":{"line":709,"column":null}},"line":705},"64":{"name":"fetchConversations","decl":{"start":{"line":711,"column":22},"end":{"line":711,"column":43}},"loc":{"start":{"line":711,"column":43},"end":{"line":715,"column":null}},"line":711},"65":{"name":"fetchChatHistory","decl":{"start":{"line":717,"column":22},"end":{"line":717,"column":39}},"loc":{"start":{"line":717,"column":79},"end":{"line":722,"column":null}},"line":717},"66":{"name":"sendOmnichannelMessage","decl":{"start":{"line":724,"column":22},"end":{"line":724,"column":45}},"loc":{"start":{"line":729,"column":3},"end":{"line":744,"column":null}},"line":729},"67":{"name":"(anonymous_67)","decl":{"start":{"line":740,"column":37},"end":{"line":740,"column":50}},"loc":{"start":{"line":740,"column":50},"end":{"line":740,"column":53}},"line":740},"68":{"name":"sendOmnichannelMedia","decl":{"start":{"line":746,"column":22},"end":{"line":746,"column":43}},"loc":{"start":{"line":756,"column":3},"end":{"line":766,"column":null}},"line":756},"69":{"name":"(anonymous_69)","decl":{"start":{"line":762,"column":37},"end":{"line":762,"column":50}},"loc":{"start":{"line":762,"column":50},"end":{"line":762,"column":53}},"line":762},"70":{"name":"(anonymous_70)","decl":{"start":{"line":774,"column":29},"end":{"line":774,"column":36}},"loc":{"start":{"line":774,"column":90},"end":{"line":782,"column":null}},"line":774},"71":{"name":"(anonymous_71)","decl":{"start":{"line":784,"column":29},"end":{"line":784,"column":36}},"loc":{"start":{"line":784,"column":107},"end":{"line":794,"column":null}},"line":784},"72":{"name":"(anonymous_72)","decl":{"start":{"line":796,"column":29},"end":{"line":796,"column":36}},"loc":{"start":{"line":796,"column":119},"end":{"line":806,"column":null}},"line":796},"73":{"name":"(anonymous_73)","decl":{"start":{"line":808,"column":29},"end":{"line":808,"column":36}},"loc":{"start":{"line":808,"column":96},"end":{"line":816,"column":null}},"line":808}},"branchMap":{"0":{"loc":{"start":{"line":3,"column":2},"end":{"line":5,"column":null}},"type":"if","locations":[{"start":{"line":3,"column":2},"end":{"line":5,"column":null}},{"start":{},"end":{}}],"line":3},"1":{"loc":{"start":{"line":3,"column":6},"end":{"line":3,"column":60}},"type":"binary-expr","locations":[{"start":{"line":3,"column":6},"end":{"line":3,"column":34}},{"start":{"line":3,"column":34},"end":{"line":3,"column":60}}],"line":3},"2":{"loc":{"start":{"line":7,"column":2},"end":{"line":9,"column":null}},"type":"if","locations":[{"start":{"line":7,"column":2},"end":{"line":9,"column":null}},{"start":{},"end":{}}],"line":7},"3":{"loc":{"start":{"line":7,"column":6},"end":{"line":7,"column":78}},"type":"binary-expr","locations":[{"start":{"line":7,"column":6},"end":{"line":7,"column":46}},{"start":{"line":7,"column":46},"end":{"line":7,"column":78}}],"line":7},"4":{"loc":{"start":{"line":15,"column":24},"end":{"line":15,"column":null}},"type":"binary-expr","locations":[{"start":{"line":15,"column":24},"end":{"line":15,"column":56}},{"start":{"line":15,"column":56},"end":{"line":15,"column":null}}],"line":15},"5":{"loc":{"start":{"line":17,"column":20},"end":{"line":17,"column":69}},"type":"default-arg","locations":[{"start":{"line":17,"column":49},"end":{"line":17,"column":69}}],"line":17},"6":{"loc":{"start":{"line":19,"column":2},"end":{"line":21,"column":null}},"type":"if","locations":[{"start":{"line":19,"column":2},"end":{"line":21,"column":null}},{"start":{},"end":{}}],"line":19},"7":{"loc":{"start":{"line":23,"column":2},"end":{"line":25,"column":null}},"type":"if","locations":[{"start":{"line":23,"column":2},"end":{"line":25,"column":null}},{"start":{},"end":{}}],"line":23},"8":{"loc":{"start":{"line":23,"column":6},"end":{"line":23,"column":58}},"type":"binary-expr","locations":[{"start":{"line":23,"column":6},"end":{"line":23,"column":15}},{"start":{"line":23,"column":15},"end":{"line":23,"column":35}},{"start":{"line":23,"column":35},"end":{"line":23,"column":58}}],"line":23},"9":{"loc":{"start":{"line":31,"column":2},"end":{"line":31,"column":null}},"type":"default-arg","locations":[{"start":{"line":31,"column":25},"end":{"line":31,"column":null}}],"line":31},"10":{"loc":{"start":{"line":32,"column":2},"end":{"line":32,"column":null}},"type":"default-arg","locations":[{"start":{"line":32,"column":31},"end":{"line":32,"column":null}}],"line":32},"11":{"loc":{"start":{"line":35,"column":2},"end":{"line":42,"column":null}},"type":"if","locations":[{"start":{"line":35,"column":2},"end":{"line":42,"column":null}},{"start":{},"end":{}}],"line":35},"12":{"loc":{"start":{"line":35,"column":6},"end":{"line":35,"column":59}},"type":"binary-expr","locations":[{"start":{"line":35,"column":6},"end":{"line":35,"column":16}},{"start":{"line":35,"column":16},"end":{"line":35,"column":36}},{"start":{"line":35,"column":36},"end":{"line":35,"column":59}}],"line":35},"13":{"loc":{"start":{"line":38,"column":4},"end":{"line":40,"column":null}},"type":"if","locations":[{"start":{"line":38,"column":4},"end":{"line":40,"column":null}},{"start":{},"end":{}}],"line":38},"14":{"loc":{"start":{"line":46,"column":8},"end":{"line":46,"column":null}},"type":"binary-expr","locations":[{"start":{"line":46,"column":8},"end":{"line":46,"column":27}},{"start":{"line":46,"column":27},"end":{"line":46,"column":null}}],"line":46},"15":{"loc":{"start":{"line":57,"column":2},"end":{"line":111,"column":null}},"type":"if","locations":[{"start":{"line":57,"column":2},"end":{"line":111,"column":null}},{"start":{},"end":{}}],"line":57},"16":{"loc":{"start":{"line":60,"column":4},"end":{"line":97,"column":null}},"type":"if","locations":[{"start":{"line":60,"column":4},"end":{"line":97,"column":null}},{"start":{},"end":{}}],"line":60},"17":{"loc":{"start":{"line":60,"column":8},"end":{"line":60,"column":81}},"type":"binary-expr","locations":[{"start":{"line":60,"column":8},"end":{"line":60,"column":24}},{"start":{"line":60,"column":24},"end":{"line":60,"column":51}},{"start":{"line":60,"column":51},"end":{"line":60,"column":81}}],"line":60},"18":{"loc":{"start":{"line":68,"column":8},"end":{"line":93,"column":null}},"type":"if","locations":[{"start":{"line":68,"column":8},"end":{"line":93,"column":null}},{"start":{},"end":{}}],"line":68},"19":{"loc":{"start":{"line":70,"column":10},"end":{"line":92,"column":null}},"type":"if","locations":[{"start":{"line":70,"column":10},"end":{"line":92,"column":null}},{"start":{},"end":{}}],"line":70},"20":{"loc":{"start":{"line":70,"column":14},"end":{"line":70,"column":55}},"type":"binary-expr","locations":[{"start":{"line":70,"column":14},"end":{"line":70,"column":29}},{"start":{"line":70,"column":29},"end":{"line":70,"column":55}}],"line":70},"21":{"loc":{"start":{"line":72,"column":12},"end":{"line":74,"column":null}},"type":"if","locations":[{"start":{"line":72,"column":12},"end":{"line":74,"column":null}},{"start":{},"end":{}}],"line":72},"22":{"loc":{"start":{"line":75,"column":12},"end":{"line":77,"column":null}},"type":"if","locations":[{"start":{"line":75,"column":12},"end":{"line":77,"column":null}},{"start":{},"end":{}}],"line":75},"23":{"loc":{"start":{"line":100,"column":4},"end":{"line":102,"column":null}},"type":"if","locations":[{"start":{"line":100,"column":4},"end":{"line":102,"column":null}},{"start":{},"end":{}}],"line":100},"24":{"loc":{"start":{"line":107,"column":4},"end":{"line":109,"column":null}},"type":"if","locations":[{"start":{"line":107,"column":4},"end":{"line":109,"column":null}},{"start":{},"end":{}}],"line":107},"25":{"loc":{"start":{"line":125,"column":4},"end":{"line":125,"column":null}},"type":"if","locations":[{"start":{"line":125,"column":4},"end":{"line":125,"column":null}},{"start":{},"end":{}}],"line":125},"26":{"loc":{"start":{"line":127,"column":11},"end":{"line":127,"column":null}},"type":"binary-expr","locations":[{"start":{"line":127,"column":11},"end":{"line":127,"column":26}},{"start":{"line":127,"column":26},"end":{"line":127,"column":null}}],"line":127},"27":{"loc":{"start":{"line":137,"column":2},"end":{"line":139,"column":null}},"type":"if","locations":[{"start":{"line":137,"column":2},"end":{"line":139,"column":null}},{"start":{},"end":{}}],"line":137},"28":{"loc":{"start":{"line":137,"column":6},"end":{"line":137,"column":87}},"type":"binary-expr","locations":[{"start":{"line":137,"column":6},"end":{"line":137,"column":39}},{"start":{"line":137,"column":39},"end":{"line":137,"column":87}}],"line":137},"29":{"loc":{"start":{"line":144,"column":2},"end":{"line":147,"column":null}},"type":"if","locations":[{"start":{"line":144,"column":2},"end":{"line":147,"column":null}},{"start":{},"end":{}}],"line":144},"30":{"loc":{"start":{"line":144,"column":6},"end":{"line":144,"column":80}},"type":"binary-expr","locations":[{"start":{"line":144,"column":6},"end":{"line":144,"column":23}},{"start":{"line":144,"column":23},"end":{"line":144,"column":50}},{"start":{"line":144,"column":50},"end":{"line":144,"column":80}}],"line":144},"31":{"loc":{"start":{"line":156,"column":4},"end":{"line":174,"column":null}},"type":"if","locations":[{"start":{"line":156,"column":4},"end":{"line":174,"column":null}},{"start":{"line":171,"column":11},"end":{"line":174,"column":null}}],"line":156},"32":{"loc":{"start":{"line":158,"column":6},"end":{"line":170,"column":null}},"type":"if","locations":[{"start":{"line":158,"column":6},"end":{"line":170,"column":null}},{"start":{},"end":{}}],"line":158},"33":{"loc":{"start":{"line":158,"column":10},"end":{"line":158,"column":37}},"type":"binary-expr","locations":[{"start":{"line":158,"column":10},"end":{"line":158,"column":18}},{"start":{"line":158,"column":18},"end":{"line":158,"column":37}}],"line":158},"34":{"loc":{"start":{"line":160,"column":8},"end":{"line":162,"column":null}},"type":"if","locations":[{"start":{"line":160,"column":8},"end":{"line":162,"column":null}},{"start":{},"end":{}}],"line":160},"35":{"loc":{"start":{"line":163,"column":8},"end":{"line":165,"column":null}},"type":"if","locations":[{"start":{"line":163,"column":8},"end":{"line":165,"column":null}},{"start":{},"end":{}}],"line":163},"36":{"loc":{"start":{"line":171,"column":11},"end":{"line":174,"column":null}},"type":"if","locations":[{"start":{"line":171,"column":11},"end":{"line":174,"column":null}},{"start":{},"end":{}}],"line":171},"37":{"loc":{"start":{"line":171,"column":15},"end":{"line":171,"column":57}},"type":"binary-expr","locations":[{"start":{"line":171,"column":15},"end":{"line":171,"column":37}},{"start":{"line":171,"column":37},"end":{"line":171,"column":57}}],"line":171},"38":{"loc":{"start":{"line":182,"column":2},"end":{"line":185,"column":null}},"type":"if","locations":[{"start":{"line":182,"column":2},"end":{"line":185,"column":null}},{"start":{},"end":{}}],"line":182},"39":{"loc":{"start":{"line":188,"column":2},"end":{"line":188,"column":null}},"type":"if","locations":[{"start":{"line":188,"column":2},"end":{"line":188,"column":null}},{"start":{},"end":{}}],"line":188},"40":{"loc":{"start":{"line":188,"column":6},"end":{"line":188,"column":59}},"type":"binary-expr","locations":[{"start":{"line":188,"column":6},"end":{"line":188,"column":16}},{"start":{"line":188,"column":16},"end":{"line":188,"column":36}},{"start":{"line":188,"column":36},"end":{"line":188,"column":59}}],"line":188},"41":{"loc":{"start":{"line":191,"column":2},"end":{"line":191,"column":null}},"type":"if","locations":[{"start":{"line":191,"column":2},"end":{"line":191,"column":null}},{"start":{},"end":{}}],"line":191},"42":{"loc":{"start":{"line":196,"column":2},"end":{"line":199,"column":null}},"type":"if","locations":[{"start":{"line":196,"column":2},"end":{"line":199,"column":null}},{"start":{},"end":{}}],"line":196},"43":{"loc":{"start":{"line":214,"column":0},"end":{"line":216,"column":null}},"type":"if","locations":[{"start":{"line":214,"column":0},"end":{"line":216,"column":null}},{"start":{},"end":{}}],"line":214},"44":{"loc":{"start":{"line":224,"column":2},"end":{"line":227,"column":null}},"type":"if","locations":[{"start":{"line":224,"column":2},"end":{"line":227,"column":null}},{"start":{},"end":{}}],"line":224},"45":{"loc":{"start":{"line":226,"column":20},"end":{"line":226,"column":55}},"type":"binary-expr","locations":[{"start":{"line":226,"column":20},"end":{"line":226,"column":40}},{"start":{"line":226,"column":40},"end":{"line":226,"column":55}}],"line":226},"46":{"loc":{"start":{"line":229,"column":2},"end":{"line":235,"column":null}},"type":"if","locations":[{"start":{"line":229,"column":2},"end":{"line":235,"column":null}},{"start":{},"end":{}}],"line":229},"47":{"loc":{"start":{"line":229,"column":6},"end":{"line":229,"column":33}},"type":"binary-expr","locations":[{"start":{"line":229,"column":6},"end":{"line":229,"column":14}},{"start":{"line":229,"column":14},"end":{"line":229,"column":33}}],"line":229},"48":{"loc":{"start":{"line":231,"column":4},"end":{"line":233,"column":null}},"type":"if","locations":[{"start":{"line":231,"column":4},"end":{"line":233,"column":null}},{"start":{},"end":{}}],"line":231},"49":{"loc":{"start":{"line":241,"column":2},"end":{"line":241,"column":null}},"type":"if","locations":[{"start":{"line":241,"column":2},"end":{"line":241,"column":null}},{"start":{},"end":{}}],"line":241},"50":{"loc":{"start":{"line":247,"column":2},"end":{"line":247,"column":null}},"type":"if","locations":[{"start":{"line":247,"column":2},"end":{"line":247,"column":null}},{"start":{},"end":{}}],"line":247},"51":{"loc":{"start":{"line":256,"column":2},"end":{"line":256,"column":null}},"type":"if","locations":[{"start":{"line":256,"column":2},"end":{"line":256,"column":null}},{"start":{},"end":{}}],"line":256},"52":{"loc":{"start":{"line":265,"column":2},"end":{"line":265,"column":null}},"type":"if","locations":[{"start":{"line":265,"column":2},"end":{"line":265,"column":null}},{"start":{},"end":{}}],"line":265},"53":{"loc":{"start":{"line":273,"column":2},"end":{"line":276,"column":null}},"type":"if","locations":[{"start":{"line":273,"column":2},"end":{"line":276,"column":null}},{"start":{},"end":{}}],"line":273},"54":{"loc":{"start":{"line":275,"column":20},"end":{"line":275,"column":66}},"type":"binary-expr","locations":[{"start":{"line":275,"column":20},"end":{"line":275,"column":40}},{"start":{"line":275,"column":40},"end":{"line":275,"column":66}}],"line":275},"55":{"loc":{"start":{"line":342,"column":72},"end":{"line":342,"column":102}},"type":"default-arg","locations":[{"start":{"line":342,"column":91},"end":{"line":342,"column":102}}],"line":342},"56":{"loc":{"start":{"line":350,"column":2},"end":{"line":352,"column":null}},"type":"if","locations":[{"start":{"line":350,"column":2},"end":{"line":352,"column":null}},{"start":{},"end":{}}],"line":350},"57":{"loc":{"start":{"line":360,"column":2},"end":{"line":363,"column":null}},"type":"if","locations":[{"start":{"line":360,"column":2},"end":{"line":363,"column":null}},{"start":{},"end":{}}],"line":360},"58":{"loc":{"start":{"line":362,"column":20},"end":{"line":362,"column":75}},"type":"binary-expr","locations":[{"start":{"line":362,"column":20},"end":{"line":362,"column":40}},{"start":{"line":362,"column":40},"end":{"line":362,"column":75}}],"line":362},"59":{"loc":{"start":{"line":367,"column":43},"end":{"line":367,"column":99}},"type":"default-arg","locations":[{"start":{"line":367,"column":62},"end":{"line":367,"column":99}}],"line":367},"60":{"loc":{"start":{"line":369,"column":2},"end":{"line":369,"column":null}},"type":"if","locations":[{"start":{"line":369,"column":2},"end":{"line":369,"column":null}},{"start":{},"end":{}}],"line":369},"61":{"loc":{"start":{"line":373,"column":71},"end":{"line":373,"column":127}},"type":"default-arg","locations":[{"start":{"line":373,"column":90},"end":{"line":373,"column":127}}],"line":373},"62":{"loc":{"start":{"line":378,"column":2},"end":{"line":381,"column":null}},"type":"if","locations":[{"start":{"line":378,"column":2},"end":{"line":381,"column":null}},{"start":{},"end":{}}],"line":378},"63":{"loc":{"start":{"line":380,"column":20},"end":{"line":380,"column":81}},"type":"binary-expr","locations":[{"start":{"line":380,"column":20},"end":{"line":380,"column":38}},{"start":{"line":380,"column":38},"end":{"line":380,"column":81}}],"line":380},"64":{"loc":{"start":{"line":388,"column":2},"end":{"line":388,"column":null}},"type":"if","locations":[{"start":{"line":388,"column":2},"end":{"line":388,"column":null}},{"start":{},"end":{}}],"line":388},"65":{"loc":{"start":{"line":394,"column":2},"end":{"line":394,"column":null}},"type":"if","locations":[{"start":{"line":394,"column":2},"end":{"line":394,"column":null}},{"start":{},"end":{}}],"line":394},"66":{"loc":{"start":{"line":403,"column":2},"end":{"line":403,"column":null}},"type":"if","locations":[{"start":{"line":403,"column":2},"end":{"line":403,"column":null}},{"start":{},"end":{}}],"line":403},"67":{"loc":{"start":{"line":412,"column":2},"end":{"line":412,"column":null}},"type":"if","locations":[{"start":{"line":412,"column":2},"end":{"line":412,"column":null}},{"start":{},"end":{}}],"line":412},"68":{"loc":{"start":{"line":418,"column":2},"end":{"line":418,"column":null}},"type":"if","locations":[{"start":{"line":418,"column":2},"end":{"line":418,"column":null}},{"start":{},"end":{}}],"line":418},"69":{"loc":{"start":{"line":435,"column":2},"end":{"line":435,"column":null}},"type":"if","locations":[{"start":{"line":435,"column":2},"end":{"line":435,"column":null}},{"start":{},"end":{}}],"line":435},"70":{"loc":{"start":{"line":441,"column":2},"end":{"line":441,"column":null}},"type":"if","locations":[{"start":{"line":441,"column":2},"end":{"line":441,"column":null}},{"start":{},"end":{}}],"line":441},"71":{"loc":{"start":{"line":447,"column":2},"end":{"line":447,"column":null}},"type":"if","locations":[{"start":{"line":447,"column":2},"end":{"line":447,"column":null}},{"start":{},"end":{}}],"line":447},"72":{"loc":{"start":{"line":465,"column":2},"end":{"line":468,"column":null}},"type":"if","locations":[{"start":{"line":465,"column":2},"end":{"line":468,"column":null}},{"start":{},"end":{}}],"line":465},"73":{"loc":{"start":{"line":467,"column":20},"end":{"line":467,"column":67}},"type":"binary-expr","locations":[{"start":{"line":467,"column":20},"end":{"line":467,"column":40}},{"start":{"line":467,"column":40},"end":{"line":467,"column":67}}],"line":467},"74":{"loc":{"start":{"line":474,"column":2},"end":{"line":474,"column":null}},"type":"if","locations":[{"start":{"line":474,"column":2},"end":{"line":474,"column":null}},{"start":{},"end":{}}],"line":474},"75":{"loc":{"start":{"line":481,"column":2},"end":{"line":481,"column":null}},"type":"if","locations":[{"start":{"line":481,"column":2},"end":{"line":481,"column":null}},{"start":{},"end":{}}],"line":481},"76":{"loc":{"start":{"line":484,"column":4},"end":{"line":484,"column":null}},"type":"if","locations":[{"start":{"line":484,"column":4},"end":{"line":484,"column":null}},{"start":{},"end":{}}],"line":484},"77":{"loc":{"start":{"line":486,"column":11},"end":{"line":486,"column":null}},"type":"binary-expr","locations":[{"start":{"line":486,"column":11},"end":{"line":486,"column":32}},{"start":{"line":486,"column":32},"end":{"line":486,"column":null}}],"line":486},"78":{"loc":{"start":{"line":494,"column":2},"end":{"line":494,"column":null}},"type":"if","locations":[{"start":{"line":494,"column":2},"end":{"line":494,"column":null}},{"start":{},"end":{}}],"line":494},"79":{"loc":{"start":{"line":497,"column":4},"end":{"line":497,"column":null}},"type":"if","locations":[{"start":{"line":497,"column":4},"end":{"line":497,"column":null}},{"start":{},"end":{}}],"line":497},"80":{"loc":{"start":{"line":499,"column":11},"end":{"line":499,"column":null}},"type":"binary-expr","locations":[{"start":{"line":499,"column":11},"end":{"line":499,"column":27}},{"start":{"line":499,"column":27},"end":{"line":499,"column":null}}],"line":499},"81":{"loc":{"start":{"line":508,"column":2},"end":{"line":508,"column":null}},"type":"if","locations":[{"start":{"line":508,"column":2},"end":{"line":508,"column":null}},{"start":{},"end":{}}],"line":508},"82":{"loc":{"start":{"line":517,"column":2},"end":{"line":520,"column":null}},"type":"if","locations":[{"start":{"line":517,"column":2},"end":{"line":520,"column":null}},{"start":{},"end":{}}],"line":517},"83":{"loc":{"start":{"line":519,"column":20},"end":{"line":519,"column":63}},"type":"binary-expr","locations":[{"start":{"line":519,"column":20},"end":{"line":519,"column":38}},{"start":{"line":519,"column":38},"end":{"line":519,"column":63}}],"line":519},"84":{"loc":{"start":{"line":528,"column":2},"end":{"line":531,"column":null}},"type":"if","locations":[{"start":{"line":528,"column":2},"end":{"line":531,"column":null}},{"start":{},"end":{}}],"line":528},"85":{"loc":{"start":{"line":530,"column":20},"end":{"line":530,"column":69}},"type":"binary-expr","locations":[{"start":{"line":530,"column":20},"end":{"line":530,"column":38}},{"start":{"line":530,"column":38},"end":{"line":530,"column":69}}],"line":530},"86":{"loc":{"start":{"line":537,"column":2},"end":{"line":540,"column":null}},"type":"if","locations":[{"start":{"line":537,"column":2},"end":{"line":540,"column":null}},{"start":{},"end":{}}],"line":537},"87":{"loc":{"start":{"line":539,"column":20},"end":{"line":539,"column":76}},"type":"binary-expr","locations":[{"start":{"line":539,"column":20},"end":{"line":539,"column":38}},{"start":{"line":539,"column":38},"end":{"line":539,"column":76}}],"line":539},"88":{"loc":{"start":{"line":546,"column":2},"end":{"line":549,"column":null}},"type":"if","locations":[{"start":{"line":546,"column":2},"end":{"line":549,"column":null}},{"start":{},"end":{}}],"line":546},"89":{"loc":{"start":{"line":548,"column":20},"end":{"line":548,"column":80}},"type":"binary-expr","locations":[{"start":{"line":548,"column":20},"end":{"line":548,"column":38}},{"start":{"line":548,"column":38},"end":{"line":548,"column":80}}],"line":548},"90":{"loc":{"start":{"line":558,"column":2},"end":{"line":561,"column":null}},"type":"if","locations":[{"start":{"line":558,"column":2},"end":{"line":561,"column":null}},{"start":{},"end":{}}],"line":558},"91":{"loc":{"start":{"line":560,"column":20},"end":{"line":560,"column":83}},"type":"binary-expr","locations":[{"start":{"line":560,"column":20},"end":{"line":560,"column":38}},{"start":{"line":560,"column":38},"end":{"line":560,"column":83}}],"line":560},"92":{"loc":{"start":{"line":569,"column":2},"end":{"line":572,"column":null}},"type":"if","locations":[{"start":{"line":569,"column":2},"end":{"line":572,"column":null}},{"start":{},"end":{}}],"line":569},"93":{"loc":{"start":{"line":571,"column":20},"end":{"line":571,"column":68}},"type":"binary-expr","locations":[{"start":{"line":571,"column":20},"end":{"line":571,"column":38}},{"start":{"line":571,"column":38},"end":{"line":571,"column":68}}],"line":571},"94":{"loc":{"start":{"line":580,"column":2},"end":{"line":583,"column":null}},"type":"if","locations":[{"start":{"line":580,"column":2},"end":{"line":583,"column":null}},{"start":{},"end":{}}],"line":580},"95":{"loc":{"start":{"line":582,"column":20},"end":{"line":582,"column":64}},"type":"binary-expr","locations":[{"start":{"line":582,"column":20},"end":{"line":582,"column":38}},{"start":{"line":582,"column":38},"end":{"line":582,"column":64}}],"line":582},"96":{"loc":{"start":{"line":592,"column":2},"end":{"line":595,"column":null}},"type":"if","locations":[{"start":{"line":592,"column":2},"end":{"line":595,"column":null}},{"start":{},"end":{}}],"line":592},"97":{"loc":{"start":{"line":594,"column":20},"end":{"line":594,"column":68}},"type":"binary-expr","locations":[{"start":{"line":594,"column":20},"end":{"line":594,"column":38}},{"start":{"line":594,"column":38},"end":{"line":594,"column":68}}],"line":594},"98":{"loc":{"start":{"line":603,"column":2},"end":{"line":606,"column":null}},"type":"if","locations":[{"start":{"line":603,"column":2},"end":{"line":606,"column":null}},{"start":{},"end":{}}],"line":603},"99":{"loc":{"start":{"line":605,"column":20},"end":{"line":605,"column":71}},"type":"binary-expr","locations":[{"start":{"line":605,"column":20},"end":{"line":605,"column":38}},{"start":{"line":605,"column":38},"end":{"line":605,"column":71}}],"line":605},"100":{"loc":{"start":{"line":616,"column":2},"end":{"line":616,"column":null}},"type":"if","locations":[{"start":{"line":616,"column":2},"end":{"line":616,"column":null}},{"start":{},"end":{}}],"line":616},"101":{"loc":{"start":{"line":625,"column":2},"end":{"line":628,"column":null}},"type":"if","locations":[{"start":{"line":625,"column":2},"end":{"line":628,"column":null}},{"start":{},"end":{}}],"line":625},"102":{"loc":{"start":{"line":627,"column":20},"end":{"line":627,"column":78}},"type":"binary-expr","locations":[{"start":{"line":627,"column":20},"end":{"line":627,"column":38}},{"start":{"line":627,"column":38},"end":{"line":627,"column":78}}],"line":627},"103":{"loc":{"start":{"line":646,"column":2},"end":{"line":649,"column":null}},"type":"if","locations":[{"start":{"line":646,"column":2},"end":{"line":649,"column":null}},{"start":{},"end":{}}],"line":646},"104":{"loc":{"start":{"line":648,"column":20},"end":{"line":648,"column":65}},"type":"binary-expr","locations":[{"start":{"line":648,"column":20},"end":{"line":648,"column":38}},{"start":{"line":648,"column":38},"end":{"line":648,"column":65}}],"line":648},"105":{"loc":{"start":{"line":664,"column":2},"end":{"line":664,"column":null}},"type":"if","locations":[{"start":{"line":664,"column":2},"end":{"line":664,"column":null}},{"start":{},"end":{}}],"line":664},"106":{"loc":{"start":{"line":678,"column":2},"end":{"line":681,"column":null}},"type":"if","locations":[{"start":{"line":678,"column":2},"end":{"line":681,"column":null}},{"start":{},"end":{}}],"line":678},"107":{"loc":{"start":{"line":680,"column":20},"end":{"line":680,"column":68}},"type":"binary-expr","locations":[{"start":{"line":680,"column":20},"end":{"line":680,"column":38}},{"start":{"line":680,"column":38},"end":{"line":680,"column":68}}],"line":680},"108":{"loc":{"start":{"line":694,"column":2},"end":{"line":697,"column":null}},"type":"if","locations":[{"start":{"line":694,"column":2},"end":{"line":697,"column":null}},{"start":{},"end":{}}],"line":694},"109":{"loc":{"start":{"line":696,"column":20},"end":{"line":696,"column":77}},"type":"binary-expr","locations":[{"start":{"line":696,"column":20},"end":{"line":696,"column":38}},{"start":{"line":696,"column":38},"end":{"line":696,"column":77}}],"line":696},"110":{"loc":{"start":{"line":707,"column":2},"end":{"line":707,"column":null}},"type":"if","locations":[{"start":{"line":707,"column":2},"end":{"line":707,"column":null}},{"start":{},"end":{}}],"line":707},"111":{"loc":{"start":{"line":713,"column":2},"end":{"line":713,"column":null}},"type":"if","locations":[{"start":{"line":713,"column":2},"end":{"line":713,"column":null}},{"start":{},"end":{}}],"line":713},"112":{"loc":{"start":{"line":718,"column":16},"end":{"line":718,"column":null}},"type":"cond-expr","locations":[{"start":{"line":718,"column":28},"end":{"line":718,"column":77}},{"start":{"line":718,"column":77},"end":{"line":718,"column":null}}],"line":718},"113":{"loc":{"start":{"line":720,"column":2},"end":{"line":720,"column":null}},"type":"if","locations":[{"start":{"line":720,"column":2},"end":{"line":720,"column":null}},{"start":{},"end":{}}],"line":720},"114":{"loc":{"start":{"line":734,"column":13},"end":{"line":734,"column":null}},"type":"binary-expr","locations":[{"start":{"line":734,"column":13},"end":{"line":734,"column":30}},{"start":{"line":734,"column":30},"end":{"line":734,"column":null}}],"line":734},"115":{"loc":{"start":{"line":739,"column":2},"end":{"line":742,"column":null}},"type":"if","locations":[{"start":{"line":739,"column":2},"end":{"line":742,"column":null}},{"start":{},"end":{}}],"line":739},"116":{"loc":{"start":{"line":741,"column":20},"end":{"line":741,"column":65}},"type":"binary-expr","locations":[{"start":{"line":741,"column":20},"end":{"line":741,"column":38}},{"start":{"line":741,"column":38},"end":{"line":741,"column":65}}],"line":741},"117":{"loc":{"start":{"line":761,"column":2},"end":{"line":764,"column":null}},"type":"if","locations":[{"start":{"line":761,"column":2},"end":{"line":764,"column":null}},{"start":{},"end":{}}],"line":761},"118":{"loc":{"start":{"line":763,"column":20},"end":{"line":763,"column":73}},"type":"binary-expr","locations":[{"start":{"line":763,"column":20},"end":{"line":763,"column":38}},{"start":{"line":763,"column":38},"end":{"line":763,"column":73}}],"line":763},"119":{"loc":{"start":{"line":774,"column":36},"end":{"line":774,"column":90}},"type":"default-arg","locations":[{"start":{"line":774,"column":55},"end":{"line":774,"column":90}}],"line":774},"120":{"loc":{"start":{"line":780,"column":2},"end":{"line":780,"column":null}},"type":"if","locations":[{"start":{"line":780,"column":2},"end":{"line":780,"column":null}},{"start":{},"end":{}}],"line":780},"121":{"loc":{"start":{"line":784,"column":55},"end":{"line":784,"column":107}},"type":"default-arg","locations":[{"start":{"line":784,"column":74},"end":{"line":784,"column":107}}],"line":784},"122":{"loc":{"start":{"line":792,"column":2},"end":{"line":792,"column":null}},"type":"if","locations":[{"start":{"line":792,"column":2},"end":{"line":792,"column":null}},{"start":{},"end":{}}],"line":792},"123":{"loc":{"start":{"line":796,"column":67},"end":{"line":796,"column":119}},"type":"default-arg","locations":[{"start":{"line":796,"column":86},"end":{"line":796,"column":119}}],"line":796},"124":{"loc":{"start":{"line":804,"column":2},"end":{"line":804,"column":null}},"type":"if","locations":[{"start":{"line":804,"column":2},"end":{"line":804,"column":null}},{"start":{},"end":{}}],"line":804},"125":{"loc":{"start":{"line":808,"column":48},"end":{"line":808,"column":96}},"type":"default-arg","locations":[{"start":{"line":808,"column":67},"end":{"line":808,"column":96}}],"line":808},"126":{"loc":{"start":{"line":815,"column":2},"end":{"line":815,"column":null}},"type":"if","locations":[{"start":{"line":815,"column":2},"end":{"line":815,"column":null}},{"start":{},"end":{}}],"line":815}},"s":{"0":1,"1":8,"2":8,"3":3,"4":5,"5":2,"6":3,"7":1,"8":0,"9":0,"10":0,"11":0,"12":0,"13":0,"14":0,"15":0,"16":0,"17":0,"18":0,"19":0,"20":0,"21":0,"22":0,"23":0,"24":0,"25":0,"26":0,"27":0,"28":0,"29":0,"30":0,"31":0,"32":0,"33":0,"34":0,"35":0,"36":0,"37":0,"38":0,"39":0,"40":0,"41":0,"42":0,"43":0,"44":0,"45":0,"46":0,"47":0,"48":0,"49":0,"50":0,"51":0,"52":0,"53":0,"54":1,"55":0,"56":0,"57":0,"58":0,"59":0,"60":0,"61":0,"62":0,"63":0,"64":0,"65":0,"66":0,"67":0,"68":0,"69":0,"70":0,"71":0,"72":0,"73":0,"74":0,"75":0,"76":0,"77":0,"78":0,"79":0,"80":0,"81":0,"82":0,"83":0,"84":0,"85":0,"86":0,"87":0,"88":0,"89":0,"90":1,"91":0,"92":0,"93":1,"94":1,"95":1,"96":0,"97":0,"98":0,"99":0,"100":0,"101":0,"102":0,"103":0,"104":0,"105":0,"106":0,"107":0,"108":0,"109":0,"110":1,"111":1,"112":0,"113":0,"114":0,"115":0,"116":0,"117":0,"118":0,"119":0,"120":0,"121":0,"122":0,"123":0,"124":0,"125":0,"126":0,"127":0,"128":0,"129":0,"130":0,"131":0,"132":0,"133":0,"134":0,"135":0,"136":0,"137":0,"138":0,"139":0,"140":0,"141":0,"142":0,"143":0,"144":0,"145":0,"146":0,"147":0,"148":0,"149":0,"150":0,"151":0,"152":0,"153":0,"154":0,"155":0,"156":0,"157":0,"158":0,"159":0,"160":0,"161":0,"162":0,"163":0,"164":0,"165":0,"166":0,"167":0,"168":0,"169":0,"170":0,"171":0,"172":0,"173":0,"174":0,"175":0,"176":0,"177":0,"178":0,"179":0,"180":0,"181":0,"182":0,"183":0,"184":0,"185":0,"186":0,"187":0,"188":0,"189":0,"190":0,"191":0,"192":0,"193":0,"194":0,"195":0,"196":0,"197":0,"198":0,"199":0,"200":0,"201":0,"202":0,"203":0,"204":0,"205":0,"206":0,"207":0,"208":0,"209":0,"210":0,"211":0,"212":0,"213":0,"214":0,"215":0,"216":0,"217":0,"218":0,"219":0,"220":0,"221":0,"222":0,"223":0,"224":0,"225":0,"226":0,"227":0,"228":0,"229":0,"230":0,"231":0,"232":0,"233":0,"234":0,"235":0,"236":0,"237":0,"238":0,"239":0,"240":0,"241":0,"242":0,"243":0,"244":0,"245":0,"246":0,"247":0,"248":0,"249":0,"250":0,"251":0,"252":0,"253":0,"254":0,"255":0,"256":0,"257":0,"258":0,"259":0,"260":0,"261":0,"262":0,"263":0,"264":0,"265":0,"266":0,"267":0,"268":0,"269":0,"270":0,"271":0,"272":0,"273":0,"274":0,"275":0,"276":0,"277":0,"278":0,"279":0,"280":0,"281":0,"282":0,"283":0,"284":0,"285":0,"286":0,"287":0,"288":0,"289":0,"290":0,"291":0,"292":0,"293":0,"294":0,"295":0,"296":0,"297":0,"298":0,"299":0,"300":0,"301":0,"302":0,"303":0,"304":0,"305":0,"306":0,"307":0,"308":0,"309":0,"310":0,"311":0,"312":0,"313":0,"314":0,"315":0,"316":0,"317":0,"318":0,"319":0,"320":0,"321":0,"322":0,"323":0,"324":0,"325":0,"326":0,"327":0,"328":0,"329":0,"330":0,"331":0,"332":0,"333":0,"334":0,"335":0,"336":0,"337":0,"338":0,"339":0,"340":0,"341":0,"342":0,"343":0,"344":0,"345":0,"346":0,"347":0,"348":0,"349":0,"350":0,"351":1,"352":0,"353":0,"354":0,"355":0,"356":0,"357":0,"358":1,"359":0,"360":0,"361":0,"362":0,"363":0,"364":0,"365":1,"366":0,"367":0,"368":0,"369":0,"370":0,"371":0,"372":1,"373":0,"374":0,"375":0,"376":0,"377":0},"f":{"0":8,"1":0,"2":0,"3":0,"4":0,"5":0,"6":1,"7":0,"8":0,"9":0,"10":0,"11":0,"12":0,"13":0,"14":0,"15":0,"16":0,"17":0,"18":0,"19":0,"20":0,"21":0,"22":0,"23":0,"24":0,"25":0,"26":0,"27":0,"28":0,"29":0,"30":0,"31":0,"32":0,"33":0,"34":0,"35":0,"36":0,"37":0,"38":0,"39":0,"40":0,"41":0,"42":0,"43":0,"44":0,"45":0,"46":0,"47":0,"48":0,"49":0,"50":0,"51":0,"52":0,"53":0,"54":0,"55":0,"56":0,"57":0,"58":0,"59":0,"60":0,"61":0,"62":0,"63":0,"64":0,"65":0,"66":0,"67":0,"68":0,"69":0,"70":0,"71":0,"72":0,"73":0},"b":{"0":[3,5],"1":[8,6],"2":[2,3],"3":[5,4],"4":[1,1],"5":[0],"6":[0,0],"7":[0,0],"8":[0,0,0],"9":[0],"10":[0],"11":[0,0],"12":[0,0,0],"13":[0,0],"14":[0,0],"15":[0,0],"16":[0,0],"17":[0,0,0],"18":[0,0],"19":[0,0],"20":[0,0],"21":[0,0],"22":[0,0],"23":[0,0],"24":[0,0],"25":[0,0],"26":[0,0],"27":[0,0],"28":[0,0],"29":[0,0],"30":[0,0,0],"31":[0,0],"32":[0,0],"33":[0,0],"34":[0,0],"35":[0,0],"36":[0,0],"37":[0,0],"38":[0,1],"39":[1,0],"40":[1,0,0],"41":[0,0],"42":[0,0],"43":[1,0],"44":[0,0],"45":[0,0],"46":[0,0],"47":[0,0],"48":[0,0],"49":[0,0],"50":[0,0],"51":[0,0],"52":[0,0],"53":[0,0],"54":[0,0],"55":[0],"56":[0,0],"57":[0,0],"58":[0,0],"59":[0],"60":[0,0],"61":[0],"62":[0,0],"63":[0,0],"64":[0,0],"65":[0,0],"66":[0,0],"67":[0,0],"68":[0,0],"69":[0,0],"70":[0,0],"71":[0,0],"72":[0,0],"73":[0,0],"74":[0,0],"75":[0,0],"76":[0,0],"77":[0,0],"78":[0,0],"79":[0,0],"80":[0,0],"81":[0,0],"82":[0,0],"83":[0,0],"84":[0,0],"85":[0,0],"86":[0,0],"87":[0,0],"88":[0,0],"89":[0,0],"90":[0,0],"91":[0,0],"92":[0,0],"93":[0,0],"94":[0,0],"95":[0,0],"96":[0,0],"97":[0,0],"98":[0,0],"99":[0,0],"100":[0,0],"101":[0,0],"102":[0,0],"103":[0,0],"104":[0,0],"105":[0,0],"106":[0,0],"107":[0,0],"108":[0,0],"109":[0,0],"110":[0,0],"111":[0,0],"112":[0,0],"113":[0,0],"114":[0,0],"115":[0,0],"116":[0,0],"117":[0,0],"118":[0,0],"119":[0],"120":[0,0],"121":[0],"122":[0,0],"123":[0],"124":[0,0],"125":[0],"126":[0,0]},"meta":{"lastBranch":127,"lastFunction":74,"lastStatement":378,"seen":{"s:1:38:13:Infinity":0,"f:1:38:1:Infinity":0,"s:2:19:2:Infinity":1,"b:3:2:5:Infinity:undefined:undefined:undefined:undefined":0,"s:3:2:5:Infinity":2,"b:3:6:3:34:3:34:3:60":1,"s:4:4:4:Infinity":3,"b:7:2:9:Infinity:undefined:undefined:undefined:undefined":2,"s:7:2:9:Infinity":4,"b:7:6:7:46:7:46:7:78":3,"s:8:4:8:Infinity":5,"s:12:2:12:Infinity":6,"s:15:24:15:Infinity":7,"b:15:24:15:56:15:56:15:Infinity":4,"f:17:9:17:20":1,"b:17:49:17:69":5,"s:18:42:18:Infinity":8,"b:19:2:21:Infinity:undefined:undefined:undefined:undefined":6,"s:19:2:21:Infinity":9,"s:20:4:20:Infinity":10,"s:22:16:22:Infinity":11,"b:23:2:25:Infinity:undefined:undefined:undefined:undefined":7,"s:23:2:25:Infinity":12,"b:23:6:23:15:23:15:23:35:23:35:23:58":8,"s:24:4:24:Infinity":13,"s:26:2:26:Infinity":14,"f:29:22:29:Infinity":2,"b:31:25:31:Infinity":9,"b:32:31:32:Infinity":10,"s:34:16:34:Infinity":15,"b:35:2:42:Infinity:undefined:undefined:undefined:undefined":11,"s:35:2:42:Infinity":16,"b:35:6:35:16:35:16:35:36:35:36:35:59":12,"s:36:4:36:Infinity":17,"s:37:4:37:Infinity":18,"b:38:4:40:Infinity:undefined:undefined:undefined:undefined":13,"s:38:4:40:Infinity":19,"s:39:6:39:Infinity":20,"s:41:4:41:Infinity":21,"s:44:24:47:Infinity":22,"b:46:8:46:27:46:27:46:Infinity":14,"s:50:2:50:Infinity":23,"s:52:17:55:Infinity":24,"b:57:2:111:Infinity:undefined:undefined:undefined:undefined":15,"s:57:2:111:Infinity":25,"s:58:30:58:Infinity":26,"s:59:25:59:Infinity":27,"b:60:4:97:Infinity:undefined:undefined:undefined:undefined":16,"s:60:4:97:Infinity":28,"b:60:8:60:24:60:24:60:51:60:51:60:81":17,"s:61:6:96:Infinity":29,"s:62:27:66:Infinity":30,"b:68:8:93:Infinity:undefined:undefined:undefined:undefined":18,"s:68:8:93:Infinity":31,"s:69:30:69:Infinity":32,"b:70:10:92:Infinity:undefined:undefined:undefined:undefined":19,"s:70:10:92:Infinity":33,"b:70:14:70:29:70:29:70:55":20,"s:71:12:71:Infinity":34,"b:72:12:74:Infinity:undefined:undefined:undefined:undefined":21,"s:72:12:74:Infinity":35,"s:73:14:73:Infinity":36,"b:75:12:77:Infinity:undefined:undefined:undefined:undefined":22,"s:75:12:77:Infinity":37,"s:76:14:76:Infinity":38,"s:79:12:79:Infinity":39,"s:80:12:80:Infinity":40,"s:83:12:83:Infinity":41,"s:84:12:87:Infinity":42,"s:91:12:91:Infinity":43,"s:95:8:95:Infinity":44,"b:100:4:102:Infinity:undefined:undefined:undefined:undefined":23,"s:100:4:102:Infinity":45,"s:101:6:101:Infinity":46,"s:104:4:104:Infinity":47,"s:105:4:105:Infinity":48,"s:106:4:106:Infinity":49,"b:107:4:109:Infinity:undefined:undefined:undefined:undefined":24,"s:107:4:109:Infinity":50,"s:108:6:108:Infinity":51,"s:110:4:110:Infinity":52,"s:113:2:113:Infinity":53,"s:120:29:120:Infinity":54,"f:122:16:122:29":3,"s:123:2:130:Infinity":55,"s:124:18:124:Infinity":56,"b:125:4:125:Infinity:undefined:undefined:undefined:undefined":25,"s:125:4:125:Infinity":57,"s:125:28:125:Infinity":58,"s:126:20:126:Infinity":59,"s:127:4:127:Infinity":60,"b:127:11:127:26:127:26:127:Infinity":26,"s:129:4:129:Infinity":61,"f:133:16:133:47":4,"s:134:2:134:Infinity":62,"s:135:2:135:Infinity":63,"s:136:2:136:Infinity":64,"b:137:2:139:Infinity:undefined:undefined:undefined:undefined":27,"s:137:2:139:Infinity":65,"b:137:6:137:39:137:39:137:87":28,"s:138:4:138:Infinity":66,"f:142:22:142:77":5,"s:143:23:143:Infinity":67,"b:144:2:147:Infinity:undefined:undefined:undefined:undefined":29,"s:144:2:147:Infinity":68,"b:144:6:144:23:144:23:144:50:144:50:144:80":30,"s:145:4:145:Infinity":69,"s:146:4:146:Infinity":70,"s:149:2:177:Infinity":71,"s:150:16:154:Infinity":72,"b:156:4:174:Infinity:171:11:174:Infinity":31,"s:156:4:174:Infinity":73,"s:157:19:157:Infinity":74,"b:158:6:170:Infinity:undefined:undefined:undefined:undefined":32,"s:158:6:170:Infinity":75,"b:158:10:158:18:158:18:158:37":33,"s:159:8:159:Infinity":76,"b:160:8:162:Infinity:undefined:undefined:undefined:undefined":34,"s:160:8:162:Infinity":77,"s:161:10:161:Infinity":78,"b:163:8:165:Infinity:undefined:undefined:undefined:undefined":35,"s:163:8:165:Infinity":79,"s:164:10:164:Infinity":80,"s:166:8:166:Infinity":81,"s:167:8:167:Infinity":82,"s:168:8:168:Infinity":83,"s:169:8:169:Infinity":84,"b:171:11:174:Infinity:undefined:undefined:undefined:undefined":36,"s:171:11:174:Infinity":85,"b:171:15:171:37:171:37:171:57":37,"s:172:6:172:Infinity":86,"s:173:6:173:Infinity":87,"s:176:4:176:Infinity":88,"s:178:2:178:Infinity":89,"f:181:16:181:49":6,"b:182:2:185:Infinity:undefined:undefined:undefined:undefined":38,"s:182:2:185:Infinity":90,"s:183:4:183:Infinity":91,"s:184:4:184:Infinity":92,"s:187:16:187:Infinity":93,"b:188:2:188:Infinity:undefined:undefined:undefined:undefined":39,"s:188:2:188:Infinity":94,"b:188:6:188:16:188:16:188:36:188:36:188:59":40,"s:188:59:188:Infinity":95,"s:190:14:190:Infinity":96,"b:191:2:191:Infinity:undefined:undefined:undefined:undefined":41,"s:191:2:191:Infinity":97,"s:191:12:191:Infinity":98,"s:193:23:193:Infinity":99,"s:194:27:194:Infinity":100,"b:196:2:199:Infinity:undefined:undefined:undefined:undefined":42,"s:196:2:199:Infinity":101,"s:197:4:197:Infinity":102,"s:198:4:198:Infinity":103,"s:202:26:202:Infinity":104,"s:203:25:203:Infinity":105,"s:204:18:204:Infinity":106,"s:206:2:206:Infinity":107,"s:208:2:210:Infinity":108,"f:208:22:208:39":7,"s:209:4:209:Infinity":109,"b:214:0:216:Infinity:undefined:undefined:undefined:undefined":43,"s:214:0:216:Infinity":110,"s:215:2:215:Infinity":111,"f:218:22:218:32":8,"s:219:14:223:Infinity":112,"b:224:2:227:Infinity:undefined:undefined:undefined:undefined":44,"s:224:2:227:Infinity":113,"s:225:22:225:Infinity":114,"f:225:39:225:52":9,"s:225:52:225:55":115,"s:226:4:226:Infinity":116,"b:226:20:226:40:226:40:226:55":45,"s:228:15:228:Infinity":117,"b:229:2:235:Infinity:undefined:undefined:undefined:undefined":46,"s:229:2:235:Infinity":118,"b:229:6:229:14:229:14:229:33":47,"s:230:4:230:Infinity":119,"b:231:4:233:Infinity:undefined:undefined:undefined:undefined":48,"s:231:4:233:Infinity":120,"s:232:6:232:Infinity":121,"s:234:4:234:Infinity":122,"s:236:2:236:Infinity":123,"f:239:22:239:38":10,"s:240:14:240:Infinity":124,"b:241:2:241:Infinity:undefined:undefined:undefined:undefined":49,"s:241:2:241:Infinity":125,"s:241:15:241:Infinity":126,"s:242:2:242:Infinity":127,"f:245:22:245:35":11,"s:246:14:246:Infinity":128,"b:247:2:247:Infinity:undefined:undefined:undefined:undefined":50,"s:247:2:247:Infinity":129,"s:247:15:247:Infinity":130,"s:248:2:248:Infinity":131,"f:251:22:251:36":12,"s:252:14:255:Infinity":132,"b:256:2:256:Infinity:undefined:undefined:undefined:undefined":51,"s:256:2:256:Infinity":133,"s:256:15:256:Infinity":134,"s:257:2:257:Infinity":135,"f:260:22:260:36":13,"s:261:14:264:Infinity":136,"b:265:2:265:Infinity:undefined:undefined:undefined:undefined":52,"s:265:2:265:Infinity":137,"s:265:15:265:Infinity":138,"s:266:2:266:Infinity":139,"f:269:22:269:36":14,"s:270:14:272:Infinity":140,"b:273:2:276:Infinity:undefined:undefined:undefined:undefined":53,"s:273:2:276:Infinity":141,"s:274:22:274:Infinity":142,"f:274:39:274:52":15,"s:274:52:274:55":143,"s:275:4:275:Infinity":144,"b:275:20:275:40:275:40:275:66":54,"s:277:2:277:Infinity":145,"f:342:22:342:41":16,"b:342:91:342:102":55,"s:343:19:343:Infinity":146,"s:344:2:344:Infinity":147,"s:345:2:345:Infinity":148,"s:346:2:346:Infinity":149,"s:348:16:348:Infinity":150,"s:349:42:349:Infinity":151,"b:350:2:352:Infinity:undefined:undefined:undefined:undefined":56,"s:350:2:352:Infinity":152,"s:351:4:351:Infinity":153,"s:354:14:358:Infinity":154,"b:360:2:363:Infinity:undefined:undefined:undefined:undefined":57,"s:360:2:363:Infinity":155,"s:361:22:361:Infinity":156,"f:361:39:361:52":17,"s:361:52:361:55":157,"s:362:4:362:Infinity":158,"b:362:20:362:40:362:40:362:75":58,"s:364:2:364:Infinity":159,"f:367:22:367:43":18,"b:367:62:367:99":59,"s:368:14:368:Infinity":160,"b:369:2:369:Infinity:undefined:undefined:undefined:undefined":60,"s:369:2:369:Infinity":161,"s:369:15:369:Infinity":162,"s:370:2:370:Infinity":163,"f:373:22:373:44":19,"b:373:90:373:127":61,"s:374:14:377:Infinity":164,"b:378:2:381:Infinity:undefined:undefined:undefined:undefined":62,"s:378:2:381:Infinity":165,"s:379:20:379:Infinity":166,"f:379:37:379:50":20,"s:379:50:379:53":167,"s:380:4:380:Infinity":168,"b:380:20:380:38:380:38:380:81":63,"s:382:2:382:Infinity":169,"f:385:22:385:41":21,"s:387:14:387:Infinity":170,"b:388:2:388:Infinity:undefined:undefined:undefined:undefined":64,"s:388:2:388:Infinity":171,"s:388:15:388:Infinity":172,"s:389:2:389:Infinity":173,"f:392:22:392:33":22,"s:393:14:393:Infinity":174,"b:394:2:394:Infinity:undefined:undefined:undefined:undefined":65,"s:394:2:394:Infinity":175,"s:394:15:394:Infinity":176,"s:395:2:395:Infinity":177,"f:398:22:398:33":23,"s:399:14:402:Infinity":178,"b:403:2:403:Infinity:undefined:undefined:undefined:undefined":66,"s:403:2:403:Infinity":179,"s:403:15:403:Infinity":180,"s:404:2:404:Infinity":181,"f:407:22:407:33":24,"s:408:14:411:Infinity":182,"b:412:2:412:Infinity:undefined:undefined:undefined:undefined":67,"s:412:2:412:Infinity":183,"s:412:15:412:Infinity":184,"s:413:2:413:Infinity":185,"f:416:22:416:34":25,"s:417:14:417:Infinity":186,"b:418:2:418:Infinity:undefined:undefined:undefined:undefined":68,"s:418:2:418:Infinity":187,"s:418:15:418:Infinity":188,"s:419:2:419:Infinity":189,"f:422:22:422:34":26,"s:423:19:423:Infinity":190,"s:424:2:424:Infinity":191,"s:425:2:425:Infinity":192,"s:427:14:434:Infinity":193,"b:435:2:435:Infinity:undefined:undefined:undefined:undefined":69,"s:435:2:435:Infinity":194,"s:435:15:435:Infinity":195,"s:436:2:436:Infinity":196,"f:439:22:439:35":27,"s:440:14:440:Infinity":197,"b:441:2:441:Infinity:undefined:undefined:undefined:undefined":70,"s:441:2:441:Infinity":198,"s:441:15:441:Infinity":199,"s:442:2:442:Infinity":200,"f:445:22:445:35":28,"s:446:14:446:Infinity":201,"b:447:2:447:Infinity:undefined:undefined:undefined:undefined":71,"s:447:2:447:Infinity":202,"s:447:15:447:Infinity":203,"s:448:2:448:Infinity":204,"f:451:22:451:37":29,"s:460:14:464:Infinity":205,"b:465:2:468:Infinity:undefined:undefined:undefined:undefined":72,"s:465:2:468:Infinity":206,"s:466:22:466:Infinity":207,"f:466:39:466:52":30,"s:466:52:466:55":208,"s:467:4:467:Infinity":209,"b:467:20:467:40:467:40:467:67":73,"s:469:2:469:Infinity":210,"f:472:22:472:42":31,"s:473:14:473:Infinity":211,"b:474:2:474:Infinity:undefined:undefined:undefined:undefined":74,"s:474:2:474:Infinity":212,"s:474:15:474:Infinity":213,"s:475:2:475:Infinity":214,"f:479:16:479:40":32,"s:480:16:480:Infinity":215,"b:481:2:481:Infinity:undefined:undefined:undefined:undefined":75,"s:481:2:481:Infinity":216,"s:481:14:481:Infinity":217,"s:482:2:489:Infinity":218,"s:483:18:483:Infinity":219,"b:484:4:484:Infinity:undefined:undefined:undefined:undefined":76,"s:484:4:484:Infinity":220,"s:484:28:484:Infinity":221,"s:485:20:485:Infinity":222,"s:486:4:486:Infinity":223,"b:486:11:486:32:486:32:486:Infinity":77,"s:488:4:488:Infinity":224,"f:492:16:492:38":33,"s:493:16:493:Infinity":225,"b:494:2:494:Infinity:undefined:undefined:undefined:undefined":78,"s:494:2:494:Infinity":226,"s:494:14:494:Infinity":227,"s:495:2:503:Infinity":228,"s:496:18:496:Infinity":229,"b:497:4:497:Infinity:undefined:undefined:undefined:undefined":79,"s:497:4:497:Infinity":230,"s:497:28:497:Infinity":231,"s:498:20:498:Infinity":232,"s:499:4:499:Infinity":233,"b:499:11:499:27:499:27:499:Infinity":80,"s:501:4:501:Infinity":234,"s:502:4:502:Infinity":235,"f:506:22:506:46":34,"s:507:14:507:Infinity":236,"b:508:2:508:Infinity:undefined:undefined:undefined:undefined":81,"s:508:2:508:Infinity":237,"s:508:15:508:Infinity":238,"s:509:2:509:Infinity":239,"f:512:22:512:44":35,"s:513:14:516:Infinity":240,"b:517:2:520:Infinity:undefined:undefined:undefined:undefined":82,"s:517:2:520:Infinity":241,"s:518:20:518:Infinity":242,"f:518:37:518:50":36,"s:518:50:518:53":243,"s:519:4:519:Infinity":244,"b:519:20:519:38:519:38:519:63":83,"s:521:2:521:Infinity":245,"f:524:22:524:45":37,"s:525:14:527:Infinity":246,"b:528:2:531:Infinity:undefined:undefined:undefined:undefined":84,"s:528:2:531:Infinity":247,"s:529:20:529:Infinity":248,"f:529:37:529:50":38,"s:529:50:529:53":249,"s:530:4:530:Infinity":250,"b:530:20:530:38:530:38:530:69":85,"s:532:2:532:Infinity":251,"f:535:22:535:47":39,"s:536:14:536:Infinity":252,"b:537:2:540:Infinity:undefined:undefined:undefined:undefined":86,"s:537:2:540:Infinity":253,"s:538:20:538:Infinity":254,"f:538:37:538:50":40,"s:538:50:538:53":255,"s:539:4:539:Infinity":256,"b:539:20:539:38:539:38:539:76":87,"s:541:2:541:Infinity":257,"f:544:22:544:49":41,"s:545:14:545:Infinity":258,"b:546:2:549:Infinity:undefined:undefined:undefined:undefined":88,"s:546:2:549:Infinity":259,"s:547:20:547:Infinity":260,"f:547:37:547:50":42,"s:547:50:547:53":261,"s:548:4:548:Infinity":262,"b:548:20:548:38:548:38:548:80":89,"s:550:2:550:Infinity":263,"f:553:22:553:52":43,"s:554:14:557:Infinity":264,"b:558:2:561:Infinity:undefined:undefined:undefined:undefined":90,"s:558:2:561:Infinity":265,"s:559:20:559:Infinity":266,"f:559:37:559:50":44,"s:559:50:559:53":267,"s:560:4:560:Infinity":268,"b:560:20:560:38:560:38:560:83":91,"s:562:2:562:Infinity":269,"f:565:22:565:48":45,"s:566:14:568:Infinity":270,"b:569:2:572:Infinity:undefined:undefined:undefined:undefined":92,"s:569:2:572:Infinity":271,"s:570:20:570:Infinity":272,"f:570:37:570:50":46,"s:570:50:570:53":273,"s:571:4:571:Infinity":274,"b:571:20:571:38:571:38:571:68":93,"s:573:2:573:Infinity":275,"f:576:22:576:44":47,"s:577:14:579:Infinity":276,"b:580:2:583:Infinity:undefined:undefined:undefined:undefined":94,"s:580:2:583:Infinity":277,"s:581:20:581:Infinity":278,"f:581:37:581:50":48,"s:581:50:581:53":279,"s:582:4:582:Infinity":280,"b:582:20:582:38:582:38:582:64":95,"s:584:2:584:Infinity":281,"f:587:22:587:42":49,"s:588:14:591:Infinity":282,"b:592:2:595:Infinity:undefined:undefined:undefined:undefined":96,"s:592:2:595:Infinity":283,"s:593:20:593:Infinity":284,"f:593:37:593:50":50,"s:593:50:593:53":285,"s:594:4:594:Infinity":286,"b:594:20:594:38:594:38:594:68":97,"s:596:2:596:Infinity":287,"f:599:22:599:43":51,"s:600:14:602:Infinity":288,"b:603:2:606:Infinity:undefined:undefined:undefined:undefined":98,"s:603:2:606:Infinity":289,"s:604:20:604:Infinity":290,"f:604:37:604:50":52,"s:604:50:604:53":291,"s:605:4:605:Infinity":292,"b:605:20:605:38:605:38:605:71":99,"s:607:2:607:Infinity":293,"f:614:22:614:87":53,"s:615:14:615:Infinity":294,"b:616:2:616:Infinity:undefined:undefined:undefined:undefined":100,"s:616:2:616:Infinity":295,"s:616:15:616:Infinity":296,"s:617:2:617:Infinity":297,"f:620:22:620:43":54,"s:621:14:624:Infinity":298,"b:625:2:628:Infinity:undefined:undefined:undefined:undefined":101,"s:625:2:628:Infinity":299,"s:626:20:626:Infinity":300,"f:626:37:626:50":55,"s:626:50:626:53":301,"s:627:4:627:Infinity":302,"b:627:20:627:38:627:38:627:78":102,"s:629:2:629:Infinity":303,"f:636:22:636:42":56,"s:642:14:645:Infinity":304,"b:646:2:649:Infinity:undefined:undefined:undefined:undefined":103,"s:646:2:649:Infinity":305,"s:647:20:647:Infinity":306,"f:647:37:647:50":57,"s:647:50:647:53":307,"s:648:4:648:Infinity":308,"b:648:20:648:38:648:38:648:65":104,"s:650:2:650:Infinity":309,"f:657:22:657:Infinity":58,"s:663:14:663:Infinity":310,"b:664:2:664:Infinity:undefined:undefined:undefined:undefined":105,"s:664:2:664:Infinity":311,"s:664:15:664:Infinity":312,"s:665:2:665:Infinity":313,"f:668:22:668:38":59,"s:674:14:677:Infinity":314,"b:678:2:681:Infinity:undefined:undefined:undefined:undefined":106,"s:678:2:681:Infinity":315,"s:679:20:679:Infinity":316,"f:679:37:679:50":60,"s:679:50:679:53":317,"s:680:4:680:Infinity":318,"b:680:20:680:38:680:38:680:68":107,"s:682:2:682:Infinity":319,"f:685:22:685:Infinity":61,"s:691:14:693:Infinity":320,"b:694:2:697:Infinity:undefined:undefined:undefined:undefined":108,"s:694:2:697:Infinity":321,"s:695:20:695:Infinity":322,"f:695:37:695:50":62,"s:695:50:695:53":323,"s:696:4:696:Infinity":324,"b:696:20:696:38:696:38:696:77":109,"s:698:2:698:Infinity":325,"f:705:22:705:38":63,"s:706:14:706:Infinity":326,"b:707:2:707:Infinity:undefined:undefined:undefined:undefined":110,"s:707:2:707:Infinity":327,"s:707:15:707:Infinity":328,"s:708:2:708:Infinity":329,"f:711:22:711:43":64,"s:712:14:712:Infinity":330,"b:713:2:713:Infinity:undefined:undefined:undefined:undefined":111,"s:713:2:713:Infinity":331,"s:713:15:713:Infinity":332,"s:714:2:714:Infinity":333,"f:717:22:717:39":65,"s:718:16:718:Infinity":334,"b:718:28:718:77:718:77:718:Infinity":112,"s:719:14:719:Infinity":335,"b:720:2:720:Infinity:undefined:undefined:undefined:undefined":113,"s:720:2:720:Infinity":336,"s:720:15:720:Infinity":337,"s:721:2:721:Infinity":338,"f:724:22:724:45":66,"s:730:14:738:Infinity":339,"b:734:13:734:30:734:30:734:Infinity":114,"b:739:2:742:Infinity:undefined:undefined:undefined:undefined":115,"s:739:2:742:Infinity":340,"s:740:20:740:Infinity":341,"f:740:37:740:50":67,"s:740:50:740:53":342,"s:741:4:741:Infinity":343,"b:741:20:741:38:741:38:741:65":116,"s:743:2:743:Infinity":344,"f:746:22:746:43":68,"s:757:14:760:Infinity":345,"b:761:2:764:Infinity:undefined:undefined:undefined:undefined":117,"s:761:2:764:Infinity":346,"s:762:20:762:Infinity":347,"f:762:37:762:50":69,"s:762:50:762:53":348,"s:763:4:763:Infinity":349,"b:763:20:763:38:763:38:763:73":118,"s:765:2:765:Infinity":350,"s:774:29:782:Infinity":351,"f:774:29:774:36":70,"b:774:55:774:90":119,"s:775:18:775:Infinity":352,"s:776:2:776:Infinity":353,"s:777:19:779:Infinity":354,"b:780:2:780:Infinity:undefined:undefined:undefined:undefined":120,"s:780:2:780:Infinity":355,"s:780:20:780:Infinity":356,"s:781:2:781:Infinity":357,"s:784:29:794:Infinity":358,"f:784:29:784:36":71,"b:784:74:784:107":121,"s:785:18:785:Infinity":359,"s:786:2:786:Infinity":360,"s:787:19:791:Infinity":361,"b:792:2:792:Infinity:undefined:undefined:undefined:undefined":122,"s:792:2:792:Infinity":362,"s:792:20:792:Infinity":363,"s:793:2:793:Infinity":364,"s:796:29:806:Infinity":365,"f:796:29:796:36":72,"b:796:86:796:119":123,"s:797:18:797:Infinity":366,"s:798:2:798:Infinity":367,"s:799:19:803:Infinity":368,"b:804:2:804:Infinity:undefined:undefined:undefined:undefined":124,"s:804:2:804:Infinity":369,"s:804:20:804:Infinity":370,"s:805:2:805:Infinity":371,"s:808:29:816:Infinity":372,"f:808:29:808:36":73,"b:808:67:808:96":125,"s:809:18:809:Infinity":373,"s:810:2:810:Infinity":374,"s:811:19:814:Infinity":375,"b:815:2:815:Infinity:undefined:undefined:undefined:undefined":126,"s:815:2:815:Infinity":376,"s:815:20:815:Infinity":377},"fnNames":{}}}
}
