{"/app/src/App.css": {"path":"/app/src/App.css","statementMap":{},"fnMap":{},"branchMap":{},"s":{},"f":{},"b":{},"meta":{"lastBranch":0,"lastFunction":0,"lastStatement":0,"seen":{},"fnNames":{}}}
,"/app/src/App.tsx": {"path":"/app/src/App.tsx","statementMap":{"0":{"start":{"line":35,"column":16},"end":{"line":35,"column":null}},"1":{"start":{"line":36,"column":2},"end":{"line":40,"column":null}},"2":{"start":{"line":37,"column":4},"end":{"line":37,"column":null}},"3":{"start":{"line":38,"column":4},"end":{"line":38,"column":null}},"4":{"start":{"line":39,"column":4},"end":{"line":39,"column":null}},"5":{"start":{"line":41,"column":2},"end":{"line":41,"column":null}},"6":{"start":{"line":46,"column":38},"end":{"line":46,"column":null}},"7":{"start":{"line":47,"column":19},"end":{"line":47,"column":31}},"8":{"start":{"line":49,"column":8},"end":{"line":52,"column":null}},"9":{"start":{"line":50,"column":18},"end":{"line":50,"column":null}},"10":{"start":{"line":51,"column":4},"end":{"line":51,"column":null}},"11":{"start":{"line":54,"column":2},"end":{"line":58,"column":null}},"12":{"start":{"line":55,"column":4},"end":{"line":55,"column":null}},"13":{"start":{"line":56,"column":4},"end":{"line":56,"column":null}},"14":{"start":{"line":57,"column":4},"end":{"line":57,"column":null}},"15":{"start":{"line":57,"column":17},"end":{"line":57,"column":null}},"16":{"start":{"line":60,"column":8},"end":{"line":65,"column":null}},"17":{"start":{"line":61,"column":4},"end":{"line":61,"column":null}},"18":{"start":{"line":62,"column":4},"end":{"line":62,"column":null}},"19":{"start":{"line":63,"column":4},"end":{"line":63,"column":null}},"20":{"start":{"line":64,"column":4},"end":{"line":64,"column":null}},"21":{"start":{"line":67,"column":2},"end":{"line":95,"column":null}},"22":{"start":{"line":101,"column":19},"end":{"line":101,"column":31}},"23":{"start":{"line":102,"column":19},"end":{"line":102,"column":31}},"24":{"start":{"line":103,"column":40},"end":{"line":105,"column":null}},"25":{"start":{"line":104,"column":4},"end":{"line":104,"column":null}},"26":{"start":{"line":107,"column":8},"end":{"line":110,"column":null}},"27":{"start":{"line":108,"column":4},"end":{"line":108,"column":null}},"28":{"start":{"line":109,"column":4},"end":{"line":109,"column":null}},"29":{"start":{"line":112,"column":8},"end":{"line":116,"column":null}},"30":{"start":{"line":113,"column":4},"end":{"line":113,"column":null}},"31":{"start":{"line":114,"column":4},"end":{"line":114,"column":null}},"32":{"start":{"line":115,"column":4},"end":{"line":115,"column":null}},"33":{"start":{"line":118,"column":24},"end":{"line":118,"column":null}},"34":{"start":{"line":120,"column":2},"end":{"line":131,"column":null}},"35":{"start":{"line":136,"column":2},"end":{"line":286,"column":null}}},"fnMap":{"0":{"name":"ProtectedRoute","decl":{"start":{"line":34,"column":9},"end":{"line":34,"column":24}},"loc":{"start":{"line":34,"column":69},"end":{"line":42,"column":null}},"line":34},"1":{"name":"Header","decl":{"start":{"line":45,"column":9},"end":{"line":45,"column":18}},"loc":{"start":{"line":45,"column":18},"end":{"line":97,"column":null}},"line":45},"2":{"name":"(anonymous_2)","decl":{"start":{"line":49,"column":8},"end":{"line":49,"column":26}},"loc":{"start":{"line":49,"column":26},"end":{"line":52,"column":null}},"line":49},"3":{"name":"(anonymous_3)","decl":{"start":{"line":54,"column":2},"end":{"line":54,"column":18}},"loc":{"start":{"line":54,"column":18},"end":{"line":58,"column":5}},"line":54},"4":{"name":"(anonymous_4)","decl":{"start":{"line":57,"column":4},"end":{"line":57,"column":17}},"loc":{"start":{"line":57,"column":17},"end":{"line":57,"column":null}},"line":57},"5":{"name":"(anonymous_5)","decl":{"start":{"line":60,"column":8},"end":{"line":60,"column":29}},"loc":{"start":{"line":60,"column":29},"end":{"line":65,"column":null}},"line":60},"6":{"name":"DashboardLayout","decl":{"start":{"line":100,"column":9},"end":{"line":100,"column":25}},"loc":{"start":{"line":100,"column":70},"end":{"line":133,"column":null}},"line":100},"7":{"name":"(anonymous_7)","decl":{"start":{"line":103,"column":40},"end":{"line":103,"column":55}},"loc":{"start":{"line":103,"column":55},"end":{"line":105,"column":3}},"line":103},"8":{"name":"(anonymous_8)","decl":{"start":{"line":107,"column":8},"end":{"line":107,"column":25}},"loc":{"start":{"line":107,"column":42},"end":{"line":110,"column":null}},"line":107},"9":{"name":"(anonymous_9)","decl":{"start":{"line":112,"column":8},"end":{"line":112,"column":29}},"loc":{"start":{"line":112,"column":29},"end":{"line":116,"column":null}},"line":112},"10":{"name":"App","decl":{"start":{"line":135,"column":9},"end":{"line":135,"column":15}},"loc":{"start":{"line":135,"column":15},"end":{"line":288,"column":null}},"line":135}},"branchMap":{"0":{"loc":{"start":{"line":36,"column":2},"end":{"line":40,"column":null}},"type":"if","locations":[{"start":{"line":36,"column":2},"end":{"line":40,"column":null}},{"start":{},"end":{}}],"line":36},"1":{"loc":{"start":{"line":36,"column":6},"end":{"line":36,"column":59}},"type":"binary-expr","locations":[{"start":{"line":36,"column":6},"end":{"line":36,"column":16}},{"start":{"line":36,"column":16},"end":{"line":36,"column":36}},{"start":{"line":36,"column":36},"end":{"line":36,"column":59}}],"line":36},"2":{"loc":{"start":{"line":51,"column":18},"end":{"line":51,"column":70}},"type":"binary-expr","locations":[{"start":{"line":51,"column":18},"end":{"line":51,"column":29}},{"start":{"line":51,"column":29},"end":{"line":51,"column":49}},{"start":{"line":51,"column":49},"end":{"line":51,"column":70}}],"line":51},"3":{"loc":{"start":{"line":83,"column":11},"end":{"line":93,"column":null}},"type":"binary-expr","locations":[{"start":{"line":83,"column":11},"end":{"line":83,"column":null}},{"start":{"line":84,"column":12},"end":{"line":93,"column":null}}],"line":83},"4":{"loc":{"start":{"line":125,"column":73},"end":{"line":125,"column":null}},"type":"cond-expr","locations":[{"start":{"line":125,"column":89},"end":{"line":125,"column":97}},{"start":{"line":125,"column":97},"end":{"line":125,"column":null}}],"line":125},"5":{"loc":{"start":{"line":126,"column":57},"end":{"line":126,"column":null}},"type":"cond-expr","locations":[{"start":{"line":126,"column":73},"end":{"line":126,"column":95}},{"start":{"line":126,"column":95},"end":{"line":126,"column":null}}],"line":126}},"s":{"0":5,"1":5,"2":4,"3":4,"4":4,"5":1,"6":0,"7":0,"8":0,"9":0,"10":0,"11":0,"12":0,"13":0,"14":0,"15":0,"16":0,"17":0,"18":0,"19":0,"20":0,"21":0,"22":0,"23":0,"24":0,"25":0,"26":0,"27":0,"28":0,"29":0,"30":0,"31":0,"32":0,"33":0,"34":0,"35":0},"f":{"0":5,"1":0,"2":0,"3":0,"4":0,"5":0,"6":0,"7":0,"8":0,"9":0,"10":0},"b":{"0":[4,1],"1":[5,3,2],"2":[0,0,0],"3":[0,0],"4":[0,0],"5":[0,0]},"meta":{"lastBranch":6,"lastFunction":11,"lastStatement":36,"seen":{"f:34:9:34:24":0,"s:35:16:35:Infinity":0,"b:36:2:40:Infinity:undefined:undefined:undefined:undefined":0,"s:36:2:40:Infinity":1,"b:36:6:36:16:36:16:36:36:36:36:36:59":1,"s:37:4:37:Infinity":2,"s:38:4:38:Infinity":3,"s:39:4:39:Infinity":4,"s:41:2:41:Infinity":5,"f:45:9:45:18":1,"s:46:38:46:Infinity":6,"s:47:19:47:31":7,"s:49:8:52:Infinity":8,"f:49:8:49:26":2,"s:50:18:50:Infinity":9,"s:51:4:51:Infinity":10,"b:51:18:51:29:51:29:51:49:51:49:51:70":2,"s:54:2:58:Infinity":11,"f:54:2:54:18":3,"s:55:4:55:Infinity":12,"s:56:4:56:Infinity":13,"s:57:4:57:Infinity":14,"f:57:4:57:17":4,"s:57:17:57:Infinity":15,"s:60:8:65:Infinity":16,"f:60:8:60:29":5,"s:61:4:61:Infinity":17,"s:62:4:62:Infinity":18,"s:63:4:63:Infinity":19,"s:64:4:64:Infinity":20,"s:67:2:95:Infinity":21,"b:83:11:83:Infinity:84:12:93:Infinity":3,"f:100:9:100:25":6,"s:101:19:101:31":22,"s:102:19:102:31":23,"s:103:40:105:Infinity":24,"f:103:40:103:55":7,"s:104:4:104:Infinity":25,"s:107:8:110:Infinity":26,"f:107:8:107:25":8,"s:108:4:108:Infinity":27,"s:109:4:109:Infinity":28,"s:112:8:116:Infinity":29,"f:112:8:112:29":9,"s:113:4:113:Infinity":30,"s:114:4:114:Infinity":31,"s:115:4:115:Infinity":32,"s:118:24:118:Infinity":33,"s:120:2:131:Infinity":34,"b:125:89:125:97:125:97:125:Infinity":4,"b:126:73:126:95:126:95:126:Infinity":5,"f:135:9:135:15":10,"s:136:2:286:Infinity":35},"fnNames":{}}}
,"/app/src/index.css": {"path":"/app/src/index.css","statementMap":{},"fnMap":{},"branchMap":{},"s":{},"f":{},"b":{},"meta":{"lastBranch":0,"lastFunction":0,"lastStatement":0,"seen":{},"fnNames":{}}}
,"/app/src/components/Footer.tsx": {"path":"/app/src/components/Footer.tsx","statementMap":{"0":{"start":{"line":19,"column":6},"end":{"line":32,"column":null}},"1":{"start":{"line":20,"column":2},"end":{"line":32,"column":null}},"2":{"start":{"line":35,"column":6},"end":{"line":48,"column":null}},"3":{"start":{"line":36,"column":2},"end":{"line":48,"column":null}},"4":{"start":{"line":56,"column":8},"end":{"line":58,"column":null}},"5":{"start":{"line":57,"column":4},"end":{"line":57,"column":null}},"6":{"start":{"line":60,"column":8},"end":{"line":65,"column":null}},"7":{"start":{"line":61,"column":4},"end":{"line":64,"column":null}},"8":{"start":{"line":62,"column":6},"end":{"line":62,"column":null}},"9":{"start":{"line":63,"column":6},"end":{"line":63,"column":null}},"10":{"start":{"line":67,"column":2},"end":{"line":280,"column":null}},"11":{"start":{"line":198,"column":35},"end":{"line":198,"column":null}},"12":{"start":{"line":212,"column":35},"end":{"line":212,"column":null}}},"fnMap":{"0":{"name":"(anonymous_0)","decl":{"start":{"line":19,"column":6},"end":{"line":19,"column":22}},"loc":{"start":{"line":20,"column":2},"end":{"line":32,"column":null}},"line":20},"1":{"name":"(anonymous_1)","decl":{"start":{"line":35,"column":6},"end":{"line":35,"column":23}},"loc":{"start":{"line":36,"column":2},"end":{"line":48,"column":null}},"line":36},"2":{"name":"Footer","decl":{"start":{"line":55,"column":24},"end":{"line":55,"column":31}},"loc":{"start":{"line":55,"column":61},"end":{"line":282,"column":null}},"line":55},"3":{"name":"(anonymous_3)","decl":{"start":{"line":56,"column":8},"end":{"line":56,"column":34}},"loc":{"start":{"line":56,"column":34},"end":{"line":58,"column":null}},"line":56},"4":{"name":"(anonymous_4)","decl":{"start":{"line":60,"column":8},"end":{"line":60,"column":26}},"loc":{"start":{"line":60,"column":59},"end":{"line":65,"column":null}},"line":60},"5":{"name":"(anonymous_5)","decl":{"start":{"line":198,"column":20},"end":{"line":198,"column":35}},"loc":{"start":{"line":198,"column":35},"end":{"line":198,"column":null}},"line":198},"6":{"name":"(anonymous_6)","decl":{"start":{"line":212,"column":20},"end":{"line":212,"column":35}},"loc":{"start":{"line":212,"column":35},"end":{"line":212,"column":null}},"line":212}},"branchMap":{"0":{"loc":{"start":{"line":61,"column":4},"end":{"line":64,"column":null}},"type":"if","locations":[{"start":{"line":61,"column":4},"end":{"line":64,"column":null}},{"start":{},"end":{}}],"line":61},"1":{"loc":{"start":{"line":182,"column":17},"end":{"line":194,"column":null}},"type":"cond-expr","locations":[{"start":{"line":183,"column":18},"end":{"line":190,"column":19}},{"start":{"line":190,"column":18},"end":{"line":194,"column":null}}],"line":182},"2":{"loc":{"start":{"line":196,"column":17},"end":{"line":208,"column":null}},"type":"cond-expr","locations":[{"start":{"line":197,"column":18},"end":{"line":204,"column":19}},{"start":{"line":204,"column":18},"end":{"line":208,"column":null}}],"line":196},"3":{"loc":{"start":{"line":210,"column":17},"end":{"line":222,"column":null}},"type":"cond-expr","locations":[{"start":{"line":211,"column":18},"end":{"line":218,"column":19}},{"start":{"line":218,"column":18},"end":{"line":222,"column":null}}],"line":210}},"s":{"0":2,"1":5,"2":2,"3":5,"4":5,"5":2,"6":5,"7":1,"8":1,"9":1,"10":5,"11":1,"12":0},"f":{"0":5,"1":5,"2":5,"3":2,"4":1,"5":1,"6":0},"b":{"0":[1,0],"1":[1,4],"2":[1,4],"3":[1,4]},"meta":{"lastBranch":4,"lastFunction":7,"lastStatement":13,"seen":{"s:19:6:32:Infinity":0,"f:19:6:19:22":0,"s:20:2:32:Infinity":1,"s:35:6:48:Infinity":2,"f:35:6:35:23":1,"s:36:2:48:Infinity":3,"f:55:24:55:31":2,"s:56:8:58:Infinity":4,"f:56:8:56:34":3,"s:57:4:57:Infinity":5,"s:60:8:65:Infinity":6,"f:60:8:60:26":4,"b:61:4:64:Infinity:undefined:undefined:undefined:undefined":0,"s:61:4:64:Infinity":7,"s:62:6:62:Infinity":8,"s:63:6:63:Infinity":9,"s:67:2:280:Infinity":10,"b:183:18:190:19:190:18:194:Infinity":1,"b:197:18:204:19:204:18:208:Infinity":2,"f:198:20:198:35":5,"s:198:35:198:Infinity":11,"b:211:18:218:19:218:18:222:Infinity":3,"f:212:20:212:35":6,"s:212:35:212:Infinity":12},"fnNames":{}}}
,"/app/src/components/GlobalOrderNotification.tsx": {"path":"/app/src/components/GlobalOrderNotification.tsx","statementMap":{"0":{"start":{"line":11,"column":6},"end":{"line":18,"column":null}},"1":{"start":{"line":12,"column":2},"end":{"line":12,"column":null}},"2":{"start":{"line":12,"column":35},"end":{"line":12,"column":null}},"3":{"start":{"line":13,"column":17},"end":{"line":13,"column":null}},"4":{"start":{"line":14,"column":22},"end":{"line":14,"column":null}},"5":{"start":{"line":15,"column":18},"end":{"line":15,"column":null}},"6":{"start":{"line":16,"column":19},"end":{"line":16,"column":null}},"7":{"start":{"line":17,"column":2},"end":{"line":17,"column":null}},"8":{"start":{"line":21,"column":42},"end":{"line":21,"column":null}},"9":{"start":{"line":22,"column":26},"end":{"line":22,"column":null}},"10":{"start":{"line":23,"column":24},"end":{"line":23,"column":null}},"11":{"start":{"line":24,"column":22},"end":{"line":24,"column":null}},"12":{"start":{"line":25,"column":23},"end":{"line":25,"column":null}},"13":{"start":{"line":26,"column":33},"end":{"line":26,"column":null}},"14":{"start":{"line":27,"column":33},"end":{"line":27,"column":null}},"15":{"start":{"line":29,"column":8},"end":{"line":36,"column":null}},"16":{"start":{"line":30,"column":4},"end":{"line":35,"column":null}},"17":{"start":{"line":31,"column":6},"end":{"line":31,"column":null}},"18":{"start":{"line":32,"column":6},"end":{"line":32,"column":null}},"19":{"start":{"line":33,"column":6},"end":{"line":33,"column":null}},"20":{"start":{"line":34,"column":6},"end":{"line":34,"column":null}},"21":{"start":{"line":39,"column":22},"end":{"line":59,"column":null}},"22":{"start":{"line":40,"column":4},"end":{"line":58,"column":null}},"23":{"start":{"line":41,"column":20},"end":{"line":41,"column":null}},"24":{"start":{"line":42,"column":6},"end":{"line":42,"column":null}},"25":{"start":{"line":42,"column":18},"end":{"line":42,"column":null}},"26":{"start":{"line":44,"column":23},"end":{"line":48,"column":null}},"27":{"start":{"line":49,"column":6},"end":{"line":49,"column":null}},"28":{"start":{"line":49,"column":24},"end":{"line":49,"column":null}},"29":{"start":{"line":51,"column":19},"end":{"line":51,"column":null}},"30":{"start":{"line":52,"column":6},"end":{"line":55,"column":null}},"31":{"start":{"line":53,"column":23},"end":{"line":53,"column":null}},"32":{"start":{"line":53,"column":56},"end":{"line":53,"column":78}},"33":{"start":{"line":54,"column":8},"end":{"line":54,"column":null}},"34":{"start":{"line":57,"column":6},"end":{"line":57,"column":null}},"35":{"start":{"line":61,"column":2},"end":{"line":116,"column":null}},"36":{"start":{"line":62,"column":18},"end":{"line":62,"column":null}},"37":{"start":{"line":63,"column":4},"end":{"line":63,"column":null}},"38":{"start":{"line":63,"column":16},"end":{"line":63,"column":null}},"39":{"start":{"line":65,"column":35},"end":{"line":65,"column":null}},"40":{"start":{"line":68,"column":10},"end":{"line":100,"column":null}},"41":{"start":{"line":69,"column":21},"end":{"line":69,"column":null}},"42":{"start":{"line":70,"column":6},"end":{"line":70,"column":null}},"43":{"start":{"line":72,"column":6},"end":{"line":74,"column":null}},"44":{"start":{"line":73,"column":8},"end":{"line":73,"column":null}},"45":{"start":{"line":76,"column":6},"end":{"line":90,"column":null}},"46":{"start":{"line":77,"column":8},"end":{"line":89,"column":null}},"47":{"start":{"line":78,"column":23},"end":{"line":78,"column":null}},"48":{"start":{"line":79,"column":10},"end":{"line":82,"column":null}},"49":{"start":{"line":80,"column":12},"end":{"line":80,"column":null}},"50":{"start":{"line":81,"column":12},"end":{"line":81,"column":null}},"51":{"start":{"line":83,"column":10},"end":{"line":86,"column":null}},"52":{"start":{"line":85,"column":12},"end":{"line":85,"column":null}},"53":{"start":{"line":88,"column":10},"end":{"line":88,"column":null}},"54":{"start":{"line":92,"column":6},"end":{"line":95,"column":null}},"55":{"start":{"line":93,"column":8},"end":{"line":93,"column":null}},"56":{"start":{"line":94,"column":8},"end":{"line":94,"column":null}},"57":{"start":{"line":97,"column":6},"end":{"line":99,"column":null}},"58":{"start":{"line":98,"column":8},"end":{"line":98,"column":null}},"59":{"start":{"line":102,"column":4},"end":{"line":102,"column":null}},"60":{"start":{"line":103,"column":4},"end":{"line":103,"column":null}},"61":{"start":{"line":106,"column":23},"end":{"line":106,"column":null}},"62":{"start":{"line":108,"column":4},"end":{"line":115,"column":null}},"63":{"start":{"line":109,"column":6},"end":{"line":112,"column":null}},"64":{"start":{"line":110,"column":8},"end":{"line":110,"column":null}},"65":{"start":{"line":111,"column":8},"end":{"line":111,"column":null}},"66":{"start":{"line":113,"column":6},"end":{"line":113,"column":null}},"67":{"start":{"line":114,"column":6},"end":{"line":114,"column":null}},"68":{"start":{"line":119,"column":2},"end":{"line":128,"column":null}},"69":{"start":{"line":120,"column":4},"end":{"line":124,"column":null}},"70":{"start":{"line":121,"column":6},"end":{"line":121,"column":null}},"71":{"start":{"line":123,"column":6},"end":{"line":123,"column":null}},"72":{"start":{"line":127,"column":4},"end":{"line":127,"column":null}},"73":{"start":{"line":127,"column":17},"end":{"line":127,"column":null}},"74":{"start":{"line":130,"column":21},"end":{"line":193,"column":null}},"75":{"start":{"line":131,"column":4},"end":{"line":131,"column":null}},"76":{"start":{"line":131,"column":30},"end":{"line":131,"column":null}},"77":{"start":{"line":133,"column":4},"end":{"line":192,"column":null}},"78":{"start":{"line":134,"column":6},"end":{"line":141,"column":null}},"79":{"start":{"line":135,"column":29},"end":{"line":135,"column":null}},"80":{"start":{"line":136,"column":8},"end":{"line":139,"column":null}},"81":{"start":{"line":137,"column":12},"end":{"line":137,"column":null}},"82":{"start":{"line":138,"column":12},"end":{"line":138,"column":null}},"83":{"start":{"line":140,"column":8},"end":{"line":140,"column":null}},"84":{"start":{"line":144,"column":6},"end":{"line":146,"column":null}},"85":{"start":{"line":145,"column":8},"end":{"line":145,"column":null}},"86":{"start":{"line":149,"column":6},"end":{"line":183,"column":null}},"87":{"start":{"line":150,"column":8},"end":{"line":155,"column":null}},"88":{"start":{"line":151,"column":12},"end":{"line":154,"column":null}},"89":{"start":{"line":158,"column":8},"end":{"line":158,"column":null}},"90":{"start":{"line":161,"column":28},"end":{"line":175,"column":null}},"91":{"start":{"line":162,"column":12},"end":{"line":173,"column":null}},"92":{"start":{"line":163,"column":16},"end":{"line":163,"column":null}},"93":{"start":{"line":164,"column":16},"end":{"line":172,"column":null}},"94":{"start":{"line":165,"column":20},"end":{"line":168,"column":null}},"95":{"start":{"line":166,"column":24},"end":{"line":166,"column":null}},"96":{"start":{"line":167,"column":24},"end":{"line":167,"column":null}},"97":{"start":{"line":169,"column":20},"end":{"line":171,"column":null}},"98":{"start":{"line":170,"column":24},"end":{"line":170,"column":null}},"99":{"start":{"line":174,"column":12},"end":{"line":174,"column":null}},"100":{"start":{"line":177,"column":8},"end":{"line":177,"column":null}},"101":{"start":{"line":178,"column":8},"end":{"line":178,"column":null}},"102":{"start":{"line":179,"column":8},"end":{"line":179,"column":null}},"103":{"start":{"line":180,"column":8},"end":{"line":180,"column":null}},"104":{"start":{"line":182,"column":8},"end":{"line":182,"column":null}},"105":{"start":{"line":185,"column":6},"end":{"line":185,"column":null}},"106":{"start":{"line":188,"column":6},"end":{"line":188,"column":null}},"107":{"start":{"line":189,"column":6},"end":{"line":191,"column":null}},"108":{"start":{"line":190,"column":10},"end":{"line":190,"column":null}},"109":{"start":{"line":195,"column":8},"end":{"line":244,"column":null}},"110":{"start":{"line":196,"column":4},"end":{"line":196,"column":null}},"111":{"start":{"line":196,"column":58},"end":{"line":196,"column":null}},"112":{"start":{"line":199,"column":16},"end":{"line":199,"column":null}},"113":{"start":{"line":201,"column":16},"end":{"line":201,"column":null}},"114":{"start":{"line":202,"column":21},"end":{"line":202,"column":null}},"115":{"start":{"line":204,"column":4},"end":{"line":204,"column":null}},"116":{"start":{"line":205,"column":4},"end":{"line":205,"column":null}},"117":{"start":{"line":208,"column":16},"end":{"line":208,"column":null}},"118":{"start":{"line":209,"column":4},"end":{"line":209,"column":null}},"119":{"start":{"line":210,"column":4},"end":{"line":210,"column":null}},"120":{"start":{"line":211,"column":20},"end":{"line":211,"column":null}},"121":{"start":{"line":212,"column":4},"end":{"line":212,"column":null}},"122":{"start":{"line":214,"column":4},"end":{"line":214,"column":null}},"123":{"start":{"line":215,"column":4},"end":{"line":215,"column":null}},"124":{"start":{"line":218,"column":4},"end":{"line":218,"column":null}},"125":{"start":{"line":221,"column":21},"end":{"line":229,"column":null}},"126":{"start":{"line":222,"column":8},"end":{"line":222,"column":null}},"127":{"start":{"line":222,"column":34},"end":{"line":222,"column":null}},"128":{"start":{"line":223,"column":20},"end":{"line":223,"column":null}},"129":{"start":{"line":224,"column":8},"end":{"line":224,"column":null}},"130":{"start":{"line":225,"column":8},"end":{"line":225,"column":null}},"131":{"start":{"line":226,"column":8},"end":{"line":226,"column":null}},"132":{"start":{"line":227,"column":8},"end":{"line":227,"column":null}},"133":{"start":{"line":228,"column":8},"end":{"line":228,"column":null}},"134":{"start":{"line":231,"column":4},"end":{"line":231,"column":null}},"135":{"start":{"line":232,"column":4},"end":{"line":232,"column":null}},"136":{"start":{"line":234,"column":4},"end":{"line":234,"column":null}},"137":{"start":{"line":235,"column":4},"end":{"line":235,"column":null}},"138":{"start":{"line":237,"column":4},"end":{"line":237,"column":null}},"139":{"start":{"line":238,"column":4},"end":{"line":238,"column":null}},"140":{"start":{"line":239,"column":4},"end":{"line":239,"column":null}},"141":{"start":{"line":242,"column":4},"end":{"line":242,"column":null}},"142":{"start":{"line":243,"column":4},"end":{"line":243,"column":null}},"143":{"start":{"line":246,"column":8},"end":{"line":276,"column":null}},"144":{"start":{"line":247,"column":4},"end":{"line":247,"column":null}},"145":{"start":{"line":249,"column":4},"end":{"line":252,"column":null}},"146":{"start":{"line":250,"column":8},"end":{"line":250,"column":null}},"147":{"start":{"line":251,"column":8},"end":{"line":251,"column":null}},"148":{"start":{"line":254,"column":4},"end":{"line":268,"column":null}},"149":{"start":{"line":255,"column":6},"end":{"line":266,"column":null}},"150":{"start":{"line":256,"column":26},"end":{"line":256,"column":null}},"151":{"start":{"line":257,"column":8},"end":{"line":257,"column":null}},"152":{"start":{"line":257,"column":22},"end":{"line":257,"column":null}},"153":{"start":{"line":259,"column":21},"end":{"line":259,"column":null}},"154":{"start":{"line":260,"column":8},"end":{"line":260,"column":null}},"155":{"start":{"line":260,"column":17},"end":{"line":260,"column":null}},"156":{"start":{"line":262,"column":8},"end":{"line":262,"column":null}},"157":{"start":{"line":263,"column":8},"end":{"line":263,"column":null}},"158":{"start":{"line":267,"column":6},"end":{"line":267,"column":null}},"159":{"start":{"line":270,"column":4},"end":{"line":273,"column":null}},"160":{"start":{"line":271,"column":6},"end":{"line":271,"column":null}},"161":{"start":{"line":272,"column":6},"end":{"line":272,"column":null}},"162":{"start":{"line":275,"column":4},"end":{"line":275,"column":null}},"163":{"start":{"line":279,"column":2},"end":{"line":279,"column":null}}},"fnMap":{"0":{"name":"(anonymous_0)","decl":{"start":{"line":11,"column":6},"end":{"line":11,"column":30}},"loc":{"start":{"line":11,"column":30},"end":{"line":18,"column":null}},"line":11},"1":{"name":"GlobalOrderNotification","decl":{"start":{"line":20,"column":24},"end":{"line":20,"column":50}},"loc":{"start":{"line":20,"column":50},"end":{"line":280,"column":null}},"line":20},"2":{"name":"(anonymous_2)","decl":{"start":{"line":29,"column":8},"end":{"line":29,"column":38}},"loc":{"start":{"line":29,"column":38},"end":{"line":36,"column":null}},"line":29},"3":{"name":"(anonymous_3)","decl":{"start":{"line":39,"column":22},"end":{"line":39,"column":34}},"loc":{"start":{"line":39,"column":34},"end":{"line":59,"column":null}},"line":39},"4":{"name":"(anonymous_4)","decl":{"start":{"line":53,"column":35},"end":{"line":53,"column":43}},"loc":{"start":{"line":53,"column":56},"end":{"line":53,"column":78}},"line":53},"5":{"name":"(anonymous_5)","decl":{"start":{"line":61,"column":2},"end":{"line":61,"column":18}},"loc":{"start":{"line":61,"column":18},"end":{"line":116,"column":5}},"line":61},"6":{"name":"(anonymous_6)","decl":{"start":{"line":68,"column":10},"end":{"line":68,"column":35}},"loc":{"start":{"line":68,"column":35},"end":{"line":100,"column":null}},"line":68},"7":{"name":"(anonymous_7)","decl":{"start":{"line":72,"column":13},"end":{"line":72,"column":28}},"loc":{"start":{"line":72,"column":28},"end":{"line":74,"column":null}},"line":72},"8":{"name":"(anonymous_8)","decl":{"start":{"line":76,"column":13},"end":{"line":76,"column":26}},"loc":{"start":{"line":76,"column":36},"end":{"line":90,"column":null}},"line":76},"9":{"name":"(anonymous_9)","decl":{"start":{"line":92,"column":13},"end":{"line":92,"column":29}},"loc":{"start":{"line":92,"column":29},"end":{"line":95,"column":null}},"line":92},"10":{"name":"(anonymous_10)","decl":{"start":{"line":97,"column":13},"end":{"line":97,"column":24}},"loc":{"start":{"line":97,"column":32},"end":{"line":99,"column":null}},"line":97},"11":{"name":"(anonymous_11)","decl":{"start":{"line":108,"column":4},"end":{"line":108,"column":17}},"loc":{"start":{"line":108,"column":17},"end":{"line":115,"column":null}},"line":108},"12":{"name":"(anonymous_12)","decl":{"start":{"line":119,"column":2},"end":{"line":119,"column":18}},"loc":{"start":{"line":119,"column":18},"end":{"line":128,"column":5}},"line":119},"13":{"name":"(anonymous_13)","decl":{"start":{"line":127,"column":4},"end":{"line":127,"column":17}},"loc":{"start":{"line":127,"column":17},"end":{"line":127,"column":null}},"line":127},"14":{"name":"(anonymous_14)","decl":{"start":{"line":130,"column":21},"end":{"line":130,"column":33}},"loc":{"start":{"line":130,"column":33},"end":{"line":193,"column":null}},"line":130},"15":{"name":"(anonymous_15)","decl":{"start":{"line":161,"column":28},"end":{"line":161,"column":40}},"loc":{"start":{"line":161,"column":40},"end":{"line":175,"column":null}},"line":161},"16":{"name":"(anonymous_16)","decl":{"start":{"line":195,"column":8},"end":{"line":195,"column":31}},"loc":{"start":{"line":195,"column":31},"end":{"line":244,"column":null}},"line":195},"17":{"name":"(anonymous_17)","decl":{"start":{"line":221,"column":21},"end":{"line":221,"column":39}},"loc":{"start":{"line":221,"column":39},"end":{"line":229,"column":7}},"line":221},"18":{"name":"(anonymous_18)","decl":{"start":{"line":246,"column":8},"end":{"line":246,"column":26}},"loc":{"start":{"line":246,"column":26},"end":{"line":276,"column":null}},"line":246}},"branchMap":{"0":{"loc":{"start":{"line":12,"column":2},"end":{"line":12,"column":null}},"type":"if","locations":[{"start":{"line":12,"column":2},"end":{"line":12,"column":null}},{"start":{},"end":{}}],"line":12},"1":{"loc":{"start":{"line":13,"column":17},"end":{"line":13,"column":null}},"type":"cond-expr","locations":[{"start":{"line":13,"column":69},"end":{"line":13,"column":122}},{"start":{"line":13,"column":122},"end":{"line":13,"column":null}}],"line":13},"2":{"loc":{"start":{"line":13,"column":17},"end":{"line":13,"column":69}},"type":"binary-expr","locations":[{"start":{"line":13,"column":17},"end":{"line":13,"column":50}},{"start":{"line":13,"column":50},"end":{"line":13,"column":69}}],"line":13},"3":{"loc":{"start":{"line":13,"column":69},"end":{"line":13,"column":122}},"type":"binary-expr","locations":[{"start":{"line":13,"column":69},"end":{"line":13,"column":95}},{"start":{"line":13,"column":95},"end":{"line":13,"column":122}}],"line":13},"4":{"loc":{"start":{"line":15,"column":18},"end":{"line":15,"column":null}},"type":"cond-expr","locations":[{"start":{"line":15,"column":54},"end":{"line":15,"column":63}},{"start":{"line":15,"column":63},"end":{"line":15,"column":null}}],"line":15},"5":{"loc":{"start":{"line":30,"column":4},"end":{"line":35,"column":null}},"type":"if","locations":[{"start":{"line":30,"column":4},"end":{"line":35,"column":null}},{"start":{},"end":{}}],"line":30},"6":{"loc":{"start":{"line":42,"column":6},"end":{"line":42,"column":null}},"type":"if","locations":[{"start":{"line":42,"column":6},"end":{"line":42,"column":null}},{"start":{},"end":{}}],"line":42},"7":{"loc":{"start":{"line":49,"column":6},"end":{"line":49,"column":null}},"type":"if","locations":[{"start":{"line":49,"column":6},"end":{"line":49,"column":null}},{"start":{},"end":{}}],"line":49},"8":{"loc":{"start":{"line":52,"column":6},"end":{"line":55,"column":null}},"type":"if","locations":[{"start":{"line":52,"column":6},"end":{"line":55,"column":null}},{"start":{},"end":{}}],"line":52},"9":{"loc":{"start":{"line":52,"column":10},"end":{"line":52,"column":49}},"type":"binary-expr","locations":[{"start":{"line":52,"column":10},"end":{"line":52,"column":21}},{"start":{"line":52,"column":21},"end":{"line":52,"column":49}}],"line":52},"10":{"loc":{"start":{"line":63,"column":4},"end":{"line":63,"column":null}},"type":"if","locations":[{"start":{"line":63,"column":4},"end":{"line":63,"column":null}},{"start":{},"end":{}}],"line":63},"11":{"loc":{"start":{"line":79,"column":10},"end":{"line":82,"column":null}},"type":"if","locations":[{"start":{"line":79,"column":10},"end":{"line":82,"column":null}},{"start":{},"end":{}}],"line":79},"12":{"loc":{"start":{"line":83,"column":10},"end":{"line":86,"column":null}},"type":"if","locations":[{"start":{"line":83,"column":10},"end":{"line":86,"column":null}},{"start":{},"end":{}}],"line":83},"13":{"loc":{"start":{"line":83,"column":14},"end":{"line":83,"column":76}},"type":"binary-expr","locations":[{"start":{"line":83,"column":14},"end":{"line":83,"column":44}},{"start":{"line":83,"column":44},"end":{"line":83,"column":76}}],"line":83},"14":{"loc":{"start":{"line":109,"column":6},"end":{"line":112,"column":null}},"type":"if","locations":[{"start":{"line":109,"column":6},"end":{"line":112,"column":null}},{"start":{},"end":{}}],"line":109},"15":{"loc":{"start":{"line":120,"column":4},"end":{"line":124,"column":null}},"type":"if","locations":[{"start":{"line":120,"column":4},"end":{"line":124,"column":null}},{"start":{"line":122,"column":11},"end":{"line":124,"column":null}}],"line":120},"16":{"loc":{"start":{"line":131,"column":4},"end":{"line":131,"column":null}},"type":"if","locations":[{"start":{"line":131,"column":4},"end":{"line":131,"column":null}},{"start":{},"end":{}}],"line":131},"17":{"loc":{"start":{"line":134,"column":6},"end":{"line":141,"column":null}},"type":"if","locations":[{"start":{"line":134,"column":6},"end":{"line":141,"column":null}},{"start":{},"end":{}}],"line":134},"18":{"loc":{"start":{"line":135,"column":29},"end":{"line":135,"column":null}},"type":"binary-expr","locations":[{"start":{"line":135,"column":29},"end":{"line":135,"column":53}},{"start":{"line":135,"column":53},"end":{"line":135,"column":null}}],"line":135},"19":{"loc":{"start":{"line":136,"column":8},"end":{"line":139,"column":null}},"type":"if","locations":[{"start":{"line":136,"column":8},"end":{"line":139,"column":null}},{"start":{},"end":{}}],"line":136},"20":{"loc":{"start":{"line":144,"column":6},"end":{"line":146,"column":null}},"type":"if","locations":[{"start":{"line":144,"column":6},"end":{"line":146,"column":null}},{"start":{},"end":{}}],"line":144},"21":{"loc":{"start":{"line":149,"column":6},"end":{"line":183,"column":null}},"type":"if","locations":[{"start":{"line":149,"column":6},"end":{"line":183,"column":null}},{"start":{},"end":{}}],"line":149},"22":{"loc":{"start":{"line":150,"column":8},"end":{"line":155,"column":null}},"type":"if","locations":[{"start":{"line":150,"column":8},"end":{"line":155,"column":null}},{"start":{},"end":{}}],"line":150},"23":{"loc":{"start":{"line":162,"column":12},"end":{"line":173,"column":null}},"type":"if","locations":[{"start":{"line":162,"column":12},"end":{"line":173,"column":null}},{"start":{},"end":{}}],"line":162},"24":{"loc":{"start":{"line":164,"column":16},"end":{"line":172,"column":null}},"type":"if","locations":[{"start":{"line":164,"column":16},"end":{"line":172,"column":null}},{"start":{},"end":{}}],"line":164},"25":{"loc":{"start":{"line":165,"column":20},"end":{"line":168,"column":null}},"type":"if","locations":[{"start":{"line":165,"column":20},"end":{"line":168,"column":null}},{"start":{},"end":{}}],"line":165},"26":{"loc":{"start":{"line":169,"column":20},"end":{"line":171,"column":null}},"type":"if","locations":[{"start":{"line":169,"column":20},"end":{"line":171,"column":null}},{"start":{},"end":{}}],"line":169},"27":{"loc":{"start":{"line":169,"column":24},"end":{"line":169,"column":67}},"type":"binary-expr","locations":[{"start":{"line":169,"column":24},"end":{"line":169,"column":44}},{"start":{"line":169,"column":44},"end":{"line":169,"column":67}}],"line":169},"28":{"loc":{"start":{"line":189,"column":6},"end":{"line":191,"column":null}},"type":"if","locations":[{"start":{"line":189,"column":6},"end":{"line":191,"column":null}},{"start":{},"end":{}}],"line":189},"29":{"loc":{"start":{"line":196,"column":4},"end":{"line":196,"column":null}},"type":"if","locations":[{"start":{"line":196,"column":4},"end":{"line":196,"column":null}},{"start":{},"end":{}}],"line":196},"30":{"loc":{"start":{"line":196,"column":8},"end":{"line":196,"column":58}},"type":"binary-expr","locations":[{"start":{"line":196,"column":8},"end":{"line":196,"column":36}},{"start":{"line":196,"column":36},"end":{"line":196,"column":58}}],"line":196},"31":{"loc":{"start":{"line":222,"column":8},"end":{"line":222,"column":null}},"type":"if","locations":[{"start":{"line":222,"column":8},"end":{"line":222,"column":null}},{"start":{},"end":{}}],"line":222},"32":{"loc":{"start":{"line":249,"column":4},"end":{"line":252,"column":null}},"type":"if","locations":[{"start":{"line":249,"column":4},"end":{"line":252,"column":null}},{"start":{},"end":{}}],"line":249},"33":{"loc":{"start":{"line":254,"column":4},"end":{"line":268,"column":null}},"type":"if","locations":[{"start":{"line":254,"column":4},"end":{"line":268,"column":null}},{"start":{},"end":{}}],"line":254},"34":{"loc":{"start":{"line":257,"column":8},"end":{"line":257,"column":null}},"type":"if","locations":[{"start":{"line":257,"column":8},"end":{"line":257,"column":null}},{"start":{},"end":{}}],"line":257},"35":{"loc":{"start":{"line":260,"column":8},"end":{"line":260,"column":null}},"type":"if","locations":[{"start":{"line":260,"column":8},"end":{"line":260,"column":null}},{"start":{},"end":{}}],"line":260},"36":{"loc":{"start":{"line":270,"column":4},"end":{"line":273,"column":null}},"type":"if","locations":[{"start":{"line":270,"column":4},"end":{"line":273,"column":null}},{"start":{},"end":{}}],"line":270}},"s":{"0":2,"1":5,"2":0,"3":5,"4":5,"5":5,"6":5,"7":5,"8":9,"9":9,"10":9,"11":9,"12":9,"13":9,"14":9,"15":9,"16":16,"17":1,"18":1,"19":1,"20":1,"21":9,"22":7,"23":7,"24":7,"25":0,"26":7,"27":7,"28":0,"29":7,"30":7,"31":7,"32":3,"33":7,"34":0,"35":9,"36":5,"37":5,"38":0,"39":5,"40":5,"41":5,"42":5,"43":5,"44":0,"45":5,"46":1,"47":1,"48":1,"49":0,"50":0,"51":1,"52":1,"53":0,"54":5,"55":0,"56":0,"57":5,"58":0,"59":5,"60":5,"61":5,"62":5,"63":5,"64":5,"65":5,"66":5,"67":5,"68":9,"69":9,"70":3,"71":6,"72":9,"73":9,"74":9,"75":3,"76":0,"77":3,"78":3,"79":3,"80":3,"81":0,"82":0,"83":3,"84":3,"85":1,"86":3,"87":1,"88":1,"89":1,"90":1,"91":0,"92":0,"93":0,"94":0,"95":0,"96":0,"97":0,"98":0,"99":0,"100":1,"101":1,"102":1,"103":1,"104":1,"105":2,"106":0,"107":0,"108":0,"109":9,"110":2,"111":0,"112":2,"113":2,"114":2,"115":2,"116":2,"117":2,"118":2,"119":2,"120":2,"121":2,"122":2,"123":2,"124":2,"125":2,"126":0,"127":0,"128":0,"129":0,"130":0,"131":0,"132":0,"133":0,"134":2,"135":2,"136":2,"137":2,"138":2,"139":2,"140":2,"141":2,"142":2,"143":9,"144":15,"145":15,"146":1,"147":1,"148":15,"149":2,"150":2,"151":2,"152":2,"153":2,"154":2,"155":2,"156":2,"157":2,"158":2,"159":15,"160":2,"161":2,"162":15,"163":9},"f":{"0":5,"1":9,"2":16,"3":7,"4":3,"5":5,"6":5,"7":0,"8":1,"9":0,"10":0,"11":5,"12":9,"13":9,"14":3,"15":0,"16":2,"17":0,"18":15},"b":{"0":[0,5],"1":[0,5],"2":[5,5],"3":[0,0],"4":[5,0],"5":[1,15],"6":[0,7],"7":[0,7],"8":[7,0],"9":[7,7],"10":[0,5],"11":[0,1],"12":[1,0],"13":[1,1],"14":[5,0],"15":[3,6],"16":[0,3],"17":[3,0],"18":[3,0],"19":[0,3],"20":[1,2],"21":[1,2],"22":[1,0],"23":[0,0],"24":[0,0],"25":[0,0],"26":[0,0],"27":[0,0],"28":[0,0],"29":[0,2],"30":[2,2],"31":[0,0],"32":[1,14],"33":[2,13],"34":[2,0],"35":[2,0],"36":[2,13]},"meta":{"lastBranch":37,"lastFunction":19,"lastStatement":164,"seen":{"s:11:6:18:Infinity":0,"f:11:6:11:30":0,"b:12:2:12:Infinity:undefined:undefined:undefined:undefined":0,"s:12:2:12:Infinity":1,"s:12:35:12:Infinity":2,"s:13:17:13:Infinity":3,"b:13:69:13:122:13:122:13:Infinity":1,"b:13:17:13:50:13:50:13:69":2,"b:13:69:13:95:13:95:13:122":3,"s:14:22:14:Infinity":4,"s:15:18:15:Infinity":5,"b:15:54:15:63:15:63:15:Infinity":4,"s:16:19:16:Infinity":6,"s:17:2:17:Infinity":7,"f:20:24:20:50":1,"s:21:42:21:Infinity":8,"s:22:26:22:Infinity":9,"s:23:24:23:Infinity":10,"s:24:22:24:Infinity":11,"s:25:23:25:Infinity":12,"s:26:33:26:Infinity":13,"s:27:33:27:Infinity":14,"s:29:8:36:Infinity":15,"f:29:8:29:38":2,"b:30:4:35:Infinity:undefined:undefined:undefined:undefined":5,"s:30:4:35:Infinity":16,"s:31:6:31:Infinity":17,"s:32:6:32:Infinity":18,"s:33:6:33:Infinity":19,"s:34:6:34:Infinity":20,"s:39:22:59:Infinity":21,"f:39:22:39:34":3,"s:40:4:58:Infinity":22,"s:41:20:41:Infinity":23,"b:42:6:42:Infinity:undefined:undefined:undefined:undefined":6,"s:42:6:42:Infinity":24,"s:42:18:42:Infinity":25,"s:44:23:48:Infinity":26,"b:49:6:49:Infinity:undefined:undefined:undefined:undefined":7,"s:49:6:49:Infinity":27,"s:49:24:49:Infinity":28,"s:51:19:51:Infinity":29,"b:52:6:55:Infinity:undefined:undefined:undefined:undefined":8,"s:52:6:55:Infinity":30,"b:52:10:52:21:52:21:52:49":9,"s:53:23:53:Infinity":31,"f:53:35:53:43":4,"s:53:56:53:78":32,"s:54:8:54:Infinity":33,"s:57:6:57:Infinity":34,"s:61:2:116:Infinity":35,"f:61:2:61:18":5,"s:62:18:62:Infinity":36,"b:63:4:63:Infinity:undefined:undefined:undefined:undefined":10,"s:63:4:63:Infinity":37,"s:63:16:63:Infinity":38,"s:65:35:65:Infinity":39,"s:68:10:100:Infinity":40,"f:68:10:68:35":6,"s:69:21:69:Infinity":41,"s:70:6:70:Infinity":42,"s:72:6:74:Infinity":43,"f:72:13:72:28":7,"s:73:8:73:Infinity":44,"s:76:6:90:Infinity":45,"f:76:13:76:26":8,"s:77:8:89:Infinity":46,"s:78:23:78:Infinity":47,"b:79:10:82:Infinity:undefined:undefined:undefined:undefined":11,"s:79:10:82:Infinity":48,"s:80:12:80:Infinity":49,"s:81:12:81:Infinity":50,"b:83:10:86:Infinity:undefined:undefined:undefined:undefined":12,"s:83:10:86:Infinity":51,"b:83:14:83:44:83:44:83:76":13,"s:85:12:85:Infinity":52,"s:88:10:88:Infinity":53,"s:92:6:95:Infinity":54,"f:92:13:92:29":9,"s:93:8:93:Infinity":55,"s:94:8:94:Infinity":56,"s:97:6:99:Infinity":57,"f:97:13:97:24":10,"s:98:8:98:Infinity":58,"s:102:4:102:Infinity":59,"s:103:4:103:Infinity":60,"s:106:23:106:Infinity":61,"s:108:4:115:Infinity":62,"f:108:4:108:17":11,"b:109:6:112:Infinity:undefined:undefined:undefined:undefined":14,"s:109:6:112:Infinity":63,"s:110:8:110:Infinity":64,"s:111:8:111:Infinity":65,"s:113:6:113:Infinity":66,"s:114:6:114:Infinity":67,"s:119:2:128:Infinity":68,"f:119:2:119:18":12,"b:120:4:124:Infinity:122:11:124:Infinity":15,"s:120:4:124:Infinity":69,"s:121:6:121:Infinity":70,"s:123:6:123:Infinity":71,"s:127:4:127:Infinity":72,"f:127:4:127:17":13,"s:127:17:127:Infinity":73,"s:130:21:193:Infinity":74,"f:130:21:130:33":14,"b:131:4:131:Infinity:undefined:undefined:undefined:undefined":16,"s:131:4:131:Infinity":75,"s:131:30:131:Infinity":76,"s:133:4:192:Infinity":77,"b:134:6:141:Infinity:undefined:undefined:undefined:undefined":17,"s:134:6:141:Infinity":78,"s:135:29:135:Infinity":79,"b:135:29:135:53:135:53:135:Infinity":18,"b:136:8:139:Infinity:undefined:undefined:undefined:undefined":19,"s:136:8:139:Infinity":80,"s:137:12:137:Infinity":81,"s:138:12:138:Infinity":82,"s:140:8:140:Infinity":83,"b:144:6:146:Infinity:undefined:undefined:undefined:undefined":20,"s:144:6:146:Infinity":84,"s:145:8:145:Infinity":85,"b:149:6:183:Infinity:undefined:undefined:undefined:undefined":21,"s:149:6:183:Infinity":86,"b:150:8:155:Infinity:undefined:undefined:undefined:undefined":22,"s:150:8:155:Infinity":87,"s:151:12:154:Infinity":88,"s:158:8:158:Infinity":89,"s:161:28:175:Infinity":90,"f:161:28:161:40":15,"b:162:12:173:Infinity:undefined:undefined:undefined:undefined":23,"s:162:12:173:Infinity":91,"s:163:16:163:Infinity":92,"b:164:16:172:Infinity:undefined:undefined:undefined:undefined":24,"s:164:16:172:Infinity":93,"b:165:20:168:Infinity:undefined:undefined:undefined:undefined":25,"s:165:20:168:Infinity":94,"s:166:24:166:Infinity":95,"s:167:24:167:Infinity":96,"b:169:20:171:Infinity:undefined:undefined:undefined:undefined":26,"s:169:20:171:Infinity":97,"b:169:24:169:44:169:44:169:67":27,"s:170:24:170:Infinity":98,"s:174:12:174:Infinity":99,"s:177:8:177:Infinity":100,"s:178:8:178:Infinity":101,"s:179:8:179:Infinity":102,"s:180:8:180:Infinity":103,"s:182:8:182:Infinity":104,"s:185:6:185:Infinity":105,"s:188:6:188:Infinity":106,"b:189:6:191:Infinity:undefined:undefined:undefined:undefined":28,"s:189:6:191:Infinity":107,"s:190:10:190:Infinity":108,"s:195:8:244:Infinity":109,"f:195:8:195:31":16,"b:196:4:196:Infinity:undefined:undefined:undefined:undefined":29,"s:196:4:196:Infinity":110,"b:196:8:196:36:196:36:196:58":30,"s:196:58:196:Infinity":111,"s:199:16:199:Infinity":112,"s:201:16:201:Infinity":113,"s:202:21:202:Infinity":114,"s:204:4:204:Infinity":115,"s:205:4:205:Infinity":116,"s:208:16:208:Infinity":117,"s:209:4:209:Infinity":118,"s:210:4:210:Infinity":119,"s:211:20:211:Infinity":120,"s:212:4:212:Infinity":121,"s:214:4:214:Infinity":122,"s:215:4:215:Infinity":123,"s:218:4:218:Infinity":124,"s:221:21:229:Infinity":125,"f:221:21:221:39":17,"b:222:8:222:Infinity:undefined:undefined:undefined:undefined":31,"s:222:8:222:Infinity":126,"s:222:34:222:Infinity":127,"s:223:20:223:Infinity":128,"s:224:8:224:Infinity":129,"s:225:8:225:Infinity":130,"s:226:8:226:Infinity":131,"s:227:8:227:Infinity":132,"s:228:8:228:Infinity":133,"s:231:4:231:Infinity":134,"s:232:4:232:Infinity":135,"s:234:4:234:Infinity":136,"s:235:4:235:Infinity":137,"s:237:4:237:Infinity":138,"s:238:4:238:Infinity":139,"s:239:4:239:Infinity":140,"s:242:4:242:Infinity":141,"s:243:4:243:Infinity":142,"s:246:8:276:Infinity":143,"f:246:8:246:26":18,"s:247:4:247:Infinity":144,"b:249:4:252:Infinity:undefined:undefined:undefined:undefined":32,"s:249:4:252:Infinity":145,"s:250:8:250:Infinity":146,"s:251:8:251:Infinity":147,"b:254:4:268:Infinity:undefined:undefined:undefined:undefined":33,"s:254:4:268:Infinity":148,"s:255:6:266:Infinity":149,"s:256:26:256:Infinity":150,"b:257:8:257:Infinity:undefined:undefined:undefined:undefined":34,"s:257:8:257:Infinity":151,"s:257:22:257:Infinity":152,"s:259:21:259:Infinity":153,"b:260:8:260:Infinity:undefined:undefined:undefined:undefined":35,"s:260:8:260:Infinity":154,"s:260:17:260:Infinity":155,"s:262:8:262:Infinity":156,"s:263:8:263:Infinity":157,"s:267:6:267:Infinity":158,"b:270:4:273:Infinity:undefined:undefined:undefined:undefined":36,"s:270:4:273:Infinity":159,"s:271:6:271:Infinity":160,"s:272:6:272:Infinity":161,"s:275:4:275:Infinity":162,"s:279:2:279:Infinity":163},"fnNames":{}}}
,"/app/src/components/ProgressBar.tsx": {"path":"/app/src/components/ProgressBar.tsx","statementMap":{"0":{"start":{"line":9,"column":26},"end":{"line":9,"column":null}},"1":{"start":{"line":11,"column":2},"end":{"line":32,"column":null}}},"fnMap":{"0":{"name":"ProgressBar","decl":{"start":{"line":8,"column":24},"end":{"line":8,"column":36}},"loc":{"start":{"line":8,"column":72},"end":{"line":34,"column":null}},"line":8}},"branchMap":{},"s":{"0":3,"1":3},"f":{"0":3},"b":{},"meta":{"lastBranch":0,"lastFunction":1,"lastStatement":2,"seen":{"f:8:24:8:36":0,"s:9:26:9:Infinity":0,"s:11:2:32:Infinity":1},"fnNames":{}}}
,"/app/src/components/Sidebar.tsx": {"path":"/app/src/components/Sidebar.tsx","statementMap":{"0":{"start":{"line":20,"column":19},"end":{"line":20,"column":31}},"1":{"start":{"line":21,"column":30},"end":{"line":21,"column":null}},"2":{"start":{"line":23,"column":20},"end":{"line":35,"column":null}},"3":{"start":{"line":37,"column":8},"end":{"line":43,"column":null}},"4":{"start":{"line":38,"column":4},"end":{"line":41,"column":null}},"5":{"start":{"line":40,"column":6},"end":{"line":40,"column":null}},"6":{"start":{"line":42,"column":4},"end":{"line":42,"column":null}},"7":{"start":{"line":45,"column":2},"end":{"line":150,"column":null}},"8":{"start":{"line":50,"column":25},"end":{"line":50,"column":null}},"9":{"start":{"line":76,"column":29},"end":{"line":76,"column":null}},"10":{"start":{"line":86,"column":29},"end":{"line":86,"column":null}},"11":{"start":{"line":87,"column":27},"end":{"line":87,"column":null}},"12":{"start":{"line":88,"column":14},"end":{"line":108,"column":null}},"13":{"start":{"line":92,"column":33},"end":{"line":92,"column":null}},"14":{"start":{"line":125,"column":14},"end":{"line":125,"column":null}},"15":{"start":{"line":126,"column":14},"end":{"line":126,"column":null}},"16":{"start":{"line":146,"column":25},"end":{"line":146,"column":null}}},"fnMap":{"0":{"name":"Sidebar","decl":{"start":{"line":19,"column":24},"end":{"line":19,"column":32}},"loc":{"start":{"line":19,"column":93},"end":{"line":152,"column":null}},"line":19},"1":{"name":"(anonymous_1)","decl":{"start":{"line":37,"column":8},"end":{"line":37,"column":20}},"loc":{"start":{"line":37,"column":37},"end":{"line":43,"column":null}},"line":37},"2":{"name":"(anonymous_2)","decl":{"start":{"line":50,"column":10},"end":{"line":50,"column":25}},"loc":{"start":{"line":50,"column":25},"end":{"line":50,"column":null}},"line":50},"3":{"name":"(anonymous_3)","decl":{"start":{"line":76,"column":14},"end":{"line":76,"column":29}},"loc":{"start":{"line":76,"column":29},"end":{"line":76,"column":null}},"line":76},"4":{"name":"(anonymous_4)","decl":{"start":{"line":85,"column":23},"end":{"line":85,"column":28}},"loc":{"start":{"line":85,"column":37},"end":{"line":110,"column":13}},"line":85},"5":{"name":"(anonymous_5)","decl":{"start":{"line":92,"column":18},"end":{"line":92,"column":33}},"loc":{"start":{"line":92,"column":33},"end":{"line":92,"column":null}},"line":92},"6":{"name":"(anonymous_6)","decl":{"start":{"line":124,"column":12},"end":{"line":124,"column":27}},"loc":{"start":{"line":124,"column":27},"end":{"line":127,"column":null}},"line":124},"7":{"name":"(anonymous_7)","decl":{"start":{"line":146,"column":10},"end":{"line":146,"column":25}},"loc":{"start":{"line":146,"column":25},"end":{"line":146,"column":null}},"line":146}},"branchMap":{"0":{"loc":{"start":{"line":38,"column":4},"end":{"line":41,"column":null}},"type":"if","locations":[{"start":{"line":38,"column":4},"end":{"line":41,"column":null}},{"start":{},"end":{}}],"line":38},"1":{"loc":{"start":{"line":40,"column":13},"end":{"line":40,"column":null}},"type":"binary-expr","locations":[{"start":{"line":40,"column":13},"end":{"line":40,"column":61}},{"start":{"line":40,"column":61},"end":{"line":40,"column":null}}],"line":40},"2":{"loc":{"start":{"line":51,"column":22},"end":{"line":51,"column":null}},"type":"cond-expr","locations":[{"start":{"line":51,"column":31},"end":{"line":51,"column":47}},{"start":{"line":51,"column":47},"end":{"line":51,"column":null}}],"line":51},"3":{"loc":{"start":{"line":54,"column":11},"end":{"line":54,"column":null}},"type":"cond-expr","locations":[{"start":{"line":54,"column":20},"end":{"line":54,"column":49}},{"start":{"line":54,"column":48},"end":{"line":54,"column":null}}],"line":54},"4":{"loc":{"start":{"line":61,"column":10},"end":{"line":61,"column":null}},"type":"cond-expr","locations":[{"start":{"line":61,"column":19},"end":{"line":61,"column":37}},{"start":{"line":61,"column":37},"end":{"line":61,"column":null}}],"line":61},"5":{"loc":{"start":{"line":62,"column":12},"end":{"line":62,"column":null}},"type":"cond-expr","locations":[{"start":{"line":62,"column":26},"end":{"line":62,"column":43}},{"start":{"line":62,"column":43},"end":{"line":62,"column":null}}],"line":62},"6":{"loc":{"start":{"line":65,"column":59},"end":{"line":65,"column":null}},"type":"cond-expr","locations":[{"start":{"line":65,"column":73},"end":{"line":65,"column":85}},{"start":{"line":65,"column":85},"end":{"line":65,"column":null}}],"line":65},"7":{"loc":{"start":{"line":66,"column":34},"end":{"line":66,"column":114}},"type":"cond-expr","locations":[{"start":{"line":66,"column":48},"end":{"line":66,"column":83}},{"start":{"line":66,"column":83},"end":{"line":66,"column":114}}],"line":66},"8":{"loc":{"start":{"line":69,"column":126},"end":{"line":69,"column":165}},"type":"cond-expr","locations":[{"start":{"line":69,"column":140},"end":{"line":69,"column":154}},{"start":{"line":69,"column":154},"end":{"line":69,"column":165}}],"line":69},"9":{"loc":{"start":{"line":78,"column":21},"end":{"line":78,"column":null}},"type":"cond-expr","locations":[{"start":{"line":78,"column":35},"end":{"line":78,"column":53}},{"start":{"line":78,"column":53},"end":{"line":78,"column":null}}],"line":78},"10":{"loc":{"start":{"line":80,"column":15},"end":{"line":80,"column":null}},"type":"cond-expr","locations":[{"start":{"line":80,"column":29},"end":{"line":80,"column":70}},{"start":{"line":80,"column":69},"end":{"line":80,"column":null}}],"line":80},"11":{"loc":{"start":{"line":84,"column":39},"end":{"line":84,"column":null}},"type":"cond-expr","locations":[{"start":{"line":84,"column":53},"end":{"line":84,"column":70}},{"start":{"line":84,"column":70},"end":{"line":84,"column":null}}],"line":84},"12":{"loc":{"start":{"line":95,"column":20},"end":{"line":97,"column":null}},"type":"cond-expr","locations":[{"start":{"line":96,"column":24},"end":{"line":96,"column":null}},{"start":{"line":97,"column":24},"end":{"line":97,"column":null}}],"line":95},"13":{"loc":{"start":{"line":99,"column":20},"end":{"line":101,"column":null}},"type":"cond-expr","locations":[{"start":{"line":100,"column":24},"end":{"line":100,"column":null}},{"start":{"line":101,"column":24},"end":{"line":101,"column":null}}],"line":99},"14":{"loc":{"start":{"line":104,"column":60},"end":{"line":104,"column":135}},"type":"cond-expr","locations":[{"start":{"line":104,"column":69},"end":{"line":104,"column":89}},{"start":{"line":104,"column":89},"end":{"line":104,"column":135}}],"line":104},"15":{"loc":{"start":{"line":105,"column":104},"end":{"line":105,"column":null}},"type":"cond-expr","locations":[{"start":{"line":105,"column":118},"end":{"line":105,"column":132}},{"start":{"line":105,"column":132},"end":{"line":105,"column":null}}],"line":105},"16":{"loc":{"start":{"line":115,"column":94},"end":{"line":115,"column":null}},"type":"cond-expr","locations":[{"start":{"line":115,"column":108},"end":{"line":115,"column":120}},{"start":{"line":115,"column":120},"end":{"line":115,"column":null}}],"line":115},"17":{"loc":{"start":{"line":116,"column":53},"end":{"line":116,"column":95}},"type":"cond-expr","locations":[{"start":{"line":116,"column":67},"end":{"line":116,"column":89}},{"start":{"line":116,"column":89},"end":{"line":116,"column":95}}],"line":116},"18":{"loc":{"start":{"line":118,"column":143},"end":{"line":118,"column":182}},"type":"cond-expr","locations":[{"start":{"line":118,"column":157},"end":{"line":118,"column":171}},{"start":{"line":118,"column":171},"end":{"line":118,"column":182}}],"line":118},"19":{"loc":{"start":{"line":130,"column":14},"end":{"line":132,"column":null}},"type":"cond-expr","locations":[{"start":{"line":131,"column":18},"end":{"line":131,"column":null}},{"start":{"line":132,"column":18},"end":{"line":132,"column":null}}],"line":130},"20":{"loc":{"start":{"line":136,"column":60},"end":{"line":136,"column":99}},"type":"cond-expr","locations":[{"start":{"line":136,"column":74},"end":{"line":136,"column":88}},{"start":{"line":136,"column":88},"end":{"line":136,"column":99}}],"line":136},"21":{"loc":{"start":{"line":144,"column":7},"end":{"line":148,"column":null}},"type":"binary-expr","locations":[{"start":{"line":144,"column":7},"end":{"line":144,"column":null}},{"start":{"line":145,"column":8},"end":{"line":148,"column":null}}],"line":144}},"s":{"0":0,"1":0,"2":0,"3":0,"4":0,"5":0,"6":0,"7":0,"8":0,"9":0,"10":0,"11":0,"12":0,"13":0,"14":0,"15":0,"16":0},"f":{"0":0,"1":0,"2":0,"3":0,"4":0,"5":0,"6":0,"7":0},"b":{"0":[0,0],"1":[0,0],"2":[0,0],"3":[0,0],"4":[0,0],"5":[0,0],"6":[0,0],"7":[0,0],"8":[0,0],"9":[0,0],"10":[0,0],"11":[0,0],"12":[0,0],"13":[0,0],"14":[0,0],"15":[0,0],"16":[0,0],"17":[0,0],"18":[0,0],"19":[0,0],"20":[0,0],"21":[0,0]},"meta":{"lastBranch":22,"lastFunction":8,"lastStatement":17,"seen":{"f:19:24:19:32":0,"s:20:19:20:31":0,"s:21:30:21:Infinity":1,"s:23:20:35:Infinity":2,"s:37:8:43:Infinity":3,"f:37:8:37:20":1,"b:38:4:41:Infinity:undefined:undefined:undefined:undefined":0,"s:38:4:41:Infinity":4,"s:40:6:40:Infinity":5,"b:40:13:40:61:40:61:40:Infinity":1,"s:42:4:42:Infinity":6,"s:45:2:150:Infinity":7,"f:50:10:50:25":2,"s:50:25:50:Infinity":8,"b:51:31:51:47:51:47:51:Infinity":2,"b:54:20:54:49:54:48:54:Infinity":3,"b:61:19:61:37:61:37:61:Infinity":4,"b:62:26:62:43:62:43:62:Infinity":5,"b:65:73:65:85:65:85:65:Infinity":6,"b:66:48:66:83:66:83:66:114":7,"b:69:140:69:154:69:154:69:165":8,"f:76:14:76:29":3,"s:76:29:76:Infinity":9,"b:78:35:78:53:78:53:78:Infinity":9,"b:80:29:80:70:80:69:80:Infinity":10,"b:84:53:84:70:84:70:84:Infinity":11,"f:85:23:85:28":4,"s:86:29:86:Infinity":10,"s:87:27:87:Infinity":11,"s:88:14:108:Infinity":12,"f:92:18:92:33":5,"s:92:33:92:Infinity":13,"b:96:24:96:Infinity:97:24:97:Infinity":12,"b:100:24:100:Infinity:101:24:101:Infinity":13,"b:104:69:104:89:104:89:104:135":14,"b:105:118:105:132:105:132:105:Infinity":15,"b:115:108:115:120:115:120:115:Infinity":16,"b:116:67:116:89:116:89:116:95":17,"b:118:157:118:171:118:171:118:182":18,"f:124:12:124:27":6,"s:125:14:125:Infinity":14,"s:126:14:126:Infinity":15,"b:131:18:131:Infinity:132:18:132:Infinity":19,"b:136:74:136:88:136:88:136:99":20,"b:144:7:144:Infinity:145:8:148:Infinity":21,"f:146:10:146:25":7,"s:146:25:146:Infinity":16},"fnNames":{}}}
,"/app/src/components/TaskChecklist.tsx": {"path":"/app/src/components/TaskChecklist.tsx","statementMap":{"0":{"start":{"line":28,"column":28},"end":{"line":28,"column":null}},"1":{"start":{"line":29,"column":32},"end":{"line":29,"column":null}},"2":{"start":{"line":30,"column":28},"end":{"line":30,"column":null}},"3":{"start":{"line":31,"column":40},"end":{"line":31,"column":null}},"4":{"start":{"line":32,"column":38},"end":{"line":32,"column":null}},"5":{"start":{"line":34,"column":20},"end":{"line":46,"column":null}},"6":{"start":{"line":35,"column":4},"end":{"line":45,"column":null}},"7":{"start":{"line":36,"column":6},"end":{"line":36,"column":null}},"8":{"start":{"line":37,"column":19},"end":{"line":37,"column":null}},"9":{"start":{"line":38,"column":6},"end":{"line":38,"column":null}},"10":{"start":{"line":39,"column":6},"end":{"line":39,"column":null}},"11":{"start":{"line":41,"column":6},"end":{"line":41,"column":26}},"12":{"start":{"line":41,"column":26},"end":{"line":41,"column":null}},"13":{"start":{"line":42,"column":6},"end":{"line":42,"column":null}},"14":{"start":{"line":44,"column":6},"end":{"line":44,"column":null}},"15":{"start":{"line":48,"column":2},"end":{"line":54,"column":null}},"16":{"start":{"line":49,"column":4},"end":{"line":53,"column":null}},"17":{"start":{"line":50,"column":6},"end":{"line":50,"column":null}},"18":{"start":{"line":52,"column":6},"end":{"line":52,"column":null}},"19":{"start":{"line":56,"column":21},"end":{"line":70,"column":null}},"20":{"start":{"line":57,"column":4},"end":{"line":57,"column":null}},"21":{"start":{"line":57,"column":44},"end":{"line":57,"column":null}},"22":{"start":{"line":58,"column":22},"end":{"line":58,"column":null}},"23":{"start":{"line":59,"column":4},"end":{"line":69,"column":null}},"24":{"start":{"line":61,"column":6},"end":{"line":61,"column":null}},"25":{"start":{"line":61,"column":30},"end":{"line":61,"column":80}},"26":{"start":{"line":63,"column":6},"end":{"line":63,"column":null}},"27":{"start":{"line":64,"column":6},"end":{"line":64,"column":null}},"28":{"start":{"line":64,"column":26},"end":{"line":64,"column":null}},"29":{"start":{"line":66,"column":6},"end":{"line":66,"column":26}},"30":{"start":{"line":66,"column":26},"end":{"line":66,"column":null}},"31":{"start":{"line":68,"column":6},"end":{"line":68,"column":null}},"32":{"start":{"line":68,"column":30},"end":{"line":68,"column":82}},"33":{"start":{"line":72,"column":24},"end":{"line":91,"column":null}},"34":{"start":{"line":73,"column":4},"end":{"line":73,"column":null}},"35":{"start":{"line":74,"column":4},"end":{"line":74,"column":null}},"36":{"start":{"line":74,"column":43},"end":{"line":74,"column":null}},"37":{"start":{"line":76,"column":4},"end":{"line":90,"column":null}},"38":{"start":{"line":77,"column":6},"end":{"line":77,"column":null}},"39":{"start":{"line":78,"column":22},"end":{"line":81,"column":null}},"40":{"start":{"line":82,"column":6},"end":{"line":82,"column":null}},"41":{"start":{"line":83,"column":6},"end":{"line":83,"column":null}},"42":{"start":{"line":84,"column":6},"end":{"line":84,"column":null}},"43":{"start":{"line":84,"column":26},"end":{"line":84,"column":null}},"44":{"start":{"line":86,"column":6},"end":{"line":86,"column":26}},"45":{"start":{"line":86,"column":26},"end":{"line":86,"column":null}},"46":{"start":{"line":87,"column":6},"end":{"line":87,"column":null}},"47":{"start":{"line":89,"column":6},"end":{"line":89,"column":null}},"48":{"start":{"line":93,"column":2},"end":{"line":100,"column":null}},"49":{"start":{"line":94,"column":4},"end":{"line":98,"column":null}},"50":{"start":{"line":102,"column":2},"end":{"line":169,"column":null}},"51":{"start":{"line":111,"column":27},"end":{"line":111,"column":null}},"52":{"start":{"line":112,"column":33},"end":{"line":112,"column":null}},"53":{"start":{"line":113,"column":12},"end":{"line":143,"column":null}},"54":{"start":{"line":116,"column":31},"end":{"line":116,"column":null}},"55":{"start":{"line":155,"column":27},"end":{"line":155,"column":null}}},"fnMap":{"0":{"name":"TaskChecklist","decl":{"start":{"line":27,"column":24},"end":{"line":27,"column":38}},"loc":{"start":{"line":27,"column":96},"end":{"line":171,"column":null}},"line":27},"1":{"name":"(anonymous_1)","decl":{"start":{"line":34,"column":20},"end":{"line":34,"column":32}},"loc":{"start":{"line":34,"column":32},"end":{"line":46,"column":null}},"line":34},"2":{"name":"(anonymous_2)","decl":{"start":{"line":48,"column":2},"end":{"line":48,"column":18}},"loc":{"start":{"line":48,"column":18},"end":{"line":54,"column":5}},"line":48},"3":{"name":"(anonymous_3)","decl":{"start":{"line":56,"column":21},"end":{"line":56,"column":28}},"loc":{"start":{"line":56,"column":43},"end":{"line":70,"column":null}},"line":56},"4":{"name":"(anonymous_4)","decl":{"start":{"line":61,"column":21},"end":{"line":61,"column":25}},"loc":{"start":{"line":61,"column":30},"end":{"line":61,"column":80}},"line":61},"5":{"name":"(anonymous_5)","decl":{"start":{"line":68,"column":21},"end":{"line":68,"column":25}},"loc":{"start":{"line":68,"column":30},"end":{"line":68,"column":82}},"line":68},"6":{"name":"(anonymous_6)","decl":{"start":{"line":72,"column":24},"end":{"line":72,"column":31}},"loc":{"start":{"line":72,"column":54},"end":{"line":91,"column":null}},"line":72},"7":{"name":"(anonymous_7)","decl":{"start":{"line":110,"column":17},"end":{"line":110,"column":21}},"loc":{"start":{"line":110,"column":29},"end":{"line":145,"column":11}},"line":110},"8":{"name":"(anonymous_8)","decl":{"start":{"line":116,"column":16},"end":{"line":116,"column":31}},"loc":{"start":{"line":116,"column":31},"end":{"line":116,"column":null}},"line":116},"9":{"name":"(anonymous_9)","decl":{"start":{"line":155,"column":12},"end":{"line":155,"column":22}},"loc":{"start":{"line":155,"column":27},"end":{"line":155,"column":null}},"line":155}},"branchMap":{"0":{"loc":{"start":{"line":49,"column":4},"end":{"line":53,"column":null}},"type":"if","locations":[{"start":{"line":49,"column":4},"end":{"line":53,"column":null}},{"start":{"line":51,"column":11},"end":{"line":53,"column":null}}],"line":49},"1":{"loc":{"start":{"line":49,"column":8},"end":{"line":49,"column":57}},"type":"binary-expr","locations":[{"start":{"line":49,"column":8},"end":{"line":49,"column":21}},{"start":{"line":49,"column":21},"end":{"line":49,"column":57}}],"line":49},"2":{"loc":{"start":{"line":57,"column":4},"end":{"line":57,"column":null}},"type":"if","locations":[{"start":{"line":57,"column":4},"end":{"line":57,"column":null}},{"start":{},"end":{}}],"line":57},"3":{"loc":{"start":{"line":57,"column":8},"end":{"line":57,"column":44}},"type":"binary-expr","locations":[{"start":{"line":57,"column":8},"end":{"line":57,"column":18}},{"start":{"line":57,"column":18},"end":{"line":57,"column":44}}],"line":57},"4":{"loc":{"start":{"line":58,"column":22},"end":{"line":58,"column":null}},"type":"cond-expr","locations":[{"start":{"line":58,"column":47},"end":{"line":58,"column":59}},{"start":{"line":58,"column":59},"end":{"line":58,"column":null}}],"line":58},"5":{"loc":{"start":{"line":61,"column":30},"end":{"line":61,"column":80}},"type":"cond-expr","locations":[{"start":{"line":61,"column":49},"end":{"line":61,"column":79}},{"start":{"line":61,"column":79},"end":{"line":61,"column":80}}],"line":61},"6":{"loc":{"start":{"line":64,"column":6},"end":{"line":64,"column":null}},"type":"if","locations":[{"start":{"line":64,"column":6},"end":{"line":64,"column":null}},{"start":{},"end":{}}],"line":64},"7":{"loc":{"start":{"line":68,"column":30},"end":{"line":68,"column":82}},"type":"cond-expr","locations":[{"start":{"line":68,"column":49},"end":{"line":68,"column":81}},{"start":{"line":68,"column":81},"end":{"line":68,"column":82}}],"line":68},"8":{"loc":{"start":{"line":74,"column":4},"end":{"line":74,"column":null}},"type":"if","locations":[{"start":{"line":74,"column":4},"end":{"line":74,"column":null}},{"start":{},"end":{}}],"line":74},"9":{"loc":{"start":{"line":74,"column":8},"end":{"line":74,"column":43}},"type":"binary-expr","locations":[{"start":{"line":74,"column":8},"end":{"line":74,"column":31}},{"start":{"line":74,"column":31},"end":{"line":74,"column":43}}],"line":74},"10":{"loc":{"start":{"line":84,"column":6},"end":{"line":84,"column":null}},"type":"if","locations":[{"start":{"line":84,"column":6},"end":{"line":84,"column":null}},{"start":{},"end":{}}],"line":84},"11":{"loc":{"start":{"line":93,"column":2},"end":{"line":100,"column":null}},"type":"if","locations":[{"start":{"line":93,"column":2},"end":{"line":100,"column":null}},{"start":{},"end":{}}],"line":93},"12":{"loc":{"start":{"line":104,"column":7},"end":{"line":104,"column":null}},"type":"binary-expr","locations":[{"start":{"line":104,"column":7},"end":{"line":104,"column":16}},{"start":{"line":104,"column":16},"end":{"line":104,"column":null}}],"line":104},"13":{"loc":{"start":{"line":106,"column":7},"end":{"line":146,"column":null}},"type":"cond-expr","locations":[{"start":{"line":107,"column":8},"end":{"line":109,"column":9}},{"start":{"line":109,"column":8},"end":{"line":146,"column":null}}],"line":106},"14":{"loc":{"start":{"line":116,"column":31},"end":{"line":116,"column":null}},"type":"binary-expr","locations":[{"start":{"line":116,"column":31},"end":{"line":116,"column":48}},{"start":{"line":116,"column":48},"end":{"line":116,"column":null}}],"line":116},"15":{"loc":{"start":{"line":118,"column":18},"end":{"line":118,"column":null}},"type":"cond-expr","locations":[{"start":{"line":118,"column":43},"end":{"line":118,"column":84}},{"start":{"line":118,"column":84},"end":{"line":118,"column":null}}],"line":118},"16":{"loc":{"start":{"line":118,"column":18},"end":{"line":118,"column":43}},"type":"binary-expr","locations":[{"start":{"line":118,"column":18},"end":{"line":118,"column":27}},{"start":{"line":118,"column":27},"end":{"line":118,"column":43}}],"line":118},"17":{"loc":{"start":{"line":120,"column":18},"end":{"line":122,"column":null}},"type":"cond-expr","locations":[{"start":{"line":121,"column":22},"end":{"line":121,"column":null}},{"start":{"line":122,"column":22},"end":{"line":122,"column":null}}],"line":120},"18":{"loc":{"start":{"line":124,"column":23},"end":{"line":124,"column":null}},"type":"cond-expr","locations":[{"start":{"line":124,"column":38},"end":{"line":124,"column":114}},{"start":{"line":124,"column":114},"end":{"line":124,"column":null}}],"line":124},"19":{"loc":{"start":{"line":127,"column":19},"end":{"line":130,"column":null}},"type":"cond-expr","locations":[{"start":{"line":128,"column":20},"end":{"line":130,"column":21}},{"start":{"line":130,"column":20},"end":{"line":130,"column":null}}],"line":127},"20":{"loc":{"start":{"line":128,"column":56},"end":{"line":128,"column":145}},"type":"cond-expr","locations":[{"start":{"line":128,"column":71},"end":{"line":128,"column":106}},{"start":{"line":128,"column":106},"end":{"line":128,"column":145}}],"line":128},"21":{"loc":{"start":{"line":130,"column":50},"end":{"line":130,"column":121}},"type":"cond-expr","locations":[{"start":{"line":130,"column":58},"end":{"line":130,"column":100}},{"start":{"line":130,"column":100},"end":{"line":130,"column":121}}],"line":130},"22":{"loc":{"start":{"line":134,"column":70},"end":{"line":134,"column":null}},"type":"cond-expr","locations":[{"start":{"line":134,"column":79},"end":{"line":134,"column":96}},{"start":{"line":134,"column":96},"end":{"line":134,"column":null}}],"line":134},"23":{"loc":{"start":{"line":137,"column":19},"end":{"line":142,"column":null}},"type":"binary-expr","locations":[{"start":{"line":137,"column":19},"end":{"line":137,"column":null}},{"start":{"line":138,"column":20},"end":{"line":142,"column":null}}],"line":137},"24":{"loc":{"start":{"line":149,"column":7},"end":{"line":167,"column":null}},"type":"binary-expr","locations":[{"start":{"line":149,"column":7},"end":{"line":149,"column":null}},{"start":{"line":150,"column":8},"end":{"line":167,"column":null}}],"line":149},"25":{"loc":{"start":{"line":165,"column":13},"end":{"line":165,"column":null}},"type":"cond-expr","locations":[{"start":{"line":165,"column":26},"end":{"line":165,"column":74}},{"start":{"line":165,"column":73},"end":{"line":165,"column":null}}],"line":165}},"s":{"0":0,"1":0,"2":0,"3":0,"4":0,"5":0,"6":0,"7":0,"8":0,"9":0,"10":0,"11":0,"12":0,"13":0,"14":0,"15":0,"16":0,"17":0,"18":0,"19":0,"20":0,"21":0,"22":0,"23":0,"24":0,"25":0,"26":0,"27":0,"28":0,"29":0,"30":0,"31":0,"32":0,"33":0,"34":0,"35":0,"36":0,"37":0,"38":0,"39":0,"40":0,"41":0,"42":0,"43":0,"44":0,"45":0,"46":0,"47":0,"48":0,"49":0,"50":0,"51":0,"52":0,"53":0,"54":0,"55":0},"f":{"0":0,"1":0,"2":0,"3":0,"4":0,"5":0,"6":0,"7":0,"8":0,"9":0},"b":{"0":[0,0],"1":[0,0],"2":[0,0],"3":[0,0],"4":[0,0],"5":[0,0],"6":[0,0],"7":[0,0],"8":[0,0],"9":[0,0],"10":[0,0],"11":[0,0],"12":[0,0],"13":[0,0],"14":[0,0],"15":[0,0],"16":[0,0],"17":[0,0],"18":[0,0],"19":[0,0],"20":[0,0],"21":[0,0],"22":[0,0],"23":[0,0],"24":[0,0],"25":[0,0]},"meta":{"lastBranch":26,"lastFunction":10,"lastStatement":56,"seen":{"f:27:24:27:38":0,"s:28:28:28:Infinity":0,"s:29:32:29:Infinity":1,"s:30:28:30:Infinity":2,"s:31:40:31:Infinity":3,"s:32:38:32:Infinity":4,"s:34:20:46:Infinity":5,"f:34:20:34:32":1,"s:35:4:45:Infinity":6,"s:36:6:36:Infinity":7,"s:37:19:37:Infinity":8,"s:38:6:38:Infinity":9,"s:39:6:39:Infinity":10,"s:41:6:41:26":11,"s:41:26:41:Infinity":12,"s:42:6:42:Infinity":13,"s:44:6:44:Infinity":14,"s:48:2:54:Infinity":15,"f:48:2:48:18":2,"b:49:4:53:Infinity:51:11:53:Infinity":0,"s:49:4:53:Infinity":16,"b:49:8:49:21:49:21:49:57":1,"s:50:6:50:Infinity":17,"s:52:6:52:Infinity":18,"s:56:21:70:Infinity":19,"f:56:21:56:28":3,"b:57:4:57:Infinity:undefined:undefined:undefined:undefined":2,"s:57:4:57:Infinity":20,"b:57:8:57:18:57:18:57:44":3,"s:57:44:57:Infinity":21,"s:58:22:58:Infinity":22,"b:58:47:58:59:58:59:58:Infinity":4,"s:59:4:69:Infinity":23,"s:61:6:61:Infinity":24,"f:61:21:61:25":4,"s:61:30:61:80":25,"b:61:49:61:79:61:79:61:80":5,"s:63:6:63:Infinity":26,"b:64:6:64:Infinity:undefined:undefined:undefined:undefined":6,"s:64:6:64:Infinity":27,"s:64:26:64:Infinity":28,"s:66:6:66:26":29,"s:66:26:66:Infinity":30,"s:68:6:68:Infinity":31,"f:68:21:68:25":5,"s:68:30:68:82":32,"b:68:49:68:81:68:81:68:82":7,"s:72:24:91:Infinity":33,"f:72:24:72:31":6,"s:73:4:73:Infinity":34,"b:74:4:74:Infinity:undefined:undefined:undefined:undefined":8,"s:74:4:74:Infinity":35,"b:74:8:74:31:74:31:74:43":9,"s:74:43:74:Infinity":36,"s:76:4:90:Infinity":37,"s:77:6:77:Infinity":38,"s:78:22:81:Infinity":39,"s:82:6:82:Infinity":40,"s:83:6:83:Infinity":41,"b:84:6:84:Infinity:undefined:undefined:undefined:undefined":10,"s:84:6:84:Infinity":42,"s:84:26:84:Infinity":43,"s:86:6:86:26":44,"s:86:26:86:Infinity":45,"s:87:6:87:Infinity":46,"s:89:6:89:Infinity":47,"b:93:2:100:Infinity:undefined:undefined:undefined:undefined":11,"s:93:2:100:Infinity":48,"s:94:4:98:Infinity":49,"s:102:2:169:Infinity":50,"b:104:7:104:16:104:16:104:Infinity":12,"b:107:8:109:9:109:8:146:Infinity":13,"f:110:17:110:21":7,"s:111:27:111:Infinity":51,"s:112:33:112:Infinity":52,"s:113:12:143:Infinity":53,"f:116:16:116:31":8,"s:116:31:116:Infinity":54,"b:116:31:116:48:116:48:116:Infinity":14,"b:118:43:118:84:118:84:118:Infinity":15,"b:118:18:118:27:118:27:118:43":16,"b:121:22:121:Infinity:122:22:122:Infinity":17,"b:124:38:124:114:124:114:124:Infinity":18,"b:128:20:130:21:130:20:130:Infinity":19,"b:128:71:128:106:128:106:128:145":20,"b:130:58:130:100:130:100:130:121":21,"b:134:79:134:96:134:96:134:Infinity":22,"b:137:19:137:Infinity:138:20:142:Infinity":23,"b:149:7:149:Infinity:150:8:167:Infinity":24,"f:155:12:155:22":9,"s:155:27:155:Infinity":55,"b:165:26:165:74:165:73:165:Infinity":25},"fnNames":{}}}
,"/app/src/pages/AdminDashboard.tsx": {"path":"/app/src/pages/AdminDashboard.tsx","statementMap":{"0":{"start":{"line":27,"column":6},"end":{"line":40,"column":null}},"1":{"start":{"line":28,"column":2},"end":{"line":40,"column":null}},"2":{"start":{"line":44,"column":19},"end":{"line":44,"column":null}},"3":{"start":{"line":45,"column":18},"end":{"line":45,"column":null}},"4":{"start":{"line":46,"column":34},"end":{"line":46,"column":null}},"5":{"start":{"line":47,"column":32},"end":{"line":47,"column":null}},"6":{"start":{"line":48,"column":28},"end":{"line":48,"column":null}},"7":{"start":{"line":50,"column":30},"end":{"line":62,"column":null}},"8":{"start":{"line":51,"column":4},"end":{"line":53,"column":null}},"9":{"start":{"line":52,"column":6},"end":{"line":52,"column":null}},"10":{"start":{"line":54,"column":4},"end":{"line":61,"column":null}},"11":{"start":{"line":55,"column":6},"end":{"line":55,"column":null}},"12":{"start":{"line":56,"column":6},"end":{"line":56,"column":null}},"13":{"start":{"line":57,"column":6},"end":{"line":57,"column":null}},"14":{"start":{"line":59,"column":6},"end":{"line":59,"column":26}},"15":{"start":{"line":59,"column":26},"end":{"line":59,"column":null}},"16":{"start":{"line":60,"column":6},"end":{"line":60,"column":null}},"17":{"start":{"line":65,"column":36},"end":{"line":65,"column":null}},"18":{"start":{"line":66,"column":38},"end":{"line":66,"column":null}},"19":{"start":{"line":67,"column":34},"end":{"line":76,"column":null}},"20":{"start":{"line":78,"column":28},"end":{"line":90,"column":null}},"21":{"start":{"line":79,"column":4},"end":{"line":89,"column":null}},"22":{"start":{"line":80,"column":6},"end":{"line":80,"column":null}},"23":{"start":{"line":80,"column":19},"end":{"line":80,"column":null}},"24":{"start":{"line":81,"column":19},"end":{"line":81,"column":39}},"25":{"start":{"line":82,"column":6},"end":{"line":82,"column":null}},"26":{"start":{"line":83,"column":6},"end":{"line":83,"column":null}},"27":{"start":{"line":85,"column":6},"end":{"line":85,"column":26}},"28":{"start":{"line":85,"column":26},"end":{"line":85,"column":null}},"29":{"start":{"line":86,"column":6},"end":{"line":86,"column":null}},"30":{"start":{"line":88,"column":6},"end":{"line":88,"column":null}},"31":{"start":{"line":88,"column":19},"end":{"line":88,"column":null}},"32":{"start":{"line":92,"column":2},"end":{"line":105,"column":null}},"33":{"start":{"line":93,"column":4},"end":{"line":93,"column":null}},"34":{"start":{"line":95,"column":24},"end":{"line":95,"column":null}},"35":{"start":{"line":96,"column":4},"end":{"line":100,"column":null}},"36":{"start":{"line":97,"column":6},"end":{"line":99,"column":null}},"37":{"start":{"line":98,"column":8},"end":{"line":98,"column":null}},"38":{"start":{"line":102,"column":4},"end":{"line":104,"column":null}},"39":{"start":{"line":103,"column":6},"end":{"line":103,"column":null}},"40":{"start":{"line":107,"column":8},"end":{"line":110,"column":null}},"41":{"start":{"line":108,"column":28},"end":{"line":108,"column":null}},"42":{"start":{"line":109,"column":4},"end":{"line":109,"column":null}},"43":{"start":{"line":109,"column":25},"end":{"line":109,"column":52}},"44":{"start":{"line":112,"column":23},"end":{"line":145,"column":null}},"45":{"start":{"line":113,"column":4},"end":{"line":113,"column":null}},"46":{"start":{"line":114,"column":4},"end":{"line":114,"column":null}},"47":{"start":{"line":114,"column":68},"end":{"line":114,"column":null}},"48":{"start":{"line":116,"column":4},"end":{"line":144,"column":null}},"49":{"start":{"line":117,"column":6},"end":{"line":117,"column":null}},"50":{"start":{"line":118,"column":22},"end":{"line":124,"column":null}},"51":{"start":{"line":126,"column":6},"end":{"line":126,"column":null}},"52":{"start":{"line":127,"column":6},"end":{"line":127,"column":null}},"53":{"start":{"line":128,"column":6},"end":{"line":137,"column":null}},"54":{"start":{"line":138,"column":6},"end":{"line":138,"column":null}},"55":{"start":{"line":140,"column":6},"end":{"line":140,"column":26}},"56":{"start":{"line":140,"column":26},"end":{"line":140,"column":null}},"57":{"start":{"line":141,"column":6},"end":{"line":141,"column":null}},"58":{"start":{"line":143,"column":6},"end":{"line":143,"column":null}},"59":{"start":{"line":148,"column":24},"end":{"line":148,"column":null}},"60":{"start":{"line":149,"column":25},"end":{"line":149,"column":null}},"61":{"start":{"line":149,"column":46},"end":{"line":149,"column":70}},"62":{"start":{"line":150,"column":28},"end":{"line":150,"column":null}},"63":{"start":{"line":150,"column":49},"end":{"line":150,"column":73}},"64":{"start":{"line":151,"column":23},"end":{"line":151,"column":null}},"65":{"start":{"line":151,"column":51},"end":{"line":151,"column":66}},"66":{"start":{"line":154,"column":30},"end":{"line":156,"column":null}},"67":{"start":{"line":155,"column":17},"end":{"line":155,"column":68}},"68":{"start":{"line":156,"column":24},"end":{"line":156,"column":39}},"69":{"start":{"line":158,"column":2},"end":{"line":165,"column":null}},"70":{"start":{"line":159,"column":4},"end":{"line":163,"column":null}},"71":{"start":{"line":167,"column":2},"end":{"line":523,"column":null}},"72":{"start":{"line":179,"column":25},"end":{"line":179,"column":null}},"73":{"start":{"line":271,"column":44},"end":{"line":277,"column":null}},"74":{"start":{"line":279,"column":18},"end":{"line":335,"column":null}},"75":{"start":{"line":326,"column":45},"end":{"line":326,"column":null}},"76":{"start":{"line":356,"column":31},"end":{"line":356,"column":null}},"77":{"start":{"line":487,"column":33},"end":{"line":487,"column":null}}},"fnMap":{"0":{"name":"(anonymous_0)","decl":{"start":{"line":27,"column":6},"end":{"line":27,"column":20}},"loc":{"start":{"line":28,"column":2},"end":{"line":40,"column":null}},"line":28},"1":{"name":"AdminDashboard","decl":{"start":{"line":43,"column":24},"end":{"line":43,"column":41}},"loc":{"start":{"line":43,"column":41},"end":{"line":525,"column":null}},"line":43},"2":{"name":"(anonymous_2)","decl":{"start":{"line":50,"column":30},"end":{"line":50,"column":37}},"loc":{"start":{"line":50,"column":66},"end":{"line":62,"column":null}},"line":50},"3":{"name":"(anonymous_3)","decl":{"start":{"line":78,"column":28},"end":{"line":78,"column":35}},"loc":{"start":{"line":78,"column":54},"end":{"line":90,"column":null}},"line":78},"4":{"name":"(anonymous_4)","decl":{"start":{"line":92,"column":2},"end":{"line":92,"column":18}},"loc":{"start":{"line":92,"column":18},"end":{"line":105,"column":5}},"line":92},"5":{"name":"(anonymous_5)","decl":{"start":{"line":96,"column":16},"end":{"line":96,"column":29}},"loc":{"start":{"line":96,"column":39},"end":{"line":100,"column":null}},"line":96},"6":{"name":"(anonymous_6)","decl":{"start":{"line":102,"column":4},"end":{"line":102,"column":17}},"loc":{"start":{"line":102,"column":17},"end":{"line":104,"column":null}},"line":102},"7":{"name":"(anonymous_7)","decl":{"start":{"line":107,"column":8},"end":{"line":107,"column":29}},"loc":{"start":{"line":107,"column":114},"end":{"line":110,"column":null}},"line":107},"8":{"name":"(anonymous_8)","decl":{"start":{"line":109,"column":4},"end":{"line":109,"column":16}},"loc":{"start":{"line":109,"column":25},"end":{"line":109,"column":52}},"line":109},"9":{"name":"(anonymous_9)","decl":{"start":{"line":112,"column":23},"end":{"line":112,"column":30}},"loc":{"start":{"line":112,"column":53},"end":{"line":145,"column":null}},"line":112},"10":{"name":"(anonymous_10)","decl":{"start":{"line":149,"column":34},"end":{"line":149,"column":41}},"loc":{"start":{"line":149,"column":46},"end":{"line":149,"column":70}},"line":149},"11":{"name":"(anonymous_11)","decl":{"start":{"line":150,"column":37},"end":{"line":150,"column":44}},"loc":{"start":{"line":150,"column":49},"end":{"line":150,"column":73}},"line":150},"12":{"name":"(anonymous_12)","decl":{"start":{"line":151,"column":32},"end":{"line":151,"column":40}},"loc":{"start":{"line":151,"column":51},"end":{"line":151,"column":66}},"line":151},"13":{"name":"(anonymous_13)","decl":{"start":{"line":155,"column":5},"end":{"line":155,"column":12}},"loc":{"start":{"line":155,"column":17},"end":{"line":155,"column":68}},"line":155},"14":{"name":"(anonymous_14)","decl":{"start":{"line":156,"column":5},"end":{"line":156,"column":13}},"loc":{"start":{"line":156,"column":24},"end":{"line":156,"column":39}},"line":156},"15":{"name":"(anonymous_15)","decl":{"start":{"line":179,"column":10},"end":{"line":179,"column":25}},"loc":{"start":{"line":179,"column":25},"end":{"line":179,"column":null}},"line":179},"16":{"name":"(anonymous_16)","decl":{"start":{"line":270,"column":26},"end":{"line":270,"column":30}},"
[...]
4":0,"65":0,"66":0,"67":0,"68":0,"69":0,"70":0,"71":0,"72":0,"73":0},"b":{"0":[2,5],"1":[7,6],"2":[2,3],"3":[5,4],"4":[4,0],"5":[0],"6":[0,0],"7":[0,0],"8":[0,0,0],"9":[0],"10":[0],"11":[0,0],"12":[0,0,0],"13":[0,0],"14":[0,0],"15":[0,0],"16":[0,0],"17":[0,0,0],"18":[0,0],"19":[0,0],"20":[0,0],"21":[0,0],"22":[0,0],"23":[0,0],"24":[0,0],"25":[0,0],"26":[0,0],"27":[0,0],"28":[0,0],"29":[0,0],"30":[0,0,0],"31":[0,0],"32":[0,0],"33":[0,0],"34":[0,0],"35":[0,0],"36":[0,0],"37":[0,0],"38":[0,4],"39":[4,0],"40":[4,0,0],"41":[0,0],"42":[0,0],"43":[4,0],"44":[0,0],"45":[0,0],"46":[0,0],"47":[0,0],"48":[0,0],"49":[0,0],"50":[0,0],"51":[0,0],"52":[0,0],"53":[0,0],"54":[0,0],"55":[0],"56":[0,0],"57":[0,0],"58":[0,0],"59":[0],"60":[0,0],"61":[0],"62":[0,0],"63":[0,0],"64":[0,0],"65":[0,0],"66":[0,0],"67":[0,0],"68":[0,0],"69":[0,0],"70":[0,0],"71":[0,0],"72":[0,0],"73":[0,0],"74":[0,0],"75":[0,0],"76":[0,0],"77":[0,0],"78":[0,0],"79":[0,0],"80":[0,0],"81":[0,0],"82":[0,0],"83":[0,0],"84":[0,0],"85":[0,0],"86":[0,0],"87":[0,0],"88":[0,0],"89":[0,0],"90":[0,0],"91":[0,0],"92":[0,0],"93":[0,0],"94":[0,0],"95":[0,0],"96":[0,0],"97":[0,0],"98":[0,0],"99":[0,0],"100":[0,0],"101":[0,0],"102":[0,0],"103":[0,0],"104":[0,0],"105":[0,0],"106":[0,0],"107":[0,0],"108":[0,0],"109":[0,0],"110":[0,0],"111":[0,0],"112":[0,0],"113":[0,0],"114":[0,0],"115":[0,0],"116":[0,0],"117":[0,0],"118":[0,0],"119":[0],"120":[0,0],"121":[0],"122":[0,0],"123":[0],"124":[0,0],"125":[0],"126":[0,0]},"meta":{"lastBranch":127,"lastFunction":74,"lastStatement":381,"seen":{"s:2:13:14:Infinity":0,"f:2:13:2:38":0,"s:3:19:3:Infinity":1,"b:4:2:6:Infinity:undefined:undefined:undefined:undefined":0,"s:4:2:6:Infinity":2,"b:4:6:4:34:4:34:4:60":1,"s:5:4:5:Infinity":3,"b:8:2:10:Infinity:undefined:undefined:undefined:undefined":2,"s:8:2:10:Infinity":4,"b:8:6:8:46:8:46:8:78":3,"s:9:4:9:Infinity":5,"s:13:2:13:Infinity":6,"s:16:24:16:Infinity":7,"b:16:24:16:56:16:56:16:Infinity":4,"f:18:9:18:20":1,"b:18:49:18:69":5,"s:19:42:19:Infinity":8,"b:20:2:22:Infinity:undefined:undefined:undefined:undefined":6,"s:20:2:22:Infinity":9,"s:21:4:21:Infinity":10,"s:23:16:23:Infinity":11,"b:24:2:26:Infinity:undefined:undefined:undefined:undefined":7,"s:24:2:26:Infinity":12,"b:24:6:24:15:24:15:24:35:24:35:24:58":8,"s:25:4:25:Infinity":13,"s:27:2:27:Infinity":14,"f:30:22:30:Infinity":2,"b:32:25:32:Infinity":9,"b:33:31:33:Infinity":10,"s:35:16:35:Infinity":15,"b:36:2:43:Infinity:undefined:undefined:undefined:undefined":11,"s:36:2:43:Infinity":16,"b:36:6:36:16:36:16:36:36:36:36:36:59":12,"s:37:4:37:Infinity":17,"s:38:4:38:Infinity":18,"b:39:4:41:Infinity:undefined:undefined:undefined:undefined":13,"s:39:4:41:Infinity":19,"s:40:6:40:Infinity":20,"s:42:4:42:Infinity":21,"s:45:24:48:Infinity":22,"b:47:8:47:27:47:27:47:Infinity":14,"s:51:2:51:Infinity":23,"s:53:17:56:Infinity":24,"b:58:2:112:Infinity:undefined:undefined:undefined:undefined":15,"s:58:2:112:Infinity":25,"s:59:30:59:Infinity":26,"s:60:25:60:Infinity":27,"b:61:4:98:Infinity:undefined:undefined:undefined:undefined":16,"s:61:4:98:Infinity":28,"b:61:8:61:24:61:24:61:51:61:51:61:81":17,"s:62:6:97:Infinity":29,"s:63:27:67:Infinity":30,"b:69:8:94:Infinity:undefined:undefined:undefined:undefined":18,"s:69:8:94:Infinity":31,"s:70:30:70:Infinity":32,"b:71:10:93:Infinity:undefined:undefined:undefined:undefined":19,"s:71:10:93:Infinity":33,"b:71:14:71:29:71:29:71:55":20,"s:72:12:72:Infinity":34,"b:73:12:75:Infinity:undefined:undefined:undefined:undefined":21,"s:73:12:75:Infinity":35,"s:74:14:74:Infinity":36,"b:76:12:78:Infinity:undefined:undefined:undefined:undefined":22,"s:76:12:78:Infinity":37,"s:77:14:77:Infinity":38,"s:80:12:80:Infinity":39,"s:81:12:81:Infinity":40,"s:84:12:84:Infinity":41,"s:85:12:88:Infinity":42,"s:92:12:92:Infinity":43,"s:96:8:96:53":44,"s:96:53:96:Infinity":45,"b:101:4:103:Infinity:undefined:undefined:undefined:undefined":23,"s:101:4:103:Infinity":46,"s:102:6:102:Infinity":47,"s:105:4:105:Infinity":48,"s:106:4:106:Infinity":49,"s:107:4:107:Infinity":50,"b:108:4:110:Infinity:undefined:undefined:undefined:undefined":24,"s:108:4:110:Infinity":51,"s:109:6:109:Infinity":52,"s:111:4:111:Infinity":53,"s:114:2:114:Infinity":54,"s:121:29:121:Infinity":55,"f:123:16:123:29":3,"s:124:2:131:Infinity":56,"s:125:18:125:Infinity":57,"b:126:4:126:Infinity:undefined:undefined:undefined:undefined":25,"s:126:4:126:Infinity":58,"s:126:28:126:Infinity":59,"s:127:20:127:Infinity":60,"s:128:4:128:Infinity":61,"b:128:11:128:26:128:26:128:Infinity":26,"s:130:4:130:Infinity":62,"f:134:16:134:47":4,"s:135:2:135:Infinity":63,"s:136:2:136:Infinity":64,"s:137:2:137:Infinity":65,"b:138:2:140:Infinity:undefined:undefined:undefined:undefined":27,"s:138:2:140:Infinity":66,"b:138:6:138:39:138:39:138:87":28,"s:139:4:139:Infinity":67,"f:143:22:143:77":5,"s:144:23:144:Infinity":68,"b:145:2:148:Infinity:undefined:undefined:undefined:undefined":29,"s:145:2:148:Infinity":69,"b:145:6:145:23:145:23:145:50:145:50:145:80":30,"s:146:4:146:Infinity":70,"s:147:4:147:Infinity":71,"s:150:2:178:Infinity":72,"s:151:16:155:Infinity":73,"b:157:4:175:Infinity:172:11:175:Infinity":31,"s:157:4:175:Infinity":74,"s:158:19:158:Infinity":75,"b:159:6:171:Infinity:undefined:undefined:undefined:undefined":32,"s:159:6:171:Infinity":76,"b:159:10:159:18:159:18:159:37":33,"s:160:8:160:Infinity":77,"b:161:8:163:Infinity:undefined:undefined:undefined:undefined":34,"s:161:8:163:Infinity":78,"s:162:10:162:Infinity":79,"b:164:8:166:Infinity:undefined:undefined:undefined:undefined":35,"s:164:8:166:Infinity":80,"s:165:10:165:Infinity":81,"s:167:8:167:Infinity":82,"s:168:8:168:Infinity":83,"s:169:8:169:Infinity":84,"s:170:8:170:Infinity":85,"b:172:11:175:Infinity:undefined:undefined:undefined:undefined":36,"s:172:11:175:Infinity":86,"b:172:15:172:37:172:37:172:57":37,"s:173:6:173:Infinity":87,"s:174:6:174:Infinity":88,"s:177:4:177:86":89,"s:177:86:177:Infinity":90,"s:179:2:179:Infinity":91,"f:182:16:182:49":6,"b:183:2:186:Infinity:undefined:undefined:undefined:undefined":38,"s:183:2:186:Infinity":92,"s:184:4:184:Infinity":93,"s:185:4:185:Infinity":94,"s:188:16:188:Infinity":95,"b:189:2:189:Infinity:undefined:undefined:undefined:undefined":39,"s:189:2:189:Infinity":96,"b:189:6:189:16:189:16:189:36:189:36:189:59":40,"s:189:59:189:Infinity":97,"s:191:14:191:Infinity":98,"b:192:2:192:Infinity:undefined:undefined:undefined:undefined":41,"s:192:2:192:Infinity":99,"s:192:12:192:Infinity":100,"s:194:23:194:Infinity":101,"s:195:27:195:Infinity":102,"b:197:2:200:Infinity:undefined:undefined:undefined:undefined":42,"s:197:2:200:Infinity":103,"s:198:4:198:Infinity":104,"s:199:4:199:Infinity":105,"s:203:26:203:Infinity":106,"s:204:25:204:Infinity":107,"s:205:18:205:Infinity":108,"s:207:2:207:Infinity":109,"s:209:2:211:Infinity":110,"f:209:22:209:39":7,"s:210:4:210:Infinity":111,"b:215:0:217:Infinity:undefined:undefined:undefined:undefined":43,"s:215:0:217:Infinity":112,"s:216:2:216:Infinity":113,"f:219:22:219:32":8,"s:220:14:224:Infinity":114,"b:225:2:228:Infinity:undefined:undefined:undefined:undefined":44,"s:225:2:228:Infinity":115,"s:226:22:226:Infinity":116,"f:226:39:226:52":9,"s:226:52:226:55":117,"s:227:4:227:Infinity":118,"b:227:20:227:40:227:40:227:55":45,"s:229:15:229:Infinity":119,"b:230:2:236:Infinity:undefined:undefined:undefined:undefined":46,"s:230:2:236:Infinity":120,"b:230:6:230:14:230:14:230:33":47,"s:231:4:231:Infinity":121,"b:232:4:234:Infinity:undefined:undefined:undefined:undefined":48,"s:232:4:234:Infinity":122,"s:233:6:233:Infinity":123,"s:235:4:235:Infinity":124,"s:237:2:237:Infinity":125,"f:240:22:240:38":10,"s:241:14:241:Infinity":126,"b:242:2:242:Infinity:undefined:undefined:undefined:undefined":49,"s:242:2:242:Infinity":127,"s:242:15:242:Infinity":128,"s:243:2:243:Infinity":129,"f:246:22:246:35":11,"s:247:14:247:Infinity":130,"b:248:2:248:Infinity:undefined:undefined:undefined:undefined":50,"s:248:2:248:Infinity":131,"s:248:15:248:Infinity":132,"s:249:2:249:Infinity":133,"f:252:22:252:36":12,"s:253:14:256:Infinity":134,"b:257:2:257:Infinity:undefined:undefined:undefined:undefined":51,"s:257:2:257:Infinity":135,"s:257:15:257:Infinity":136,"s:258:2:258:Infinity":137,"f:261:22:261:36":13,"s:262:14:265:Infinity":138,"b:266:2:266:Infinity:undefined:undefined:undefined:undefined":52,"s:266:2:266:Infinity":139,"s:266:15:266:Infinity":140,"s:267:2:267:Infinity":141,"f:270:22:270:36":14,"s:271:14:273:Infinity":142,"b:274:2:277:Infinity:undefined:undefined:undefined:undefined":53,"s:274:2:277:Infinity":143,"s:275:22:275:Infinity":144,"f:275:39:275:52":15,"s:275:52:275:55":145,"s:276:4:276:Infinity":146,"b:276:20:276:40:276:40:276:66":54,"s:278:2:278:Infinity":147,"f:343:22:343:41":16,"b:343:91:343:102":55,"s:344:19:344:Infinity":148,"s:345:2:345:Infinity":149,"s:346:2:346:Infinity":150,"s:347:2:347:Infinity":151,"s:349:16:349:Infinity":152,"s:350:42:350:Infinity":153,"b:351:2:353:Infinity:undefined:undefined:undefined:undefined":56,"s:351:2:353:Infinity":154,"s:352:4:352:Infinity":155,"s:355:14:359:Infinity":156,"b:361:2:364:Infinity:undefined:undefined:undefined:undefined":57,"s:361:2:364:Infinity":157,"s:362:22:362:Infinity":158,"f:362:39:362:52":17,"s:362:52:362:55":159,"s:363:4:363:Infinity":160,"b:363:20:363:40:363:40:363:75":58,"s:365:2:365:Infinity":161,"f:368:22:368:43":18,"b:368:62:368:99":59,"s:369:14:369:Infinity":162,"b:370:2:370:Infinity:undefined:undefined:undefined:undefined":60,"s:370:2:370:Infinity":163,"s:370:15:370:Infinity":164,"s:371:2:371:Infinity":165,"f:374:22:374:44":19,"b:374:90:374:127":61,"s:375:14:378:Infinity":166,"b:379:2:382:Infinity:undefined:undefined:undefined:undefined":62,"s:379:2:382:Infinity":167,"s:380:20:380:Infinity":168,"f:380:37:380:50":20,"s:380:50:380:53":169,"s:381:4:381:Infinity":170,"b:381:20:381:38:381:38:381:81":63,"s:383:2:383:Infinity":171,"f:386:22:386:41":21,"s:388:14:388:Infinity":172,"b:389:2:389:Infinity:undefined:undefined:undefined:undefined":64,"s:389:2:389:Infinity":173,"s:389:15:389:Infinity":174,"s:390:2:390:Infinity":175,"f:393:22:393:33":22,"s:394:14:394:Infinity":176,"b:395:2:395:Infinity:undefined:undefined:undefined:undefined":65,"s:395:2:395:Infinity":177,"s:395:15:395:Infinity":178,"s:396:2:396:Infinity":179,"f:399:22:399:33":23,"s:400:14:403:Infinity":180,"b:404:2:404:Infinity:undefined:undefined:undefined:undefined":66,"s:404:2:404:Infinity":181,"s:404:15:404:Infinity":182,"s:405:2:405:Infinity":183,"f:408:22:408:33":24,"s:409:14:412:Infinity":184,"b:413:2:413:Infinity:undefined:undefined:undefined:undefined":67,"s:413:2:413:Infinity":185,"s:413:15:413:Infinity":186,"s:414:2:414:Infinity":187,"f:417:22:417:34":25,"s:418:14:418:Infinity":188,"b:419:2:419:Infinity:undefined:undefined:undefined:undefined":68,"s:419:2:419:Infinity":189,"s:419:15:419:Infinity":190,"s:420:2:420:Infinity":191,"f:423:22:423:34":26,"s:424:19:424:Infinity":192,"s:425:2:425:Infinity":193,"s:426:2:426:Infinity":194,"s:428:14:435:Infinity":195,"b:436:2:436:Infinity:undefined:undefined:undefined:undefined":69,"s:436:2:436:Infinity":196,"s:436:15:436:Infinity":197,"s:437:2:437:Infinity":198,"f:440:22:440:35":27,"s:441:14:441:Infinity":199,"b:442:2:442:Infinity:undefined:undefined:undefined:undefined":70,"s:442:2:442:Infinity":200,"s:442:15:442:Infinity":201,"s:443:2:443:Infinity":202,"f:446:22:446:35":28,"s:447:14:447:Infinity":203,"b:448:2:448:Infinity:undefined:undefined:undefined:undefined":71,"s:448:2:448:Infinity":204,"s:448:15:448:Infinity":205,"s:449:2:449:Infinity":206,"f:452:22:452:37":29,"s:461:14:465:Infinity":207,"b:466:2:469:Infinity:undefined:undefined:undefined:undefined":72,"s:466:2:469:Infinity":208,"s:467:22:467:Infinity":209,"f:467:39:467:52":30,"s:467:52:467:55":210,"s:468:4:468:Infinity":211,"b:468:20:468:40:468:40:468:67":73,"s:470:2:470:Infinity":212,"f:473:22:473:42":31,"s:474:14:474:Infinity":213,"b:475:2:475:Infinity:undefined:undefined:undefined:undefined":74,"s:475:2:475:Infinity":214,"s:475:15:475:Infinity":215,"s:476:2:476:Infinity":216,"f:480:16:480:40":32,"s:481:16:481:Infinity":217,"b:482:2:482:Infinity:undefined:undefined:undefined:undefined":75,"s:482:2:482:Infinity":218,"s:482:14:482:Infinity":219,"s:483:2:490:Infinity":220,"s:484:18:484:Infinity":221,"b:485:4:485:Infinity:undefined:undefined:undefined:undefined":76,"s:485:4:485:Infinity":222,"s:485:28:485:Infinity":223,"s:486:20:486:Infinity":224,"s:487:4:487:Infinity":225,"b:487:11:487:32:487:32:487:Infinity":77,"s:489:4:489:Infinity":226,"f:493:16:493:38":33,"s:494:16:494:Infinity":227,"b:495:2:495:Infinity:undefined:undefined:undefined:undefined":78,"s:495:2:495:Infinity":228,"s:495:14:495:Infinity":229,"s:496:2:504:Infinity":230,"s:497:18:497:Infinity":231,"b:498:4:498:Infinity:undefined:undefined:undefined:undefined":79,"s:498:4:498:Infinity":232,"s:498:28:498:Infinity":233,"s:499:20:499:Infinity":234,"s:500:4:500:Infinity":235,"b:500:11:500:27:500:27:500:Infinity":80,"s:502:4:502:48":236,"s:502:48:502:Infinity":237,"s:503:4:503:Infinity":238,"f:507:22:507:46":34,"s:508:14:508:Infinity":239,"b:509:2:509:Infinity:undefined:undefined:undefined:undefined":81,"s:509:2:509:Infinity":240,"s:509:15:509:Infinity":241,"s:510:2:510:Infinity":242,"f:513:22:513:44":35,"s:514:14:517:Infinity":243,"b:518:2:521:Infinity:undefined:undefined:undefined:undefined":82,"s:518:2:521:Infinity":244,"s:519:20:519:Infinity":245,"f:519:37:519:50":36,"s:519:50:519:53":246,"s:520:4:520:Infinity":247,"b:520:20:520:38:520:38:520:63":83,"s:522:2:522:Infinity":248,"f:525:22:525:45":37,"s:526:14:528:Infinity":249,"b:529:2:532:Infinity:undefined:undefined:undefined:undefined":84,"s:529:2:532:Infinity":250,"s:530:20:530:Infinity":251,"f:530:37:530:50":38,"s:530:50:530:53":252,"s:531:4:531:Infinity":253,"b:531:20:531:38:531:38:531:69":85,"s:533:2:533:Infinity":254,"f:536:22:536:47":39,"s:537:14:537:Infinity":255,"b:538:2:541:Infinity:undefined:undefined:undefined:undefined":86,"s:538:2:541:Infinity":256,"s:539:20:539:Infinity":257,"f:539:37:539:50":40,"s:539:50:539:53":258,"s:540:4:540:Infinity":259,"b:540:20:540:38:540:38:540:76":87,"s:542:2:542:Infinity":260,"f:545:22:545:49":41,"s:546:14:546:Infinity":261,"b:547:2:550:Infinity:undefined:undefined:undefined:undefined":88,"s:547:2:550:Infinity":262,"s:548:20:548:Infinity":263,"f:548:37:548:50":42,"s:548:50:548:53":264,"s:549:4:549:Infinity":265,"b:549:20:549:38:549:38:549:80":89,"s:551:2:551:Infinity":266,"f:554:22:554:52":43,"s:555:14:558:Infinity":267,"b:559:2:562:Infinity:undefined:undefined:undefined:undefined":90,"s:559:2:562:Infinity":268,"s:560:20:560:Infinity":269,"f:560:37:560:50":44,"s:560:50:560:53":270,"s:561:4:561:Infinity":271,"b:561:20:561:38:561:38:561:83":91,"s:563:2:563:Infinity":272,"f:566:22:566:48":45,"s:567:14:569:Infinity":273,"b:570:2:573:Infinity:undefined:undefined:undefined:undefined":92,"s:570:2:573:Infinity":274,"s:571:20:571:Infinity":275,"f:571:37:571:50":46,"s:571:50:571:53":276,"s:572:4:572:Infinity":277,"b:572:20:572:38:572:38:572:68":93,"s:574:2:574:Infinity":278,"f:577:22:577:44":47,"s:578:14:580:Infinity":279,"b:581:2:584:Infinity:undefined:undefined:undefined:undefined":94,"s:581:2:584:Infinity":280,"s:582:20:582:Infinity":281,"f:582:37:582:50":48,"s:582:50:582:53":282,"s:583:4:583:Infinity":283,"b:583:20:583:38:583:38:583:64":95,"s:585:2:585:Infinity":284,"f:588:22:588:42":49,"s:589:14:592:Infinity":285,"b:593:2:596:Infinity:undefined:undefined:undefined:undefined":96,"s:593:2:596:Infinity":286,"s:594:20:594:Infinity":287,"f:594:37:594:50":50,"s:594:50:594:53":288,"s:595:4:595:Infinity":289,"b:595:20:595:38:595:38:595:68":97,"s:597:2:597:Infinity":290,"f:600:22:600:43":51,"s:601:14:603:Infinity":291,"b:604:2:607:Infinity:undefined:undefined:undefined:undefined":98,"s:604:2:607:Infinity":292,"s:605:20:605:Infinity":293,"f:605:37:605:50":52,"s:605:50:605:53":294,"s:606:4:606:Infinity":295,"b:606:20:606:38:606:38:606:71":99,"s:608:2:608:Infinity":296,"f:615:22:615:87":53,"s:616:14:616:Infinity":297,"b:617:2:617:Infinity:undefined:undefined:undefined:undefined":100,"s:617:2:617:Infinity":298,"s:617:15:617:Infinity":299,"s:618:2:618:Infinity":300,"f:621:22:621:43":54,"s:622:14:625:Infinity":301,"b:626:2:629:Infinity:undefined:undefined:undefined:undefined":101,"s:626:2:629:Infinity":302,"s:627:20:627:Infinity":303,"f:627:37:627:50":55,"s:627:50:627:53":304,"s:628:4:628:Infinity":305,"b:628:20:628:38:628:38:628:78":102,"s:630:2:630:Infinity":306,"f:637:22:637:42":56,"s:643:14:646:Infinity":307,"b:647:2:650:Infinity:undefined:undefined:undefined:undefined":103,"s:647:2:650:Infinity":308,"s:648:20:648:Infinity":309,"f:648:37:648:50":57,"s:648:50:648:53":310,"s:649:4:649:Infinity":311,"b:649:20:649:38:649:38:649:65":104,"s:651:2:651:Infinity":312,"f:658:22:658:Infinity":58,"s:664:14:664:Infinity":313,"b:665:2:665:Infinity:undefined:undefined:undefined:undefined":105,"s:665:2:665:Infinity":314,"s:665:15:665:Infinity":315,"s:666:2:666:Infinity":316,"f:669:22:669:38":59,"s:675:14:678:Infinity":317,"b:679:2:682:Infinity:undefined:undefined:undefined:undefined":106,"s:679:2:682:Infinity":318,"s:680:20:680:Infinity":319,"f:680:37:680:50":60,"s:680:50:680:53":320,"s:681:4:681:Infinity":321,"b:681:20:681:38:681:38:681:68":107,"s:683:2:683:Infinity":322,"f:686:22:686:Infinity":61,"s:692:14:694:Infinity":323,"b:695:2:698:Infinity:undefined:undefined:undefined:undefined":108,"s:695:2:698:Infinity":324,"s:696:20:696:Infinity":325,"f:696:37:696:50":62,"s:696:50:696:53":326,"s:697:4:697:Infinity":327,"b:697:20:697:38:697:38:697:77":109,"s:699:2:699:Infinity":328,"f:706:22:706:38":63,"s:707:14:707:Infinity":329,"b:708:2:708:Infinity:undefined:undefined:undefined:undefined":110,"s:708:2:708:Infinity":330,"s:708:15:708:Infinity":331,"s:709:2:709:Infinity":332,"f:712:22:712:43":64,"s:713:14:713:Infinity":333,"b:714:2:714:Infinity:undefined:undefined:undefined:undefined":111,"s:714:2:714:Infinity":334,"s:714:15:714:Infinity":335,"s:715:2:715:Infinity":336,"f:718:22:718:39":65,"s:719:16:719:Infinity":337,"b:719:28:719:77:719:77:719:Infinity":112,"s:720:14:720:Infinity":338,"b:721:2:721:Infinity:undefined:undefined:undefined:undefined":113,"s:721:2:721:Infinity":339,"s:721:15:721:Infinity":340,"s:722:2:722:Infinity":341,"f:725:22:725:45":66,"s:731:14:739:Infinity":342,"b:735:13:735:30:735:30:735:Infinity":114,"b:740:2:743:Infinity:undefined:undefined:undefined:undefined":115,"s:740:2:743:Infinity":343,"s:741:20:741:Infinity":344,"f:741:37:741:50":67,"s:741:50:741:53":345,"s:742:4:742:Infinity":346,"b:742:20:742:38:742:38:742:65":116,"s:744:2:744:Infinity":347,"f:747:22:747:43":68,"s:758:14:761:Infinity":348,"b:762:2:765:Infinity:undefined:undefined:undefined:undefined":117,"s:762:2:765:Infinity":349,"s:763:20:763:Infinity":350,"f:763:37:763:50":69,"s:763:50:763:53":351,"s:764:4:764:Infinity":352,"b:764:20:764:38:764:38:764:73":118,"s:766:2:766:Infinity":353,"s:775:29:783:Infinity":354,"f:775:29:775:36":70,"b:775:55:775:90":119,"s:776:18:776:Infinity":355,"s:777:2:777:Infinity":356,"s:778:19:780:Infinity":357,"b:781:2:781:Infinity:undefined:undefined:undefined:undefined":120,"s:781:2:781:Infinity":358,"s:781:20:781:Infinity":359,"s:782:2:782:Infinity":360,"s:785:29:795:Infinity":361,"f:785:29:785:36":71,"b:785:74:785:107":121,"s:786:18:786:Infinity":362,"s:787:2:787:Infinity":363,"s:788:19:792:Infinity":364,"b:793:2:793:Infinity:undefined:undefined:undefined:undefined":122,"s:793:2:793:Infinity":365,"s:793:20:793:Infinity":366,"s:794:2:794:Infinity":367,"s:797:29:807:Infinity":368,"f:797:29:797:36":72,"b:797:86:797:119":123,"s:798:18:798:Infinity":369,"s:799:2:799:Infinity":370,"s:800:19:804:Infinity":371,"b:805:2:805:Infinity:undefined:undefined:undefined:undefined":124,"s:805:2:805:Infinity":372,"s:805:20:805:Infinity":373,"s:806:2:806:Infinity":374,"s:809:29:817:Infinity":375,"f:809:29:809:36":73,"b:809:67:809:96":125,"s:810:18:810:Infinity":376,"s:811:2:811:Infinity":377,"s:812:19:815:Infinity":378,"b:816:2:816:Infinity:undefined:undefined:undefined:undefined":126,"s:816:2:816:Infinity":379,"s:816:20:816:Infinity":380},"fnNames":{}}}
}
